ERROR - 2023-06-07 01:47:19 --> mysqli_sql_exception: Table 'db_film.film' doesn't exist in C:\xampp\htdocs\MI4CApp\system\Database\MySQLi\Connection.php:295
Stack trace:
#0 C:\xampp\htdocs\MI4CApp\system\Database\MySQLi\Connection.php(295): mysqli->query('SELECT *\nFROM `...', 0)
#1 C:\xampp\htdocs\MI4CApp\system\Database\BaseConnection.php(692): CodeIgniter\Database\MySQLi\Connection->execute('SELECT *\nFROM `...')
#2 C:\xampp\htdocs\MI4CApp\system\Database\BaseConnection.php(606): CodeIgniter\Database\BaseConnection->simpleQuery('SELECT *\nFROM `...')
#3 C:\xampp\htdocs\MI4CApp\system\Database\BaseBuilder.php(1616): CodeIgniter\Database\BaseConnection->query('SELECT *\nFROM `...', Array, false)
#4 C:\xampp\htdocs\MI4CApp\system\Model.php(241): CodeIgniter\Database\BaseBuilder->get()
#5 C:\xampp\htdocs\MI4CApp\system\BaseModel.php(618): CodeIgniter\Model->doFindAll(0, 0)
#6 C:\xampp\htdocs\MI4CApp\app\Models\FilmModel.php(48): CodeIgniter\BaseModel->findAll()
#7 C:\xampp\htdocs\MI4CApp\app\Controllers\Film.php(29): App\Models\FilmModel->getAllDdata()
#8 C:\xampp\htdocs\MI4CApp\system\CodeIgniter.php(934): App\Controllers\Film->All()
#9 C:\xampp\htdocs\MI4CApp\system\CodeIgniter.php(499): CodeIgniter\CodeIgniter->runController(Object(App\Controllers\Film))
#10 C:\xampp\htdocs\MI4CApp\system\CodeIgniter.php(368): CodeIgniter\CodeIgniter->handleRequest(NULL, Object(Config\Cache), false)
#11 C:\xampp\htdocs\MI4CApp\public\index.php(67): CodeIgniter\CodeIgniter->run()
#12 C:\xampp\htdocs\MI4CApp\system\Commands\Server\rewrite.php(47): require_once('C:\\xampp\\htdocs...')
#13 {main}
CRITICAL - 2023-06-07 01:47:19 --> Table 'db_film.film' doesn't exist
in SYSTEMPATH\Database\MySQLi\Connection.php on line 295.
 1 SYSTEMPATH\Database\MySQLi\Connection.php(295): mysqli->query('SELECT *
FROM `film`', 0)
 2 SYSTEMPATH\Database\BaseConnection.php(692): CodeIgniter\Database\MySQLi\Connection->execute('SELECT *
FROM `film`')
 3 SYSTEMPATH\Database\BaseConnection.php(606): CodeIgniter\Database\BaseConnection->simpleQuery('SELECT *
FROM `film`')
 4 SYSTEMPATH\Database\BaseBuilder.php(1616): CodeIgniter\Database\BaseConnection->query('SELECT *
FROM `film`', [], false)
 5 SYSTEMPATH\Model.php(241): CodeIgniter\Database\BaseBuilder->get()
 6 SYSTEMPATH\BaseModel.php(618): CodeIgniter\Model->doFindAll(0, 0)
 7 APPPATH\Models\FilmModel.php(48): CodeIgniter\BaseModel->findAll()
 8 APPPATH\Controllers\Film.php(29): App\Models\FilmModel->getAllDdata()
 9 SYSTEMPATH\CodeIgniter.php(934): App\Controllers\Film->All()
10 SYSTEMPATH\CodeIgniter.php(499): CodeIgniter\CodeIgniter->runController(Object(App\Controllers\Film))
11 SYSTEMPATH\CodeIgniter.php(368): CodeIgniter\CodeIgniter->handleRequest(null, Object(Config\Cache), false)
12 FCPATH\index.php(67): CodeIgniter\CodeIgniter->run()
13 SYSTEMPATH\Commands\Server\rewrite.php(47): require_once('C:\\xampp\\htdocs\\MI4CApp\\public\\index.php')
ERROR - 2023-06-07 01:50:04 --> mysqli_sql_exception: Table 'db_film.table' doesn't exist in C:\xampp\htdocs\MI4CApp\system\Database\MySQLi\Connection.php:295
Stack trace:
#0 C:\xampp\htdocs\MI4CApp\system\Database\MySQLi\Connection.php(295): mysqli->query('SELECT *\nFROM `...', 0)
#1 C:\xampp\htdocs\MI4CApp\system\Database\BaseConnection.php(692): CodeIgniter\Database\MySQLi\Connection->execute('SELECT *\nFROM `...')
#2 C:\xampp\htdocs\MI4CApp\system\Database\BaseConnection.php(606): CodeIgniter\Database\BaseConnection->simpleQuery('SELECT *\nFROM `...')
#3 C:\xampp\htdocs\MI4CApp\system\Database\BaseBuilder.php(1616): CodeIgniter\Database\BaseConnection->query('SELECT *\nFROM `...', Array, false)
#4 C:\xampp\htdocs\MI4CApp\system\Model.php(241): CodeIgniter\Database\BaseBuilder->get()
#5 C:\xampp\htdocs\MI4CApp\system\BaseModel.php(618): CodeIgniter\Model->doFindAll(0, 0)
#6 C:\xampp\htdocs\MI4CApp\app\Models\FilmModel.php(48): CodeIgniter\BaseModel->findAll()
#7 C:\xampp\htdocs\MI4CApp\app\Controllers\Film.php(29): App\Models\FilmModel->getAllDdata()
#8 C:\xampp\htdocs\MI4CApp\system\CodeIgniter.php(934): App\Controllers\Film->All()
#9 C:\xampp\htdocs\MI4CApp\system\CodeIgniter.php(499): CodeIgniter\CodeIgniter->runController(Object(App\Controllers\Film))
#10 C:\xampp\htdocs\MI4CApp\system\CodeIgniter.php(368): CodeIgniter\CodeIgniter->handleRequest(NULL, Object(Config\Cache), false)
#11 C:\xampp\htdocs\MI4CApp\public\index.php(67): CodeIgniter\CodeIgniter->run()
#12 C:\xampp\htdocs\MI4CApp\system\Commands\Server\rewrite.php(47): require_once('C:\\xampp\\htdocs...')
#13 {main}
CRITICAL - 2023-06-07 01:50:04 --> Table 'db_film.table' doesn't exist
in SYSTEMPATH\Database\MySQLi\Connection.php on line 295.
 1 SYSTEMPATH\Database\MySQLi\Connection.php(295): mysqli->query('SELECT *
FROM `table` `film`', 0)
 2 SYSTEMPATH\Database\BaseConnection.php(692): CodeIgniter\Database\MySQLi\Connection->execute('SELECT *
FROM `table` `film`')
 3 SYSTEMPATH\Database\BaseConnection.php(606): CodeIgniter\Database\BaseConnection->simpleQuery('SELECT *
FROM `table` `film`')
 4 SYSTEMPATH\Database\BaseBuilder.php(1616): CodeIgniter\Database\BaseConnection->query('SELECT *
FROM `table` `film`', [], false)
 5 SYSTEMPATH\Model.php(241): CodeIgniter\Database\BaseBuilder->get()
 6 SYSTEMPATH\BaseModel.php(618): CodeIgniter\Model->doFindAll(0, 0)
 7 APPPATH\Models\FilmModel.php(48): CodeIgniter\BaseModel->findAll()
 8 APPPATH\Controllers\Film.php(29): App\Models\FilmModel->getAllDdata()
 9 SYSTEMPATH\CodeIgniter.php(934): App\Controllers\Film->All()
10 SYSTEMPATH\CodeIgniter.php(499): CodeIgniter\CodeIgniter->runController(Object(App\Controllers\Film))
11 SYSTEMPATH\CodeIgniter.php(368): CodeIgniter\CodeIgniter->handleRequest(null, Object(Config\Cache), false)
12 FCPATH\index.php(67): CodeIgniter\CodeIgniter->run()
13 SYSTEMPATH\Commands\Server\rewrite.php(47): require_once('C:\\xampp\\htdocs\\MI4CApp\\public\\index.php')
ERROR - 2023-06-07 01:52:22 --> mysqli_sql_exception: Table 'db_film.table' doesn't exist in C:\xampp\htdocs\MI4CApp\system\Database\MySQLi\Connection.php:295
Stack trace:
#0 C:\xampp\htdocs\MI4CApp\system\Database\MySQLi\Connection.php(295): mysqli->query('SELECT *\nFROM `...', 0)
#1 C:\xampp\htdocs\MI4CApp\system\Database\BaseConnection.php(692): CodeIgniter\Database\MySQLi\Connection->execute('SELECT *\nFROM `...')
#2 C:\xampp\htdocs\MI4CApp\system\Database\BaseConnection.php(606): CodeIgniter\Database\BaseConnection->simpleQuery('SELECT *\nFROM `...')
#3 C:\xampp\htdocs\MI4CApp\system\Database\BaseBuilder.php(1616): CodeIgniter\Database\BaseConnection->query('SELECT *\nFROM `...', Array, false)
#4 C:\xampp\htdocs\MI4CApp\system\Model.php(241): CodeIgniter\Database\BaseBuilder->get()
#5 C:\xampp\htdocs\MI4CApp\system\BaseModel.php(618): CodeIgniter\Model->doFindAll(0, 0)
#6 C:\xampp\htdocs\MI4CApp\app\Models\FilmModel.php(48): CodeIgniter\BaseModel->findAll()
#7 C:\xampp\htdocs\MI4CApp\app\Controllers\Film.php(29): App\Models\FilmModel->getAllDdata()
#8 C:\xampp\htdocs\MI4CApp\system\CodeIgniter.php(934): App\Controllers\Film->All()
#9 C:\xampp\htdocs\MI4CApp\system\CodeIgniter.php(499): CodeIgniter\CodeIgniter->runController(Object(App\Controllers\Film))
#10 C:\xampp\htdocs\MI4CApp\system\CodeIgniter.php(368): CodeIgniter\CodeIgniter->handleRequest(NULL, Object(Config\Cache), false)
#11 C:\xampp\htdocs\MI4CApp\public\index.php(67): CodeIgniter\CodeIgniter->run()
#12 C:\xampp\htdocs\MI4CApp\system\Commands\Server\rewrite.php(47): require_once('C:\\xampp\\htdocs...')
#13 {main}
CRITICAL - 2023-06-07 01:52:22 --> Table 'db_film.table' doesn't exist
in SYSTEMPATH\Database\MySQLi\Connection.php on line 295.
 1 SYSTEMPATH\Database\MySQLi\Connection.php(295): mysqli->query('SELECT *
FROM `table` `film`', 0)
 2 SYSTEMPATH\Database\BaseConnection.php(692): CodeIgniter\Database\MySQLi\Connection->execute('SELECT *
FROM `table` `film`')
 3 SYSTEMPATH\Database\BaseConnection.php(606): CodeIgniter\Database\BaseConnection->simpleQuery('SELECT *
FROM `table` `film`')
 4 SYSTEMPATH\Database\BaseBuilder.php(1616): CodeIgniter\Database\BaseConnection->query('SELECT *
FROM `table` `film`', [], false)
 5 SYSTEMPATH\Model.php(241): CodeIgniter\Database\BaseBuilder->get()
 6 SYSTEMPATH\BaseModel.php(618): CodeIgniter\Model->doFindAll(0, 0)
 7 APPPATH\Models\FilmModel.php(48): CodeIgniter\BaseModel->findAll()
 8 APPPATH\Controllers\Film.php(29): App\Models\FilmModel->getAllDdata()
 9 SYSTEMPATH\CodeIgniter.php(934): App\Controllers\Film->All()
10 SYSTEMPATH\CodeIgniter.php(499): CodeIgniter\CodeIgniter->runController(Object(App\Controllers\Film))
11 SYSTEMPATH\CodeIgniter.php(368): CodeIgniter\CodeIgniter->handleRequest(null, Object(Config\Cache), false)
12 FCPATH\index.php(67): CodeIgniter\CodeIgniter->run()
13 SYSTEMPATH\Commands\Server\rewrite.php(47): require_once('C:\\xampp\\htdocs\\MI4CApp\\public\\index.php')
ERROR - 2023-06-07 01:52:42 --> mysqli_sql_exception: Table 'db_film.table' doesn't exist in C:\xampp\htdocs\MI4CApp\system\Database\MySQLi\Connection.php:295
Stack trace:
#0 C:\xampp\htdocs\MI4CApp\system\Database\MySQLi\Connection.php(295): mysqli->query('SELECT *\nFROM `...', 0)
#1 C:\xampp\htdocs\MI4CApp\system\Database\BaseConnection.php(692): CodeIgniter\Database\MySQLi\Connection->execute('SELECT *\nFROM `...')
#2 C:\xampp\htdocs\MI4CApp\system\Database\BaseConnection.php(606): CodeIgniter\Database\BaseConnection->simpleQuery('SELECT *\nFROM `...')
#3 C:\xampp\htdocs\MI4CApp\system\Database\BaseBuilder.php(1616): CodeIgniter\Database\BaseConnection->query('SELECT *\nFROM `...', Array, false)
#4 C:\xampp\htdocs\MI4CApp\system\Model.php(241): CodeIgniter\Database\BaseBuilder->get()
#5 C:\xampp\htdocs\MI4CApp\system\BaseModel.php(618): CodeIgniter\Model->doFindAll(0, 0)
#6 C:\xampp\htdocs\MI4CApp\app\Models\FilmModel.php(48): CodeIgniter\BaseModel->findAll()
#7 C:\xampp\htdocs\MI4CApp\app\Controllers\Film.php(29): App\Models\FilmModel->getAllDdata()
#8 C:\xampp\htdocs\MI4CApp\system\CodeIgniter.php(934): App\Controllers\Film->All()
#9 C:\xampp\htdocs\MI4CApp\system\CodeIgniter.php(499): CodeIgniter\CodeIgniter->runController(Object(App\Controllers\Film))
#10 C:\xampp\htdocs\MI4CApp\system\CodeIgniter.php(368): CodeIgniter\CodeIgniter->handleRequest(NULL, Object(Config\Cache), false)
#11 C:\xampp\htdocs\MI4CApp\public\index.php(67): CodeIgniter\CodeIgniter->run()
#12 C:\xampp\htdocs\MI4CApp\system\Commands\Server\rewrite.php(47): require_once('C:\\xampp\\htdocs...')
#13 {main}
CRITICAL - 2023-06-07 01:52:42 --> Table 'db_film.table' doesn't exist
in SYSTEMPATH\Database\MySQLi\Connection.php on line 295.
 1 SYSTEMPATH\Database\MySQLi\Connection.php(295): mysqli->query('SELECT *
FROM `table` `film`', 0)
 2 SYSTEMPATH\Database\BaseConnection.php(692): CodeIgniter\Database\MySQLi\Connection->execute('SELECT *
FROM `table` `film`')
 3 SYSTEMPATH\Database\BaseConnection.php(606): CodeIgniter\Database\BaseConnection->simpleQuery('SELECT *
FROM `table` `film`')
 4 SYSTEMPATH\Database\BaseBuilder.php(1616): CodeIgniter\Database\BaseConnection->query('SELECT *
FROM `table` `film`', [], false)
 5 SYSTEMPATH\Model.php(241): CodeIgniter\Database\BaseBuilder->get()
 6 SYSTEMPATH\BaseModel.php(618): CodeIgniter\Model->doFindAll(0, 0)
 7 APPPATH\Models\FilmModel.php(48): CodeIgniter\BaseModel->findAll()
 8 APPPATH\Controllers\Film.php(29): App\Models\FilmModel->getAllDdata()
 9 SYSTEMPATH\CodeIgniter.php(934): App\Controllers\Film->All()
10 SYSTEMPATH\CodeIgniter.php(499): CodeIgniter\CodeIgniter->runController(Object(App\Controllers\Film))
11 SYSTEMPATH\CodeIgniter.php(368): CodeIgniter\CodeIgniter->handleRequest(null, Object(Config\Cache), false)
12 FCPATH\index.php(67): CodeIgniter\CodeIgniter->run()
13 SYSTEMPATH\Commands\Server\rewrite.php(47): require_once('C:\\xampp\\htdocs\\MI4CApp\\public\\index.php')
ERROR - 2023-06-07 01:54:04 --> mysqli_sql_exception: Table 'db_film.table' doesn't exist in C:\xampp\htdocs\MI4CApp\system\Database\MySQLi\Connection.php:295
Stack trace:
#0 C:\xampp\htdocs\MI4CApp\system\Database\MySQLi\Connection.php(295): mysqli->query('SELECT *\nFROM `...', 0)
#1 C:\xampp\htdocs\MI4CApp\system\Database\BaseConnection.php(692): CodeIgniter\Database\MySQLi\Connection->execute('SELECT *\nFROM `...')
#2 C:\xampp\htdocs\MI4CApp\system\Database\BaseConnection.php(606): CodeIgniter\Database\BaseConnection->simpleQuery('SELECT *\nFROM `...')
#3 C:\xampp\htdocs\MI4CApp\system\Database\BaseBuilder.php(1616): CodeIgniter\Database\BaseConnection->query('SELECT *\nFROM `...', Array, false)
#4 C:\xampp\htdocs\MI4CApp\system\Model.php(241): CodeIgniter\Database\BaseBuilder->get()
#5 C:\xampp\htdocs\MI4CApp\system\BaseModel.php(618): CodeIgniter\Model->doFindAll(0, 0)
#6 C:\xampp\htdocs\MI4CApp\app\Models\FilmModel.php(48): CodeIgniter\BaseModel->findAll()
#7 C:\xampp\htdocs\MI4CApp\app\Controllers\Film.php(29): App\Models\FilmModel->getAllDdata()
#8 C:\xampp\htdocs\MI4CApp\system\CodeIgniter.php(934): App\Controllers\Film->All()
#9 C:\xampp\htdocs\MI4CApp\system\CodeIgniter.php(499): CodeIgniter\CodeIgniter->runController(Object(App\Controllers\Film))
#10 C:\xampp\htdocs\MI4CApp\system\CodeIgniter.php(368): CodeIgniter\CodeIgniter->handleRequest(NULL, Object(Config\Cache), false)
#11 C:\xampp\htdocs\MI4CApp\public\index.php(67): CodeIgniter\CodeIgniter->run()
#12 C:\xampp\htdocs\MI4CApp\system\Commands\Server\rewrite.php(47): require_once('C:\\xampp\\htdocs...')
#13 {main}
CRITICAL - 2023-06-07 01:54:04 --> Table 'db_film.table' doesn't exist
in SYSTEMPATH\Database\MySQLi\Connection.php on line 295.
 1 SYSTEMPATH\Database\MySQLi\Connection.php(295): mysqli->query('SELECT *
FROM `table` `film`', 0)
 2 SYSTEMPATH\Database\BaseConnection.php(692): CodeIgniter\Database\MySQLi\Connection->execute('SELECT *
FROM `table` `film`')
 3 SYSTEMPATH\Database\BaseConnection.php(606): CodeIgniter\Database\BaseConnection->simpleQuery('SELECT *
FROM `table` `film`')
 4 SYSTEMPATH\Database\BaseBuilder.php(1616): CodeIgniter\Database\BaseConnection->query('SELECT *
FROM `table` `film`', [], false)
 5 SYSTEMPATH\Model.php(241): CodeIgniter\Database\BaseBuilder->get()
 6 SYSTEMPATH\BaseModel.php(618): CodeIgniter\Model->doFindAll(0, 0)
 7 APPPATH\Models\FilmModel.php(48): CodeIgniter\BaseModel->findAll()
 8 APPPATH\Controllers\Film.php(29): App\Models\FilmModel->getAllDdata()
 9 SYSTEMPATH\CodeIgniter.php(934): App\Controllers\Film->All()
10 SYSTEMPATH\CodeIgniter.php(499): CodeIgniter\CodeIgniter->runController(Object(App\Controllers\Film))
11 SYSTEMPATH\CodeIgniter.php(368): CodeIgniter\CodeIgniter->handleRequest(null, Object(Config\Cache), false)
12 FCPATH\index.php(67): CodeIgniter\CodeIgniter->run()
13 SYSTEMPATH\Commands\Server\rewrite.php(47): require_once('C:\\xampp\\htdocs\\MI4CApp\\public\\index.php')
CRITICAL - 2023-06-07 02:37:49 --> Call to undefined method App\Models\FilmModel::getDataByID
in SYSTEMPATH\Model.php on line 842.
 1 APPPATH\Controllers\Film.php(32): CodeIgniter\Model->__call('getDataByID', [...])
 2 SYSTEMPATH\CodeIgniter.php(934): App\Controllers\Film->film_by_id()
 3 SYSTEMPATH\CodeIgniter.php(499): CodeIgniter\CodeIgniter->runController(Object(App\Controllers\Film))
 4 SYSTEMPATH\CodeIgniter.php(368): CodeIgniter\CodeIgniter->handleRequest(null, Object(Config\Cache), false)
 5 FCPATH\index.php(67): CodeIgniter\CodeIgniter->run()
 6 SYSTEMPATH\Commands\Server\rewrite.php(47): require_once('C:\\xampp\\htdocs\\MI4CApp\\public\\index.php')
CRITICAL - 2023-06-07 02:38:21 --> Call to undefined method App\Models\FilmModel::getDataByID
in SYSTEMPATH\Model.php on line 842.
 1 APPPATH\Controllers\Film.php(32): CodeIgniter\Model->__call('getDataByID', [...])
 2 SYSTEMPATH\CodeIgniter.php(934): App\Controllers\Film->film_by_id()
 3 SYSTEMPATH\CodeIgniter.php(499): CodeIgniter\CodeIgniter->runController(Object(App\Controllers\Film))
 4 SYSTEMPATH\CodeIgniter.php(368): CodeIgniter\CodeIgniter->handleRequest(null, Object(Config\Cache), false)
 5 FCPATH\index.php(67): CodeIgniter\CodeIgniter->run()
 6 SYSTEMPATH\Commands\Server\rewrite.php(47): require_once('C:\\xampp\\htdocs\\MI4CApp\\public\\index.php')
CRITICAL - 2023-06-07 02:38:46 --> Call to undefined method App\Controllers\Film::getOrderBy()
in APPPATH\Controllers\Film.php on line 38.
 1 SYSTEMPATH\CodeIgniter.php(934): App\Controllers\Film->film_order()
 2 SYSTEMPATH\CodeIgniter.php(499): CodeIgniter\CodeIgniter->runController(Object(App\Controllers\Film))
 3 SYSTEMPATH\CodeIgniter.php(368): CodeIgniter\CodeIgniter->handleRequest(null, Object(Config\Cache), false)
 4 FCPATH\index.php(67): CodeIgniter\CodeIgniter->run()
 5 SYSTEMPATH\Commands\Server\rewrite.php(47): require_once('C:\\xampp\\htdocs\\MI4CApp\\public\\index.php')
CRITICAL - 2023-06-07 02:48:50 --> Call to undefined method App\Controllers\Film::getOrderBy()
in APPPATH\Controllers\Film.php on line 38.
 1 SYSTEMPATH\CodeIgniter.php(934): App\Controllers\Film->film_order()
 2 SYSTEMPATH\CodeIgniter.php(499): CodeIgniter\CodeIgniter->runController(Object(App\Controllers\Film))
 3 SYSTEMPATH\CodeIgniter.php(368): CodeIgniter\CodeIgniter->handleRequest(null, Object(Config\Cache), false)
 4 FCPATH\index.php(67): CodeIgniter\CodeIgniter->run()
 5 SYSTEMPATH\Commands\Server\rewrite.php(47): require_once('C:\\xampp\\htdocs\\MI4CApp\\public\\index.php')
CRITICAL - 2023-06-07 02:49:28 --> Call to a member function where() on null
in APPPATH\Models\FilmModel.php on line 55.
 1 APPPATH\Controllers\Film.php(35): App\Models\FilmModel->getDataBy('horor')
 2 SYSTEMPATH\CodeIgniter.php(934): App\Controllers\Film->film_by_genre()
 3 SYSTEMPATH\CodeIgniter.php(499): CodeIgniter\CodeIgniter->runController(Object(App\Controllers\Film))
 4 SYSTEMPATH\CodeIgniter.php(368): CodeIgniter\CodeIgniter->handleRequest(null, Object(Config\Cache), false)
 5 FCPATH\index.php(67): CodeIgniter\CodeIgniter->run()
 6 SYSTEMPATH\Commands\Server\rewrite.php(47): require_once('C:\\xampp\\htdocs\\MI4CApp\\public\\index.php')
CRITICAL - 2023-06-07 02:53:06 --> Call to a member function where() on null
in APPPATH\Models\FilmModel.php on line 55.
 1 APPPATH\Controllers\Film.php(35): App\Models\FilmModel->getDataBy('horor')
 2 SYSTEMPATH\CodeIgniter.php(934): App\Controllers\Film->film_by_genre()
 3 SYSTEMPATH\CodeIgniter.php(499): CodeIgniter\CodeIgniter->runController(Object(App\Controllers\Film))
 4 SYSTEMPATH\CodeIgniter.php(368): CodeIgniter\CodeIgniter->handleRequest(null, Object(Config\Cache), false)
 5 FCPATH\index.php(67): CodeIgniter\CodeIgniter->run()
 6 SYSTEMPATH\Commands\Server\rewrite.php(47): require_once('C:\\xampp\\htdocs\\MI4CApp\\public\\index.php')
CRITICAL - 2023-06-07 02:53:58 --> Call to a member function find() on null
in APPPATH\Models\FilmModel.php on line 52.
 1 APPPATH\Controllers\Film.php(32): App\Models\FilmModel->getDataByID(1)
 2 SYSTEMPATH\CodeIgniter.php(934): App\Controllers\Film->film_by_id()
 3 SYSTEMPATH\CodeIgniter.php(499): CodeIgniter\CodeIgniter->runController(Object(App\Controllers\Film))
 4 SYSTEMPATH\CodeIgniter.php(368): CodeIgniter\CodeIgniter->handleRequest(null, Object(Config\Cache), false)
 5 FCPATH\index.php(67): CodeIgniter\CodeIgniter->run()
 6 SYSTEMPATH\Commands\Server\rewrite.php(47): require_once('C:\\xampp\\htdocs\\MI4CApp\\public\\index.php')
CRITICAL - 2023-06-07 02:55:27 --> Call to undefined method App\Models\FilmModel::film
in SYSTEMPATH\Model.php on line 842.
 1 APPPATH\Models\FilmModel.php(61): CodeIgniter\Model->__call('film', [...])
 2 APPPATH\Controllers\Film.php(41): App\Models\FilmModel->getLimit()
 3 SYSTEMPATH\CodeIgniter.php(934): App\Controllers\Film->film_limit_five()
 4 SYSTEMPATH\CodeIgniter.php(499): CodeIgniter\CodeIgniter->runController(Object(App\Controllers\Film))
 5 SYSTEMPATH\CodeIgniter.php(368): CodeIgniter\CodeIgniter->handleRequest(null, Object(Config\Cache), false)
 6 FCPATH\index.php(67): CodeIgniter\CodeIgniter->run()
 7 SYSTEMPATH\Commands\Server\rewrite.php(47): require_once('C:\\xampp\\htdocs\\MI4CApp\\public\\index.php')
CRITICAL - 2023-06-07 03:04:45 --> Call to undefined method App\Controllers\Film::getOrderBy()
in APPPATH\Controllers\Film.php on line 42.
 1 SYSTEMPATH\CodeIgniter.php(934): App\Controllers\Film->film_order()
 2 SYSTEMPATH\CodeIgniter.php(499): CodeIgniter\CodeIgniter->runController(Object(App\Controllers\Film))
 3 SYSTEMPATH\CodeIgniter.php(368): CodeIgniter\CodeIgniter->handleRequest(null, Object(Config\Cache), false)
 4 FCPATH\index.php(67): CodeIgniter\CodeIgniter->run()
 5 SYSTEMPATH\Commands\Server\rewrite.php(47): require_once('C:\\xampp\\htdocs\\MI4CApp\\public\\index.php')
CRITICAL - 2023-06-07 03:05:52 --> Call to undefined method App\Controllers\Film::getOrderBy()
in APPPATH\Controllers\Film.php on line 42.
 1 SYSTEMPATH\CodeIgniter.php(934): App\Controllers\Film->film_order()
 2 SYSTEMPATH\CodeIgniter.php(499): CodeIgniter\CodeIgniter->runController(Object(App\Controllers\Film))
 3 SYSTEMPATH\CodeIgniter.php(368): CodeIgniter\CodeIgniter->handleRequest(null, Object(Config\Cache), false)
 4 FCPATH\index.php(67): CodeIgniter\CodeIgniter->run()
 5 SYSTEMPATH\Commands\Server\rewrite.php(47): require_once('C:\\xampp\\htdocs\\MI4CApp\\public\\index.php')
CRITICAL - 2023-06-07 03:49:41 --> Call to undefined method App\Models\FilmModel::getAllData
in SYSTEMPATH\Model.php on line 842.
 1 APPPATH\Controllers\Film.php(30): CodeIgniter\Model->__call('getAllData', [])
 2 SYSTEMPATH\CodeIgniter.php(934): App\Controllers\Film->All()
 3 SYSTEMPATH\CodeIgniter.php(499): CodeIgniter\CodeIgniter->runController(Object(App\Controllers\Film))
 4 SYSTEMPATH\CodeIgniter.php(368): CodeIgniter\CodeIgniter->handleRequest(null, Object(Config\Cache), false)
 5 FCPATH\index.php(67): CodeIgniter\CodeIgniter->run()
 6 SYSTEMPATH\Commands\Server\rewrite.php(47): require_once('C:\\xampp\\htdocs\\MI4CApp\\public\\index.php')
CRITICAL - 2023-06-07 03:49:54 --> Call to undefined method App\Models\FilmModel::getAllData
in SYSTEMPATH\Model.php on line 842.
 1 APPPATH\Controllers\Film.php(30): CodeIgniter\Model->__call('getAllData', [])
 2 SYSTEMPATH\CodeIgniter.php(934): App\Controllers\Film->All()
 3 SYSTEMPATH\CodeIgniter.php(499): CodeIgniter\CodeIgniter->runController(Object(App\Controllers\Film))
 4 SYSTEMPATH\CodeIgniter.php(368): CodeIgniter\CodeIgniter->handleRequest(null, Object(Config\Cache), false)
 5 FCPATH\index.php(67): CodeIgniter\CodeIgniter->run()
 6 SYSTEMPATH\Commands\Server\rewrite.php(47): require_once('C:\\xampp\\htdocs\\MI4CApp\\public\\index.php')
CRITICAL - 2023-06-07 03:52:05 --> Call to undefined method App\Models\FilmModel::getAllData
in SYSTEMPATH\Model.php on line 842.
 1 APPPATH\Controllers\Film.php(30): CodeIgniter\Model->__call('getAllData', [])
 2 SYSTEMPATH\CodeIgniter.php(934): App\Controllers\Film->All()
 3 SYSTEMPATH\CodeIgniter.php(499): CodeIgniter\CodeIgniter->runController(Object(App\Controllers\Film))
 4 SYSTEMPATH\CodeIgniter.php(368): CodeIgniter\CodeIgniter->handleRequest(null, Object(Config\Cache), false)
 5 FCPATH\index.php(67): CodeIgniter\CodeIgniter->run()
 6 SYSTEMPATH\Commands\Server\rewrite.php(47): require_once('C:\\xampp\\htdocs\\MI4CApp\\public\\index.php')
