INFO - 2023-07-05 13:46:30 --> Session: Class initialized using 'CodeIgniter\Session\Handlers\FileHandler' driver.
CRITICAL - 2023-07-05 14:09:15 --> Call to undefined function encryptUrl()
in APPPATH\Views\film\index.php on line 65.
 1 SYSTEMPATH\View\View.php(213): include()
 2 SYSTEMPATH\View\View.php(216): CodeIgniter\View\View->CodeIgniter\View\{closure}()
 3 SYSTEMPATH\Common.php(1184): CodeIgniter\View\View->render('film/index', [], true)
 4 APPPATH\Controllers\Film.php(37): view('film/index', [...])
 5 SYSTEMPATH\CodeIgniter.php(934): App\Controllers\Film->index()
 6 SYSTEMPATH\CodeIgniter.php(499): CodeIgniter\CodeIgniter->runController(Object(App\Controllers\Film))
 7 SYSTEMPATH\CodeIgniter.php(368): CodeIgniter\CodeIgniter->handleRequest(null, Object(Config\Cache), false)
 8 FCPATH\index.php(67): CodeIgniter\CodeIgniter->run()
 9 SYSTEMPATH\Commands\Server\rewrite.php(47): require_once('C:\\Users\\Anggi Alisya\\OneDrive\\Dokumen\\GitHub\\FrameWork\\MI4CApp\\Anggi\\public\\index.php')
CRITICAL - 2023-07-05 14:10:52 --> Call to undefined function encryptUrl()
in APPPATH\Views\film\index.php on line 87.
 1 SYSTEMPATH\View\View.php(213): include()
 2 SYSTEMPATH\View\View.php(216): CodeIgniter\View\View->CodeIgniter\View\{closure}()
 3 SYSTEMPATH\Common.php(1184): CodeIgniter\View\View->render('film/index', [], true)
 4 APPPATH\Controllers\Film.php(37): view('film/index', [...])
 5 SYSTEMPATH\CodeIgniter.php(934): App\Controllers\Film->index()
 6 SYSTEMPATH\CodeIgniter.php(499): CodeIgniter\CodeIgniter->runController(Object(App\Controllers\Film))
 7 SYSTEMPATH\CodeIgniter.php(368): CodeIgniter\CodeIgniter->handleRequest(null, Object(Config\Cache), false)
 8 FCPATH\index.php(67): CodeIgniter\CodeIgniter->run()
 9 SYSTEMPATH\Commands\Server\rewrite.php(47): require_once('C:\\Users\\Anggi Alisya\\OneDrive\\Dokumen\\GitHub\\FrameWork\\MI4CApp\\Anggi\\public\\index.php')
CRITICAL - 2023-07-05 14:10:53 --> Call to undefined function encryptUrl()
in APPPATH\Views\film\index.php on line 87.
 1 SYSTEMPATH\View\View.php(213): include()
 2 SYSTEMPATH\View\View.php(216): CodeIgniter\View\View->CodeIgniter\View\{closure}()
 3 SYSTEMPATH\Common.php(1184): CodeIgniter\View\View->render('film/index', [], true)
 4 APPPATH\Controllers\Film.php(37): view('film/index', [...])
 5 SYSTEMPATH\CodeIgniter.php(934): App\Controllers\Film->index()
 6 SYSTEMPATH\CodeIgniter.php(499): CodeIgniter\CodeIgniter->runController(Object(App\Controllers\Film))
 7 SYSTEMPATH\CodeIgniter.php(368): CodeIgniter\CodeIgniter->handleRequest(null, Object(Config\Cache), false)
 8 FCPATH\index.php(67): CodeIgniter\CodeIgniter->run()
 9 SYSTEMPATH\Commands\Server\rewrite.php(47): require_once('C:\\Users\\Anggi Alisya\\OneDrive\\Dokumen\\GitHub\\FrameWork\\MI4CApp\\Anggi\\public\\index.php')
CRITICAL - 2023-07-05 14:11:35 --> View themes, no current section.
in SYSTEMPATH\View\View.php on line 394.
 1 APPPATH\Views\film\index.php(96): CodeIgniter\View\View->endSection()
 2 SYSTEMPATH\View\View.php(213): include('C:\\Users\\Anggi Alisya\\OneDrive\\Dokumen\\GitHub\\FrameWork\\MI4CApp\\Anggi\\app\\Views\\film\\index.php')
 3 SYSTEMPATH\View\View.php(216): CodeIgniter\View\View->CodeIgniter\View\{closure}()
 4 SYSTEMPATH\Common.php(1184): CodeIgniter\View\View->render('film/index', [], true)
 5 APPPATH\Controllers\Film.php(37): view('film/index', [...])
 6 SYSTEMPATH\CodeIgniter.php(934): App\Controllers\Film->index()
 7 SYSTEMPATH\CodeIgniter.php(499): CodeIgniter\CodeIgniter->runController(Object(App\Controllers\Film))
 8 SYSTEMPATH\CodeIgniter.php(368): CodeIgniter\CodeIgniter->handleRequest(null, Object(Config\Cache), false)
 9 FCPATH\index.php(67): CodeIgniter\CodeIgniter->run()
10 SYSTEMPATH\Commands\Server\rewrite.php(47): require_once('C:\\Users\\Anggi Alisya\\OneDrive\\Dokumen\\GitHub\\FrameWork\\MI4CApp\\Anggi\\public\\index.php')
CRITICAL - 2023-07-05 14:24:18 --> Call to undefined function encryptUrl()
in APPPATH\Views\film\index.php on line 65.
 1 SYSTEMPATH\View\View.php(213): include()
 2 SYSTEMPATH\View\View.php(216): CodeIgniter\View\View->CodeIgniter\View\{closure}()
 3 SYSTEMPATH\Common.php(1184): CodeIgniter\View\View->render('film/index', [], true)
 4 APPPATH\Controllers\Film.php(37): view('film/index', [...])
 5 SYSTEMPATH\CodeIgniter.php(934): App\Controllers\Film->index()
 6 SYSTEMPATH\CodeIgniter.php(499): CodeIgniter\CodeIgniter->runController(Object(App\Controllers\Film))
 7 SYSTEMPATH\CodeIgniter.php(368): CodeIgniter\CodeIgniter->handleRequest(null, Object(Config\Cache), false)
 8 FCPATH\index.php(67): CodeIgniter\CodeIgniter->run()
 9 SYSTEMPATH\Commands\Server\rewrite.php(47): require_once('C:\\Users\\Anggi Alisya\\OneDrive\\Dokumen\\GitHub\\FrameWork\\MI4CApp\\Anggi\\public\\index.php')
CRITICAL - 2023-07-05 14:24:54 --> View themes, no current section.
in SYSTEMPATH\View\View.php on line 394.
 1 APPPATH\Views\film\index.php(96): CodeIgniter\View\View->endSection()
 2 SYSTEMPATH\View\View.php(213): include('C:\\Users\\Anggi Alisya\\OneDrive\\Dokumen\\GitHub\\FrameWork\\MI4CApp\\Anggi\\app\\Views\\film\\index.php')
 3 SYSTEMPATH\View\View.php(216): CodeIgniter\View\View->CodeIgniter\View\{closure}()
 4 SYSTEMPATH\Common.php(1184): CodeIgniter\View\View->render('film/index', [], true)
 5 APPPATH\Controllers\Film.php(37): view('film/index', [...])
 6 SYSTEMPATH\CodeIgniter.php(934): App\Controllers\Film->index()
 7 SYSTEMPATH\CodeIgniter.php(499): CodeIgniter\CodeIgniter->runController(Object(App\Controllers\Film))
 8 SYSTEMPATH\CodeIgniter.php(368): CodeIgniter\CodeIgniter->handleRequest(null, Object(Config\Cache), false)
 9 FCPATH\index.php(67): CodeIgniter\CodeIgniter->run()
10 SYSTEMPATH\Commands\Server\rewrite.php(47): require_once('C:\\Users\\Anggi Alisya\\OneDrive\\Dokumen\\GitHub\\FrameWork\\MI4CApp\\Anggi\\public\\index.php')
CRITICAL - 2023-07-05 14:48:33 --> Call to undefined function encryptUrl()
in APPPATH\Views\film\index.php on line 65.
 1 SYSTEMPATH\View\View.php(213): include()
 2 SYSTEMPATH\View\View.php(216): CodeIgniter\View\View->CodeIgniter\View\{closure}()
 3 SYSTEMPATH\Common.php(1184): CodeIgniter\View\View->render('film/index', [], true)
 4 APPPATH\Controllers\Film.php(37): view('film/index', [...])
 5 SYSTEMPATH\CodeIgniter.php(934): App\Controllers\Film->index()
 6 SYSTEMPATH\CodeIgniter.php(499): CodeIgniter\CodeIgniter->runController(Object(App\Controllers\Film))
 7 SYSTEMPATH\CodeIgniter.php(368): CodeIgniter\CodeIgniter->handleRequest(null, Object(Config\Cache), false)
 8 FCPATH\index.php(67): CodeIgniter\CodeIgniter->run()
 9 SYSTEMPATH\Commands\Server\rewrite.php(47): require_once('C:\\Users\\Anggi Alisya\\OneDrive\\Dokumen\\GitHub\\FrameWork\\MI4CApp\\Anggi\\public\\index.php')
CRITICAL - 2023-07-05 14:52:12 --> Call to undefined function encryptUrl()
in APPPATH\Views\film\index.php on line 65.
 1 SYSTEMPATH\View\View.php(213): include()
 2 SYSTEMPATH\View\View.php(216): CodeIgniter\View\View->CodeIgniter\View\{closure}()
 3 SYSTEMPATH\Common.php(1184): CodeIgniter\View\View->render('film/index', [], true)
 4 APPPATH\Controllers\Film.php(37): view('film/index', [...])
 5 SYSTEMPATH\CodeIgniter.php(934): App\Controllers\Film->index()
 6 SYSTEMPATH\CodeIgniter.php(499): CodeIgniter\CodeIgniter->runController(Object(App\Controllers\Film))
 7 SYSTEMPATH\CodeIgniter.php(368): CodeIgniter\CodeIgniter->handleRequest(null, Object(Config\Cache), false)
 8 FCPATH\index.php(67): CodeIgniter\CodeIgniter->run()
 9 SYSTEMPATH\Commands\Server\rewrite.php(47): require_once('C:\\Users\\Anggi Alisya\\OneDrive\\Dokumen\\GitHub\\FrameWork\\MI4CApp\\Anggi\\public\\index.php')
CRITICAL - 2023-07-05 14:55:05 --> Call to undefined function encryptUrl()
in APPPATH\Views\film\index.php on line 87.
 1 SYSTEMPATH\View\View.php(213): include()
 2 SYSTEMPATH\View\View.php(216): CodeIgniter\View\View->CodeIgniter\View\{closure}()
 3 SYSTEMPATH\Common.php(1184): CodeIgniter\View\View->render('film/index', [], true)
 4 APPPATH\Controllers\Film.php(37): view('film/index', [...])
 5 SYSTEMPATH\CodeIgniter.php(934): App\Controllers\Film->index()
 6 SYSTEMPATH\CodeIgniter.php(499): CodeIgniter\CodeIgniter->runController(Object(App\Controllers\Film))
 7 SYSTEMPATH\CodeIgniter.php(368): CodeIgniter\CodeIgniter->handleRequest(null, Object(Config\Cache), false)
 8 FCPATH\index.php(67): CodeIgniter\CodeIgniter->run()
 9 SYSTEMPATH\Commands\Server\rewrite.php(47): require_once('C:\\Users\\Anggi Alisya\\OneDrive\\Dokumen\\GitHub\\FrameWork\\MI4CApp\\Anggi\\public\\index.php')
CRITICAL - 2023-07-05 14:55:23 --> View themes, no current section.
in SYSTEMPATH\View\View.php on line 394.
 1 APPPATH\Views\film\index.php(96): CodeIgniter\View\View->endSection()
 2 SYSTEMPATH\View\View.php(213): include('C:\\Users\\Anggi Alisya\\OneDrive\\Dokumen\\GitHub\\FrameWork\\MI4CApp\\Anggi\\app\\Views\\film\\index.php')
 3 SYSTEMPATH\View\View.php(216): CodeIgniter\View\View->CodeIgniter\View\{closure}()
 4 SYSTEMPATH\Common.php(1184): CodeIgniter\View\View->render('film/index', [], true)
 5 APPPATH\Controllers\Film.php(37): view('film/index', [...])
 6 SYSTEMPATH\CodeIgniter.php(934): App\Controllers\Film->index()
 7 SYSTEMPATH\CodeIgniter.php(499): CodeIgniter\CodeIgniter->runController(Object(App\Controllers\Film))
 8 SYSTEMPATH\CodeIgniter.php(368): CodeIgniter\CodeIgniter->handleRequest(null, Object(Config\Cache), false)
 9 FCPATH\index.php(67): CodeIgniter\CodeIgniter->run()
10 SYSTEMPATH\Commands\Server\rewrite.php(47): require_once('C:\\Users\\Anggi Alisya\\OneDrive\\Dokumen\\GitHub\\FrameWork\\MI4CApp\\Anggi\\public\\index.php')
CRITICAL - 2023-07-05 14:56:59 --> Call to undefined function encryptUrl()
in APPPATH\Views\film\index.php on line 65.
 1 SYSTEMPATH\View\View.php(213): include()
 2 SYSTEMPATH\View\View.php(216): CodeIgniter\View\View->CodeIgniter\View\{closure}()
 3 SYSTEMPATH\Common.php(1184): CodeIgniter\View\View->render('film/index', [], true)
 4 APPPATH\Controllers\Film.php(37): view('film/index', [...])
 5 SYSTEMPATH\CodeIgniter.php(934): App\Controllers\Film->index()
 6 SYSTEMPATH\CodeIgniter.php(499): CodeIgniter\CodeIgniter->runController(Object(App\Controllers\Film))
 7 SYSTEMPATH\CodeIgniter.php(368): CodeIgniter\CodeIgniter->handleRequest(null, Object(Config\Cache), false)
 8 FCPATH\index.php(67): CodeIgniter\CodeIgniter->run()
 9 SYSTEMPATH\Commands\Server\rewrite.php(47): require_once('C:\\Users\\Anggi Alisya\\OneDrive\\Dokumen\\GitHub\\FrameWork\\MI4CApp\\Anggi\\public\\index.php')
CRITICAL - 2023-07-05 15:02:10 --> View themes, no current section.
in SYSTEMPATH\View\View.php on line 394.
 1 APPPATH\Views\film\index.php(97): CodeIgniter\View\View->endSection()
 2 SYSTEMPATH\View\View.php(213): include('C:\\Users\\Anggi Alisya\\OneDrive\\Dokumen\\GitHub\\FrameWork\\MI4CApp\\Anggi\\app\\Views\\film\\index.php')
 3 SYSTEMPATH\View\View.php(216): CodeIgniter\View\View->CodeIgniter\View\{closure}()
 4 SYSTEMPATH\Common.php(1184): CodeIgniter\View\View->render('film/index', [], true)
 5 APPPATH\Controllers\Film.php(37): view('film/index', [...])
 6 SYSTEMPATH\CodeIgniter.php(934): App\Controllers\Film->index()
 7 SYSTEMPATH\CodeIgniter.php(499): CodeIgniter\CodeIgniter->runController(Object(App\Controllers\Film))
 8 SYSTEMPATH\CodeIgniter.php(368): CodeIgniter\CodeIgniter->handleRequest(null, Object(Config\Cache), false)
 9 FCPATH\index.php(67): CodeIgniter\CodeIgniter->run()
10 SYSTEMPATH\Commands\Server\rewrite.php(47): require_once('C:\\Users\\Anggi Alisya\\OneDrive\\Dokumen\\GitHub\\FrameWork\\MI4CApp\\Anggi\\public\\index.php')
CRITICAL - 2023-07-05 15:10:41 --> Call to undefined function encryptUrl()
in APPPATH\Views\film\index.php on line 65.
 1 SYSTEMPATH\View\View.php(213): include()
 2 SYSTEMPATH\View\View.php(216): CodeIgniter\View\View->CodeIgniter\View\{closure}()
 3 SYSTEMPATH\Common.php(1184): CodeIgniter\View\View->render('film/index', [], true)
 4 APPPATH\Controllers\Film.php(37): view('film/index', [...])
 5 SYSTEMPATH\CodeIgniter.php(934): App\Controllers\Film->index()
 6 SYSTEMPATH\CodeIgniter.php(499): CodeIgniter\CodeIgniter->runController(Object(App\Controllers\Film))
 7 SYSTEMPATH\CodeIgniter.php(368): CodeIgniter\CodeIgniter->handleRequest(null, Object(Config\Cache), false)
 8 FCPATH\index.php(67): CodeIgniter\CodeIgniter->run()
 9 SYSTEMPATH\Commands\Server\rewrite.php(47): require_once('C:\\Users\\Anggi Alisya\\OneDrive\\Dokumen\\GitHub\\FrameWork\\MI4CApp\\Anggi\\public\\index.php')
CRITICAL - 2023-07-05 15:18:53 --> Call to undefined function App\Controllers\decryptUrl()
in APPPATH\Controllers\Film.php on line 51.
 1 SYSTEMPATH\CodeIgniter.php(934): App\Controllers\Film->update('1')
 2 SYSTEMPATH\CodeIgniter.php(499): CodeIgniter\CodeIgniter->runController(Object(App\Controllers\Film))
 3 SYSTEMPATH\CodeIgniter.php(368): CodeIgniter\CodeIgniter->handleRequest(null, Object(Config\Cache), false)
 4 FCPATH\index.php(67): CodeIgniter\CodeIgniter->run()
 5 SYSTEMPATH\Commands\Server\rewrite.php(47): require_once('C:\\Users\\Anggi Alisya\\OneDrive\\Dokumen\\GitHub\\FrameWork\\MI4CApp\\Anggi\\public\\index.php')
INFO - 2023-07-05 15:19:23 --> Session: Class initialized using 'CodeIgniter\Session\Handlers\FileHandler' driver.
CRITICAL - 2023-07-05 15:19:23 --> Call to undefined method App\Models\FilmModel::getDataID
in SYSTEMPATH\Model.php on line 842.
 1 APPPATH\Controllers\Film.php(53): CodeIgniter\Model->__call('getDataID', [...])
 2 SYSTEMPATH\CodeIgniter.php(934): App\Controllers\Film->update('1')
 3 SYSTEMPATH\CodeIgniter.php(499): CodeIgniter\CodeIgniter->runController(Object(App\Controllers\Film))
 4 SYSTEMPATH\CodeIgniter.php(368): CodeIgniter\CodeIgniter->handleRequest(null, Object(Config\Cache), false)
 5 FCPATH\index.php(67): CodeIgniter\CodeIgniter->run()
 6 SYSTEMPATH\Commands\Server\rewrite.php(47): require_once('C:\\Users\\Anggi Alisya\\OneDrive\\Dokumen\\GitHub\\FrameWork\\MI4CApp\\Anggi\\public\\index.php')
INFO - 2023-07-05 15:20:12 --> Session: Class initialized using 'CodeIgniter\Session\Handlers\FileHandler' driver.
CRITICAL - 2023-07-05 15:20:12 --> Call to undefined method App\Models\FilmModel::getDataID
in SYSTEMPATH\Model.php on line 842.
 1 APPPATH\Controllers\Film.php(49): CodeIgniter\Model->__call('getDataID', [...])
 2 SYSTEMPATH\CodeIgniter.php(934): App\Controllers\Film->update('1')
 3 SYSTEMPATH\CodeIgniter.php(499): CodeIgniter\CodeIgniter->runController(Object(App\Controllers\Film))
 4 SYSTEMPATH\CodeIgniter.php(368): CodeIgniter\CodeIgniter->handleRequest(null, Object(Config\Cache), false)
 5 FCPATH\index.php(67): CodeIgniter\CodeIgniter->run()
 6 SYSTEMPATH\Commands\Server\rewrite.php(47): require_once('C:\\Users\\Anggi Alisya\\OneDrive\\Dokumen\\GitHub\\FrameWork\\MI4CApp\\Anggi\\public\\index.php')
INFO - 2023-07-05 15:20:13 --> Session: Class initialized using 'CodeIgniter\Session\Handlers\FileHandler' driver.
CRITICAL - 2023-07-05 15:20:13 --> Call to undefined method App\Models\FilmModel::getDataID
in SYSTEMPATH\Model.php on line 842.
 1 APPPATH\Controllers\Film.php(49): CodeIgniter\Model->__call('getDataID', [...])
 2 SYSTEMPATH\CodeIgniter.php(934): App\Controllers\Film->update('1')
 3 SYSTEMPATH\CodeIgniter.php(499): CodeIgniter\CodeIgniter->runController(Object(App\Controllers\Film))
 4 SYSTEMPATH\CodeIgniter.php(368): CodeIgniter\CodeIgniter->handleRequest(null, Object(Config\Cache), false)
 5 FCPATH\index.php(67): CodeIgniter\CodeIgniter->run()
 6 SYSTEMPATH\Commands\Server\rewrite.php(47): require_once('C:\\Users\\Anggi Alisya\\OneDrive\\Dokumen\\GitHub\\FrameWork\\MI4CApp\\Anggi\\public\\index.php')
INFO - 2023-07-05 15:20:48 --> Session: Class initialized using 'CodeIgniter\Session\Handlers\FileHandler' driver.
CRITICAL - 2023-07-05 15:20:48 --> Invalid file: "film/update.php"
in SYSTEMPATH\Exceptions\FrameworkException.php on line 33.
 1 SYSTEMPATH\View\View.php(201): CodeIgniter\Exceptions\FrameworkException::forInvalidFile('film/update.php')
 2 SYSTEMPATH\Common.php(1184): CodeIgniter\View\View->render('film/update', [], true)
 3 APPPATH\Controllers\Film.php(50): view('film/update', [...])
 4 SYSTEMPATH\CodeIgniter.php(934): App\Controllers\Film->update('1')
 5 SYSTEMPATH\CodeIgniter.php(499): CodeIgniter\CodeIgniter->runController(Object(App\Controllers\Film))
 6 SYSTEMPATH\CodeIgniter.php(368): CodeIgniter\CodeIgniter->handleRequest(null, Object(Config\Cache), false)
 7 FCPATH\index.php(67): CodeIgniter\CodeIgniter->run()
 8 SYSTEMPATH\Commands\Server\rewrite.php(47): require_once('C:\\Users\\Anggi Alisya\\OneDrive\\Dokumen\\GitHub\\FrameWork\\MI4CApp\\Anggi\\public\\index.php')
INFO - 2023-07-05 15:21:31 --> Session: Class initialized using 'CodeIgniter\Session\Handlers\FileHandler' driver.
CRITICAL - 2023-07-05 15:21:31 --> Invalid file: "film/.php"
in SYSTEMPATH\Exceptions\FrameworkException.php on line 33.
 1 SYSTEMPATH\View\View.php(201): CodeIgniter\Exceptions\FrameworkException::forInvalidFile('film/.php')
 2 SYSTEMPATH\Common.php(1184): CodeIgniter\View\View->render('film/', [], true)
 3 APPPATH\Controllers\Film.php(50): view('film/', [...])
 4 SYSTEMPATH\CodeIgniter.php(934): App\Controllers\Film->update('1')
 5 SYSTEMPATH\CodeIgniter.php(499): CodeIgniter\CodeIgniter->runController(Object(App\Controllers\Film))
 6 SYSTEMPATH\CodeIgniter.php(368): CodeIgniter\CodeIgniter->handleRequest(null, Object(Config\Cache), false)
 7 FCPATH\index.php(67): CodeIgniter\CodeIgniter->run()
 8 SYSTEMPATH\Commands\Server\rewrite.php(47): require_once('C:\\Users\\Anggi Alisya\\OneDrive\\Dokumen\\GitHub\\FrameWork\\MI4CApp\\Anggi\\public\\index.php')
INFO - 2023-07-05 15:22:23 --> Session: Class initialized using 'CodeIgniter\Session\Handlers\FileHandler' driver.
CRITICAL - 2023-07-05 15:22:23 --> Invalid file: "film/update.php"
in SYSTEMPATH\Exceptions\FrameworkException.php on line 33.
 1 SYSTEMPATH\View\View.php(201): CodeIgniter\Exceptions\FrameworkException::forInvalidFile('film/update.php')
 2 SYSTEMPATH\Common.php(1184): CodeIgniter\View\View->render('film/update', [], true)
 3 APPPATH\Controllers\Film.php(50): view('film/update', [...])
 4 SYSTEMPATH\CodeIgniter.php(934): App\Controllers\Film->update('1')
 5 SYSTEMPATH\CodeIgniter.php(499): CodeIgniter\CodeIgniter->runController(Object(App\Controllers\Film))
 6 SYSTEMPATH\CodeIgniter.php(368): CodeIgniter\CodeIgniter->handleRequest(null, Object(Config\Cache), false)
 7 FCPATH\index.php(67): CodeIgniter\CodeIgniter->run()
 8 SYSTEMPATH\Commands\Server\rewrite.php(47): require_once('C:\\Users\\Anggi Alisya\\OneDrive\\Dokumen\\GitHub\\FrameWork\\MI4CApp\\Anggi\\public\\index.php')
CRITICAL - 2023-07-05 15:22:59 --> syntax error, unexpected token "}", expecting ";"
in APPPATH\Controllers\Film.php on line 51.
 1 SYSTEMPATH\Router\Router.php(507): CodeIgniter\Router\AutoRouter->getRoute('film/update/1')
 2 SYSTEMPATH\Router\Router.php(206): CodeIgniter\Router\Router->autoRoute('film/update/1')
 3 SYSTEMPATH\CodeIgniter.php(815): CodeIgniter\Router\Router->handle('film/update/1')
 4 SYSTEMPATH\CodeIgniter.php(449): CodeIgniter\CodeIgniter->tryToRouteIt(Object(CodeIgniter\Router\RouteCollection))
 5 SYSTEMPATH\CodeIgniter.php(368): CodeIgniter\CodeIgniter->handleRequest(null, Object(Config\Cache), false)
 6 FCPATH\index.php(67): CodeIgniter\CodeIgniter->run()
 7 SYSTEMPATH\Commands\Server\rewrite.php(47): require_once('C:\\Users\\Anggi Alisya\\OneDrive\\Dokumen\\GitHub\\FrameWork\\MI4CApp\\Anggi\\public\\index.php')
INFO - 2023-07-05 15:23:13 --> Session: Class initialized using 'CodeIgniter\Session\Handlers\FileHandler' driver.
CRITICAL - 2023-07-05 15:23:13 --> Invalid file: "film/update.php"
in SYSTEMPATH\Exceptions\FrameworkException.php on line 33.
 1 SYSTEMPATH\View\View.php(201): CodeIgniter\Exceptions\FrameworkException::forInvalidFile('film/update.php')
 2 SYSTEMPATH\Common.php(1184): CodeIgniter\View\View->render('film/update', [], true)
 3 APPPATH\Controllers\Film.php(50): view('film/update')
 4 SYSTEMPATH\CodeIgniter.php(934): App\Controllers\Film->update('1')
 5 SYSTEMPATH\CodeIgniter.php(499): CodeIgniter\CodeIgniter->runController(Object(App\Controllers\Film))
 6 SYSTEMPATH\CodeIgniter.php(368): CodeIgniter\CodeIgniter->handleRequest(null, Object(Config\Cache), false)
 7 FCPATH\index.php(67): CodeIgniter\CodeIgniter->run()
 8 SYSTEMPATH\Commands\Server\rewrite.php(47): require_once('C:\\Users\\Anggi Alisya\\OneDrive\\Dokumen\\GitHub\\FrameWork\\MI4CApp\\Anggi\\public\\index.php')
INFO - 2023-07-05 15:27:26 --> Session: Class initialized using 'CodeIgniter\Session\Handlers\FileHandler' driver.
CRITICAL - 2023-07-05 15:27:26 --> Invalid file: "film/update.php"
in SYSTEMPATH\Exceptions\FrameworkException.php on line 33.
 1 SYSTEMPATH\View\View.php(201): CodeIgniter\Exceptions\FrameworkException::forInvalidFile('film/update.php')
 2 SYSTEMPATH\Common.php(1184): CodeIgniter\View\View->render('film/update', [], true)
 3 APPPATH\Controllers\Film.php(50): view('film/update', [...])
 4 SYSTEMPATH\CodeIgniter.php(934): App\Controllers\Film->update('1')
 5 SYSTEMPATH\CodeIgniter.php(499): CodeIgniter\CodeIgniter->runController(Object(App\Controllers\Film))
 6 SYSTEMPATH\CodeIgniter.php(368): CodeIgniter\CodeIgniter->handleRequest(null, Object(Config\Cache), false)
 7 FCPATH\index.php(67): CodeIgniter\CodeIgniter->run()
 8 SYSTEMPATH\Commands\Server\rewrite.php(47): require_once('C:\\Users\\Anggi Alisya\\OneDrive\\Dokumen\\GitHub\\FrameWork\\MI4CApp\\Anggi\\public\\index.php')
INFO - 2023-07-05 15:27:27 --> Session: Class initialized using 'CodeIgniter\Session\Handlers\FileHandler' driver.
CRITICAL - 2023-07-05 15:27:27 --> Invalid file: "film/update.php"
in SYSTEMPATH\Exceptions\FrameworkException.php on line 33.
 1 SYSTEMPATH\View\View.php(201): CodeIgniter\Exceptions\FrameworkException::forInvalidFile('film/update.php')
 2 SYSTEMPATH\Common.php(1184): CodeIgniter\View\View->render('film/update', [], true)
 3 APPPATH\Controllers\Film.php(50): view('film/update', [...])
 4 SYSTEMPATH\CodeIgniter.php(934): App\Controllers\Film->update('1')
 5 SYSTEMPATH\CodeIgniter.php(499): CodeIgniter\CodeIgniter->runController(Object(App\Controllers\Film))
 6 SYSTEMPATH\CodeIgniter.php(368): CodeIgniter\CodeIgniter->handleRequest(null, Object(Config\Cache), false)
 7 FCPATH\index.php(67): CodeIgniter\CodeIgniter->run()
 8 SYSTEMPATH\Commands\Server\rewrite.php(47): require_once('C:\\Users\\Anggi Alisya\\OneDrive\\Dokumen\\GitHub\\FrameWork\\MI4CApp\\Anggi\\public\\index.php')
INFO - 2023-07-05 15:27:29 --> Session: Class initialized using 'CodeIgniter\Session\Handlers\FileHandler' driver.
CRITICAL - 2023-07-05 15:27:29 --> Invalid file: "film/update.php"
in SYSTEMPATH\Exceptions\FrameworkException.php on line 33.
 1 SYSTEMPATH\View\View.php(201): CodeIgniter\Exceptions\FrameworkException::forInvalidFile('film/update.php')
 2 SYSTEMPATH\Common.php(1184): CodeIgniter\View\View->render('film/update', [], true)
 3 APPPATH\Controllers\Film.php(50): view('film/update', [...])
 4 SYSTEMPATH\CodeIgniter.php(934): App\Controllers\Film->update('1')
 5 SYSTEMPATH\CodeIgniter.php(499): CodeIgniter\CodeIgniter->runController(Object(App\Controllers\Film))
 6 SYSTEMPATH\CodeIgniter.php(368): CodeIgniter\CodeIgniter->handleRequest(null, Object(Config\Cache), false)
 7 FCPATH\index.php(67): CodeIgniter\CodeIgniter->run()
 8 SYSTEMPATH\Commands\Server\rewrite.php(47): require_once('C:\\Users\\Anggi Alisya\\OneDrive\\Dokumen\\GitHub\\FrameWork\\MI4CApp\\Anggi\\public\\index.php')
INFO - 2023-07-05 15:34:23 --> Session: Class initialized using 'CodeIgniter\Session\Handlers\FileHandler' driver.
CRITICAL - 2023-07-05 15:34:23 --> Undefined variable $film
in APPPATH\Views\film\edit.php on line 23.
 1 APPPATH\Views\film\edit.php(23): CodeIgniter\Debug\Exceptions->errorHandler(2, 'Undefined variable $film', 'C:\\Users\\Anggi Alisya\\OneDrive\\Dokumen\\GitHub\\FrameWork\\MI4CApp\\Anggi\\app\\Views\\film\\edit.php', 23)
 2 SYSTEMPATH\View\View.php(213): include('C:\\Users\\Anggi Alisya\\OneDrive\\Dokumen\\GitHub\\FrameWork\\MI4CApp\\Anggi\\app\\Views\\film\\edit.php')
 3 SYSTEMPATH\View\View.php(216): CodeIgniter\View\View->CodeIgniter\View\{closure}()
 4 SYSTEMPATH\Common.php(1184): CodeIgniter\View\View->render('film/edit', [], true)
 5 APPPATH\Controllers\Film.php(50): view('film/edit', [...])
 6 SYSTEMPATH\CodeIgniter.php(934): App\Controllers\Film->update('1')
 7 SYSTEMPATH\CodeIgniter.php(499): CodeIgniter\CodeIgniter->runController(Object(App\Controllers\Film))
 8 SYSTEMPATH\CodeIgniter.php(368): CodeIgniter\CodeIgniter->handleRequest(null, Object(Config\Cache), false)
 9 FCPATH\index.php(67): CodeIgniter\CodeIgniter->run()
10 SYSTEMPATH\Commands\Server\rewrite.php(47): require_once('C:\\Users\\Anggi Alisya\\OneDrive\\Dokumen\\GitHub\\FrameWork\\MI4CApp\\Anggi\\public\\index.php')
INFO - 2023-07-05 15:41:47 --> Session: Class initialized using 'CodeIgniter\Session\Handlers\FileHandler' driver.
CRITICAL - 2023-07-05 15:41:47 --> Undefined variable $film
in APPPATH\Views\film\edit.php on line 23.
 1 APPPATH\Views\film\edit.php(23): CodeIgniter\Debug\Exceptions->errorHandler(2, 'Undefined variable $film', 'C:\\Users\\Anggi Alisya\\OneDrive\\Dokumen\\GitHub\\FrameWork\\MI4CApp\\Anggi\\app\\Views\\film\\edit.php', 23)
 2 SYSTEMPATH\View\View.php(213): include('C:\\Users\\Anggi Alisya\\OneDrive\\Dokumen\\GitHub\\FrameWork\\MI4CApp\\Anggi\\app\\Views\\film\\edit.php')
 3 SYSTEMPATH\View\View.php(216): CodeIgniter\View\View->CodeIgniter\View\{closure}()
 4 SYSTEMPATH\Common.php(1184): CodeIgniter\View\View->render('film/edit', [], true)
 5 APPPATH\Controllers\Film.php(50): view('film/edit', [...])
 6 SYSTEMPATH\CodeIgniter.php(934): App\Controllers\Film->update('1')
 7 SYSTEMPATH\CodeIgniter.php(499): CodeIgniter\CodeIgniter->runController(Object(App\Controllers\Film))
 8 SYSTEMPATH\CodeIgniter.php(368): CodeIgniter\CodeIgniter->handleRequest(null, Object(Config\Cache), false)
 9 FCPATH\index.php(67): CodeIgniter\CodeIgniter->run()
10 SYSTEMPATH\Commands\Server\rewrite.php(47): require_once('C:\\Users\\Anggi Alisya\\OneDrive\\Dokumen\\GitHub\\FrameWork\\MI4CApp\\Anggi\\public\\index.php')
INFO - 2023-07-05 15:51:21 --> Session: Class initialized using 'CodeIgniter\Session\Handlers\FileHandler' driver.
CRITICAL - 2023-07-05 15:51:21 --> Undefined variable $film
in APPPATH\Views\film\edit.php on line 23.
 1 APPPATH\Views\film\edit.php(23): CodeIgniter\Debug\Exceptions->errorHandler(2, 'Undefined variable $film', 'C:\\Users\\Anggi Alisya\\OneDrive\\Dokumen\\GitHub\\FrameWork\\MI4CApp\\Anggi\\app\\Views\\film\\edit.php', 23)
 2 SYSTEMPATH\View\View.php(213): include('C:\\Users\\Anggi Alisya\\OneDrive\\Dokumen\\GitHub\\FrameWork\\MI4CApp\\Anggi\\app\\Views\\film\\edit.php')
 3 SYSTEMPATH\View\View.php(216): CodeIgniter\View\View->CodeIgniter\View\{closure}()
 4 SYSTEMPATH\Common.php(1184): CodeIgniter\View\View->render('film/edit', [], true)
 5 APPPATH\Controllers\Film.php(50): view('film/edit', [...])
 6 SYSTEMPATH\CodeIgniter.php(934): App\Controllers\Film->update('1')
 7 SYSTEMPATH\CodeIgniter.php(499): CodeIgniter\CodeIgniter->runController(Object(App\Controllers\Film))
 8 SYSTEMPATH\CodeIgniter.php(368): CodeIgniter\CodeIgniter->handleRequest(null, Object(Config\Cache), false)
 9 FCPATH\index.php(67): CodeIgniter\CodeIgniter->run()
10 SYSTEMPATH\Commands\Server\rewrite.php(47): require_once('C:\\Users\\Anggi Alisya\\OneDrive\\Dokumen\\GitHub\\FrameWork\\MI4CApp\\Anggi\\public\\index.php')
INFO - 2023-07-05 16:33:23 --> Session: Class initialized using 'CodeIgniter\Session\Handlers\FileHandler' driver.
CRITICAL - 2023-07-05 16:33:23 --> Undefined variable $film
in APPPATH\Views\film\edit.php on line 16.
 1 APPPATH\Views\film\edit.php(16): CodeIgniter\Debug\Exceptions->errorHandler(2, 'Undefined variable $film', 'C:\\Users\\Anggi Alisya\\OneDrive\\Dokumen\\GitHub\\FrameWork\\MI4CApp\\Anggi\\app\\Views\\film\\edit.php', 16)
 2 SYSTEMPATH\View\View.php(213): include('C:\\Users\\Anggi Alisya\\OneDrive\\Dokumen\\GitHub\\FrameWork\\MI4CApp\\Anggi\\app\\Views\\film\\edit.php')
 3 SYSTEMPATH\View\View.php(216): CodeIgniter\View\View->CodeIgniter\View\{closure}()
 4 SYSTEMPATH\Common.php(1184): CodeIgniter\View\View->render('film/edit', [], true)
 5 APPPATH\Controllers\Film.php(50): view('film/edit', [...])
 6 SYSTEMPATH\CodeIgniter.php(934): App\Controllers\Film->update('1')
 7 SYSTEMPATH\CodeIgniter.php(499): CodeIgniter\CodeIgniter->runController(Object(App\Controllers\Film))
 8 SYSTEMPATH\CodeIgniter.php(368): CodeIgniter\CodeIgniter->handleRequest(null, Object(Config\Cache), false)
 9 FCPATH\index.php(67): CodeIgniter\CodeIgniter->run()
10 SYSTEMPATH\Commands\Server\rewrite.php(47): require_once('C:\\Users\\Anggi Alisya\\OneDrive\\Dokumen\\GitHub\\FrameWork\\MI4CApp\\Anggi\\public\\index.php')
INFO - 2023-07-05 16:34:47 --> Session: Class initialized using 'CodeIgniter\Session\Handlers\FileHandler' driver.
CRITICAL - 2023-07-05 16:34:47 --> Undefined variable $film
in APPPATH\Views\film\edit.php on line 16.
 1 APPPATH\Views\film\edit.php(16): CodeIgniter\Debug\Exceptions->errorHandler(2, 'Undefined variable $film', 'C:\\Users\\Anggi Alisya\\OneDrive\\Dokumen\\GitHub\\FrameWork\\MI4CApp\\Anggi\\app\\Views\\film\\edit.php', 16)
 2 SYSTEMPATH\View\View.php(213): include('C:\\Users\\Anggi Alisya\\OneDrive\\Dokumen\\GitHub\\FrameWork\\MI4CApp\\Anggi\\app\\Views\\film\\edit.php')
 3 SYSTEMPATH\View\View.php(216): CodeIgniter\View\View->CodeIgniter\View\{closure}()
 4 SYSTEMPATH\Common.php(1184): CodeIgniter\View\View->render('film/edit', [], true)
 5 APPPATH\Controllers\Film.php(50): view('film/edit', [...])
 6 SYSTEMPATH\CodeIgniter.php(934): App\Controllers\Film->update('1')
 7 SYSTEMPATH\CodeIgniter.php(499): CodeIgniter\CodeIgniter->runController(Object(App\Controllers\Film))
 8 SYSTEMPATH\CodeIgniter.php(368): CodeIgniter\CodeIgniter->handleRequest(null, Object(Config\Cache), false)
 9 FCPATH\index.php(67): CodeIgniter\CodeIgniter->run()
10 SYSTEMPATH\Commands\Server\rewrite.php(47): require_once('C:\\Users\\Anggi Alisya\\OneDrive\\Dokumen\\GitHub\\FrameWork\\MI4CApp\\Anggi\\public\\index.php')
INFO - 2023-07-05 16:35:59 --> Session: Class initialized using 'CodeIgniter\Session\Handlers\FileHandler' driver.
CRITICAL - 2023-07-05 16:35:59 --> Undefined variable $film
in APPPATH\Views\film\edit.php on line 16.
 1 APPPATH\Views\film\edit.php(16): CodeIgniter\Debug\Exceptions->errorHandler(2, 'Undefined variable $film', 'C:\\Users\\Anggi Alisya\\OneDrive\\Dokumen\\GitHub\\FrameWork\\MI4CApp\\Anggi\\app\\Views\\film\\edit.php', 16)
 2 SYSTEMPATH\View\View.php(213): include('C:\\Users\\Anggi Alisya\\OneDrive\\Dokumen\\GitHub\\FrameWork\\MI4CApp\\Anggi\\app\\Views\\film\\edit.php')
 3 SYSTEMPATH\View\View.php(216): CodeIgniter\View\View->CodeIgniter\View\{closure}()
 4 SYSTEMPATH\Common.php(1184): CodeIgniter\View\View->render('film/edit', [], true)
 5 APPPATH\Controllers\Film.php(50): view('film/edit', [...])
 6 SYSTEMPATH\CodeIgniter.php(934): App\Controllers\Film->update('1')
 7 SYSTEMPATH\CodeIgniter.php(499): CodeIgniter\CodeIgniter->runController(Object(App\Controllers\Film))
 8 SYSTEMPATH\CodeIgniter.php(368): CodeIgniter\CodeIgniter->handleRequest(null, Object(Config\Cache), false)
 9 FCPATH\index.php(67): CodeIgniter\CodeIgniter->run()
10 SYSTEMPATH\Commands\Server\rewrite.php(47): require_once('C:\\Users\\Anggi Alisya\\OneDrive\\Dokumen\\GitHub\\FrameWork\\MI4CApp\\Anggi\\public\\index.php')
INFO - 2023-07-05 16:36:01 --> Session: Class initialized using 'CodeIgniter\Session\Handlers\FileHandler' driver.
CRITICAL - 2023-07-05 16:36:01 --> Undefined variable $film
in APPPATH\Views\film\edit.php on line 16.
 1 APPPATH\Views\film\edit.php(16): CodeIgniter\Debug\Exceptions->errorHandler(2, 'Undefined variable $film', 'C:\\Users\\Anggi Alisya\\OneDrive\\Dokumen\\GitHub\\FrameWork\\MI4CApp\\Anggi\\app\\Views\\film\\edit.php', 16)
 2 SYSTEMPATH\View\View.php(213): include('C:\\Users\\Anggi Alisya\\OneDrive\\Dokumen\\GitHub\\FrameWork\\MI4CApp\\Anggi\\app\\Views\\film\\edit.php')
 3 SYSTEMPATH\View\View.php(216): CodeIgniter\View\View->CodeIgniter\View\{closure}()
 4 SYSTEMPATH\Common.php(1184): CodeIgniter\View\View->render('film/edit', [], true)
 5 APPPATH\Controllers\Film.php(50): view('film/edit', [...])
 6 SYSTEMPATH\CodeIgniter.php(934): App\Controllers\Film->update('1')
 7 SYSTEMPATH\CodeIgniter.php(499): CodeIgniter\CodeIgniter->runController(Object(App\Controllers\Film))
 8 SYSTEMPATH\CodeIgniter.php(368): CodeIgniter\CodeIgniter->handleRequest(null, Object(Config\Cache), false)
 9 FCPATH\index.php(67): CodeIgniter\CodeIgniter->run()
10 SYSTEMPATH\Commands\Server\rewrite.php(47): require_once('C:\\Users\\Anggi Alisya\\OneDrive\\Dokumen\\GitHub\\FrameWork\\MI4CApp\\Anggi\\public\\index.php')
INFO - 2023-07-05 16:37:01 --> Session: Class initialized using 'CodeIgniter\Session\Handlers\FileHandler' driver.
CRITICAL - 2023-07-05 16:37:01 --> Undefined variable $film
in APPPATH\Views\film\edit.php on line 16.
 1 APPPATH\Views\film\edit.php(16): CodeIgniter\Debug\Exceptions->errorHandler(2, 'Undefined variable $film', 'C:\\Users\\Anggi Alisya\\OneDrive\\Dokumen\\GitHub\\FrameWork\\MI4CApp\\Anggi\\app\\Views\\film\\edit.php', 16)
 2 SYSTEMPATH\View\View.php(213): include('C:\\Users\\Anggi Alisya\\OneDrive\\Dokumen\\GitHub\\FrameWork\\MI4CApp\\Anggi\\app\\Views\\film\\edit.php')
 3 SYSTEMPATH\View\View.php(216): CodeIgniter\View\View->CodeIgniter\View\{closure}()
 4 SYSTEMPATH\Common.php(1184): CodeIgniter\View\View->render('film/edit', [], true)
 5 APPPATH\Controllers\Film.php(50): view('film/edit', [...])
 6 SYSTEMPATH\CodeIgniter.php(934): App\Controllers\Film->update('1')
 7 SYSTEMPATH\CodeIgniter.php(499): CodeIgniter\CodeIgniter->runController(Object(App\Controllers\Film))
 8 SYSTEMPATH\CodeIgniter.php(368): CodeIgniter\CodeIgniter->handleRequest(null, Object(Config\Cache), false)
 9 FCPATH\index.php(67): CodeIgniter\CodeIgniter->run()
10 SYSTEMPATH\Commands\Server\rewrite.php(47): require_once('C:\\Users\\Anggi Alisya\\OneDrive\\Dokumen\\GitHub\\FrameWork\\MI4CApp\\Anggi\\public\\index.php')
INFO - 2023-07-05 16:38:00 --> Session: Class initialized using 'CodeIgniter\Session\Handlers\FileHandler' driver.
CRITICAL - 2023-07-05 16:38:00 --> Undefined variable $film
in APPPATH\Views\film\edit.php on line 23.
 1 APPPATH\Views\film\edit.php(23): CodeIgniter\Debug\Exceptions->errorHandler(2, 'Undefined variable $film', 'C:\\Users\\Anggi Alisya\\OneDrive\\Dokumen\\GitHub\\FrameWork\\MI4CApp\\Anggi\\app\\Views\\film\\edit.php', 23)
 2 SYSTEMPATH\View\View.php(213): include('C:\\Users\\Anggi Alisya\\OneDrive\\Dokumen\\GitHub\\FrameWork\\MI4CApp\\Anggi\\app\\Views\\film\\edit.php')
 3 SYSTEMPATH\View\View.php(216): CodeIgniter\View\View->CodeIgniter\View\{closure}()
 4 SYSTEMPATH\Common.php(1184): CodeIgniter\View\View->render('film/edit', [], true)
 5 APPPATH\Controllers\Film.php(50): view('film/edit', [...])
 6 SYSTEMPATH\CodeIgniter.php(934): App\Controllers\Film->update('1')
 7 SYSTEMPATH\CodeIgniter.php(499): CodeIgniter\CodeIgniter->runController(Object(App\Controllers\Film))
 8 SYSTEMPATH\CodeIgniter.php(368): CodeIgniter\CodeIgniter->handleRequest(null, Object(Config\Cache), false)
 9 FCPATH\index.php(67): CodeIgniter\CodeIgniter->run()
10 SYSTEMPATH\Commands\Server\rewrite.php(47): require_once('C:\\Users\\Anggi Alisya\\OneDrive\\Dokumen\\GitHub\\FrameWork\\MI4CApp\\Anggi\\public\\index.php')
INFO - 2023-07-05 16:40:36 --> Session: Class initialized using 'CodeIgniter\Session\Handlers\FileHandler' driver.
CRITICAL - 2023-07-05 16:40:36 --> Undefined variable $film
in APPPATH\Views\film\edit.php on line 30.
 1 APPPATH\Views\film\edit.php(30): CodeIgniter\Debug\Exceptions->errorHandler(2, 'Undefined variable $film', 'C:\\Users\\Anggi Alisya\\OneDrive\\Dokumen\\GitHub\\FrameWork\\MI4CApp\\Anggi\\app\\Views\\film\\edit.php', 30)
 2 SYSTEMPATH\View\View.php(213): include('C:\\Users\\Anggi Alisya\\OneDrive\\Dokumen\\GitHub\\FrameWork\\MI4CApp\\Anggi\\app\\Views\\film\\edit.php')
 3 SYSTEMPATH\View\View.php(216): CodeIgniter\View\View->CodeIgniter\View\{closure}()
 4 SYSTEMPATH\Common.php(1184): CodeIgniter\View\View->render('film/edit', [], true)
 5 APPPATH\Controllers\Film.php(50): view('film/edit', [...])
 6 SYSTEMPATH\CodeIgniter.php(934): App\Controllers\Film->update('1')
 7 SYSTEMPATH\CodeIgniter.php(499): CodeIgniter\CodeIgniter->runController(Object(App\Controllers\Film))
 8 SYSTEMPATH\CodeIgniter.php(368): CodeIgniter\CodeIgniter->handleRequest(null, Object(Config\Cache), false)
 9 FCPATH\index.php(67): CodeIgniter\CodeIgniter->run()
10 SYSTEMPATH\Commands\Server\rewrite.php(47): require_once('C:\\Users\\Anggi Alisya\\OneDrive\\Dokumen\\GitHub\\FrameWork\\MI4CApp\\Anggi\\public\\index.php')
INFO - 2023-07-05 16:42:01 --> Session: Class initialized using 'CodeIgniter\Session\Handlers\FileHandler' driver.
CRITICAL - 2023-07-05 16:42:01 --> Undefined variable $film
in APPPATH\Views\film\edit.php on line 46.
 1 APPPATH\Views\film\edit.php(46): CodeIgniter\Debug\Exceptions->errorHandler(2, 'Undefined variable $film', 'C:\\Users\\Anggi Alisya\\OneDrive\\Dokumen\\GitHub\\FrameWork\\MI4CApp\\Anggi\\app\\Views\\film\\edit.php', 46)
 2 SYSTEMPATH\View\View.php(213): include('C:\\Users\\Anggi Alisya\\OneDrive\\Dokumen\\GitHub\\FrameWork\\MI4CApp\\Anggi\\app\\Views\\film\\edit.php')
 3 SYSTEMPATH\View\View.php(216): CodeIgniter\View\View->CodeIgniter\View\{closure}()
 4 SYSTEMPATH\Common.php(1184): CodeIgniter\View\View->render('film/edit', [], true)
 5 APPPATH\Controllers\Film.php(50): view('film/edit', [...])
 6 SYSTEMPATH\CodeIgniter.php(934): App\Controllers\Film->update('1')
 7 SYSTEMPATH\CodeIgniter.php(499): CodeIgniter\CodeIgniter->runController(Object(App\Controllers\Film))
 8 SYSTEMPATH\CodeIgniter.php(368): CodeIgniter\CodeIgniter->handleRequest(null, Object(Config\Cache), false)
 9 FCPATH\index.php(67): CodeIgniter\CodeIgniter->run()
10 SYSTEMPATH\Commands\Server\rewrite.php(47): require_once('C:\\Users\\Anggi Alisya\\OneDrive\\Dokumen\\GitHub\\FrameWork\\MI4CApp\\Anggi\\public\\index.php')
INFO - 2023-07-05 16:42:27 --> Session: Class initialized using 'CodeIgniter\Session\Handlers\FileHandler' driver.
CRITICAL - 2023-07-05 16:42:27 --> Undefined array key "id_genre"
in APPPATH\Views\film\edit.php on line 46.
 1 APPPATH\Views\film\edit.php(46): CodeIgniter\Debug\Exceptions->errorHandler(2, 'Undefined array key "id_genre"', 'C:\\Users\\Anggi Alisya\\OneDrive\\Dokumen\\GitHub\\FrameWork\\MI4CApp\\Anggi\\app\\Views\\film\\edit.php', 46)
 2 SYSTEMPATH\View\View.php(213): include('C:\\Users\\Anggi Alisya\\OneDrive\\Dokumen\\GitHub\\FrameWork\\MI4CApp\\Anggi\\app\\Views\\film\\edit.php')
 3 SYSTEMPATH\View\View.php(216): CodeIgniter\View\View->CodeIgniter\View\{closure}()
 4 SYSTEMPATH\Common.php(1184): CodeIgniter\View\View->render('film/edit', [], true)
 5 APPPATH\Controllers\Film.php(50): view('film/edit', [...])
 6 SYSTEMPATH\CodeIgniter.php(934): App\Controllers\Film->update('1')
 7 SYSTEMPATH\CodeIgniter.php(499): CodeIgniter\CodeIgniter->runController(Object(App\Controllers\Film))
 8 SYSTEMPATH\CodeIgniter.php(368): CodeIgniter\CodeIgniter->handleRequest(null, Object(Config\Cache), false)
 9 FCPATH\index.php(67): CodeIgniter\CodeIgniter->run()
10 SYSTEMPATH\Commands\Server\rewrite.php(47): require_once('C:\\Users\\Anggi Alisya\\OneDrive\\Dokumen\\GitHub\\FrameWork\\MI4CApp\\Anggi\\public\\index.php')
INFO - 2023-07-05 16:43:38 --> Session: Class initialized using 'CodeIgniter\Session\Handlers\FileHandler' driver.
CRITICAL - 2023-07-05 16:43:38 --> Undefined array key "id_genre"
in APPPATH\Views\film\edit.php on line 46.
 1 APPPATH\Views\film\edit.php(46): CodeIgniter\Debug\Exceptions->errorHandler(2, 'Undefined array key "id_genre"', 'C:\\Users\\Anggi Alisya\\OneDrive\\Dokumen\\GitHub\\FrameWork\\MI4CApp\\Anggi\\app\\Views\\film\\edit.php', 46)
 2 SYSTEMPATH\View\View.php(213): include('C:\\Users\\Anggi Alisya\\OneDrive\\Dokumen\\GitHub\\FrameWork\\MI4CApp\\Anggi\\app\\Views\\film\\edit.php')
 3 SYSTEMPATH\View\View.php(216): CodeIgniter\View\View->CodeIgniter\View\{closure}()
 4 SYSTEMPATH\Common.php(1184): CodeIgniter\View\View->render('film/edit', [], true)
 5 APPPATH\Controllers\Film.php(50): view('film/edit', [...])
 6 SYSTEMPATH\CodeIgniter.php(934): App\Controllers\Film->update('1')
 7 SYSTEMPATH\CodeIgniter.php(499): CodeIgniter\CodeIgniter->runController(Object(App\Controllers\Film))
 8 SYSTEMPATH\CodeIgniter.php(368): CodeIgniter\CodeIgniter->handleRequest(null, Object(Config\Cache), false)
 9 FCPATH\index.php(67): CodeIgniter\CodeIgniter->run()
10 SYSTEMPATH\Commands\Server\rewrite.php(47): require_once('C:\\Users\\Anggi Alisya\\OneDrive\\Dokumen\\GitHub\\FrameWork\\MI4CApp\\Anggi\\public\\index.php')
INFO - 2023-07-05 16:44:24 --> Session: Class initialized using 'CodeIgniter\Session\Handlers\FileHandler' driver.
CRITICAL - 2023-07-05 16:44:24 --> Undefined array key "genre"
in APPPATH\Views\film\edit.php on line 46.
 1 APPPATH\Views\film\edit.php(46): CodeIgniter\Debug\Exceptions->errorHandler(2, 'Undefined array key "genre"', 'C:\\Users\\Anggi Alisya\\OneDrive\\Dokumen\\GitHub\\FrameWork\\MI4CApp\\Anggi\\app\\Views\\film\\edit.php', 46)
 2 SYSTEMPATH\View\View.php(213): include('C:\\Users\\Anggi Alisya\\OneDrive\\Dokumen\\GitHub\\FrameWork\\MI4CApp\\Anggi\\app\\Views\\film\\edit.php')
 3 SYSTEMPATH\View\View.php(216): CodeIgniter\View\View->CodeIgniter\View\{closure}()
 4 SYSTEMPATH\Common.php(1184): CodeIgniter\View\View->render('film/edit', [], true)
 5 APPPATH\Controllers\Film.php(50): view('film/edit', [...])
 6 SYSTEMPATH\CodeIgniter.php(934): App\Controllers\Film->update('1')
 7 SYSTEMPATH\CodeIgniter.php(499): CodeIgniter\CodeIgniter->runController(Object(App\Controllers\Film))
 8 SYSTEMPATH\CodeIgniter.php(368): CodeIgniter\CodeIgniter->handleRequest(null, Object(Config\Cache), false)
 9 FCPATH\index.php(67): CodeIgniter\CodeIgniter->run()
10 SYSTEMPATH\Commands\Server\rewrite.php(47): require_once('C:\\Users\\Anggi Alisya\\OneDrive\\Dokumen\\GitHub\\FrameWork\\MI4CApp\\Anggi\\public\\index.php')
INFO - 2023-07-05 16:44:36 --> Session: Class initialized using 'CodeIgniter\Session\Handlers\FileHandler' driver.
CRITICAL - 2023-07-05 16:44:36 --> Undefined array key "id_genre"
in APPPATH\Views\film\edit.php on line 46.
 1 APPPATH\Views\film\edit.php(46): CodeIgniter\Debug\Exceptions->errorHandler(2, 'Undefined array key "id_genre"', 'C:\\Users\\Anggi Alisya\\OneDrive\\Dokumen\\GitHub\\FrameWork\\MI4CApp\\Anggi\\app\\Views\\film\\edit.php', 46)
 2 SYSTEMPATH\View\View.php(213): include('C:\\Users\\Anggi Alisya\\OneDrive\\Dokumen\\GitHub\\FrameWork\\MI4CApp\\Anggi\\app\\Views\\film\\edit.php')
 3 SYSTEMPATH\View\View.php(216): CodeIgniter\View\View->CodeIgniter\View\{closure}()
 4 SYSTEMPATH\Common.php(1184): CodeIgniter\View\View->render('film/edit', [], true)
 5 APPPATH\Controllers\Film.php(50): view('film/edit', [...])
 6 SYSTEMPATH\CodeIgniter.php(934): App\Controllers\Film->update('1')
 7 SYSTEMPATH\CodeIgniter.php(499): CodeIgniter\CodeIgniter->runController(Object(App\Controllers\Film))
 8 SYSTEMPATH\CodeIgniter.php(368): CodeIgniter\CodeIgniter->handleRequest(null, Object(Config\Cache), false)
 9 FCPATH\index.php(67): CodeIgniter\CodeIgniter->run()
10 SYSTEMPATH\Commands\Server\rewrite.php(47): require_once('C:\\Users\\Anggi Alisya\\OneDrive\\Dokumen\\GitHub\\FrameWork\\MI4CApp\\Anggi\\public\\index.php')
INFO - 2023-07-05 16:44:43 --> Session: Class initialized using 'CodeIgniter\Session\Handlers\FileHandler' driver.
CRITICAL - 2023-07-05 16:44:43 --> Undefined variable $film
in APPPATH\Views\film\edit.php on line 46.
 1 APPPATH\Views\film\edit.php(46): CodeIgniter\Debug\Exceptions->errorHandler(2, 'Undefined variable $film', 'C:\\Users\\Anggi Alisya\\OneDrive\\Dokumen\\GitHub\\FrameWork\\MI4CApp\\Anggi\\app\\Views\\film\\edit.php', 46)
 2 SYSTEMPATH\View\View.php(213): include('C:\\Users\\Anggi Alisya\\OneDrive\\Dokumen\\GitHub\\FrameWork\\MI4CApp\\Anggi\\app\\Views\\film\\edit.php')
 3 SYSTEMPATH\View\View.php(216): CodeIgniter\View\View->CodeIgniter\View\{closure}()
 4 SYSTEMPATH\Common.php(1184): CodeIgniter\View\View->render('film/edit', [], true)
 5 APPPATH\Controllers\Film.php(50): view('film/edit', [...])
 6 SYSTEMPATH\CodeIgniter.php(934): App\Controllers\Film->update('1')
 7 SYSTEMPATH\CodeIgniter.php(499): CodeIgniter\CodeIgniter->runController(Object(App\Controllers\Film))
 8 SYSTEMPATH\CodeIgniter.php(368): CodeIgniter\CodeIgniter->handleRequest(null, Object(Config\Cache), false)
 9 FCPATH\index.php(67): CodeIgniter\CodeIgniter->run()
10 SYSTEMPATH\Commands\Server\rewrite.php(47): require_once('C:\\Users\\Anggi Alisya\\OneDrive\\Dokumen\\GitHub\\FrameWork\\MI4CApp\\Anggi\\public\\index.php')
INFO - 2023-07-05 16:45:22 --> Session: Class initialized using 'CodeIgniter\Session\Handlers\FileHandler' driver.
CRITICAL - 2023-07-05 16:45:22 --> Undefined array key "id_genre"
in APPPATH\Views\film\edit.php on line 46.
 1 APPPATH\Views\film\edit.php(46): CodeIgniter\Debug\Exceptions->errorHandler(2, 'Undefined array key "id_genre"', 'C:\\Users\\Anggi Alisya\\OneDrive\\Dokumen\\GitHub\\FrameWork\\MI4CApp\\Anggi\\app\\Views\\film\\edit.php', 46)
 2 SYSTEMPATH\View\View.php(213): include('C:\\Users\\Anggi Alisya\\OneDrive\\Dokumen\\GitHub\\FrameWork\\MI4CApp\\Anggi\\app\\Views\\film\\edit.php')
 3 SYSTEMPATH\View\View.php(216): CodeIgniter\View\View->CodeIgniter\View\{closure}()
 4 SYSTEMPATH\Common.php(1184): CodeIgniter\View\View->render('film/edit', [], true)
 5 APPPATH\Controllers\Film.php(50): view('film/edit', [...])
 6 SYSTEMPATH\CodeIgniter.php(934): App\Controllers\Film->update('1')
 7 SYSTEMPATH\CodeIgniter.php(499): CodeIgniter\CodeIgniter->runController(Object(App\Controllers\Film))
 8 SYSTEMPATH\CodeIgniter.php(368): CodeIgniter\CodeIgniter->handleRequest(null, Object(Config\Cache), false)
 9 FCPATH\index.php(67): CodeIgniter\CodeIgniter->run()
10 SYSTEMPATH\Commands\Server\rewrite.php(47): require_once('C:\\Users\\Anggi Alisya\\OneDrive\\Dokumen\\GitHub\\FrameWork\\MI4CApp\\Anggi\\public\\index.php')
INFO - 2023-07-05 16:45:56 --> Session: Class initialized using 'CodeIgniter\Session\Handlers\FileHandler' driver.
CRITICAL - 2023-07-05 16:45:56 --> Undefined array key "id_genre"
in APPPATH\Views\film\edit.php on line 47.
 1 APPPATH\Views\film\edit.php(47): CodeIgniter\Debug\Exceptions->errorHandler(2, 'Undefined array key "id_genre"', 'C:\\Users\\Anggi Alisya\\OneDrive\\Dokumen\\GitHub\\FrameWork\\MI4CApp\\Anggi\\app\\Views\\film\\edit.php', 47)
 2 SYSTEMPATH\View\View.php(213): include('C:\\Users\\Anggi Alisya\\OneDrive\\Dokumen\\GitHub\\FrameWork\\MI4CApp\\Anggi\\app\\Views\\film\\edit.php')
 3 SYSTEMPATH\View\View.php(216): CodeIgniter\View\View->CodeIgniter\View\{closure}()
 4 SYSTEMPATH\Common.php(1184): CodeIgniter\View\View->render('film/edit', [], true)
 5 APPPATH\Controllers\Film.php(50): view('film/edit', [...])
 6 SYSTEMPATH\CodeIgniter.php(934): App\Controllers\Film->update('1')
 7 SYSTEMPATH\CodeIgniter.php(499): CodeIgniter\CodeIgniter->runController(Object(App\Controllers\Film))
 8 SYSTEMPATH\CodeIgniter.php(368): CodeIgniter\CodeIgniter->handleRequest(null, Object(Config\Cache), false)
 9 FCPATH\index.php(67): CodeIgniter\CodeIgniter->run()
10 SYSTEMPATH\Commands\Server\rewrite.php(47): require_once('C:\\Users\\Anggi Alisya\\OneDrive\\Dokumen\\GitHub\\FrameWork\\MI4CApp\\Anggi\\public\\index.php')
INFO - 2023-07-05 16:46:34 --> Session: Class initialized using 'CodeIgniter\Session\Handlers\FileHandler' driver.
CRITICAL - 2023-07-05 16:46:34 --> Undefined array key "id_genre"
in APPPATH\Views\film\edit.php on line 47.
 1 APPPATH\Views\film\edit.php(47): CodeIgniter\Debug\Exceptions->errorHandler(2, 'Undefined array key "id_genre"', 'C:\\Users\\Anggi Alisya\\OneDrive\\Dokumen\\GitHub\\FrameWork\\MI4CApp\\Anggi\\app\\Views\\film\\edit.php', 47)
 2 SYSTEMPATH\View\View.php(213): include('C:\\Users\\Anggi Alisya\\OneDrive\\Dokumen\\GitHub\\FrameWork\\MI4CApp\\Anggi\\app\\Views\\film\\edit.php')
 3 SYSTEMPATH\View\View.php(216): CodeIgniter\View\View->CodeIgniter\View\{closure}()
 4 SYSTEMPATH\Common.php(1184): CodeIgniter\View\View->render('film/edit', [], true)
 5 APPPATH\Controllers\Film.php(50): view('film/edit', [...])
 6 SYSTEMPATH\CodeIgniter.php(934): App\Controllers\Film->update('1')
 7 SYSTEMPATH\CodeIgniter.php(499): CodeIgniter\CodeIgniter->runController(Object(App\Controllers\Film))
 8 SYSTEMPATH\CodeIgniter.php(368): CodeIgniter\CodeIgniter->handleRequest(null, Object(Config\Cache), false)
 9 FCPATH\index.php(67): CodeIgniter\CodeIgniter->run()
10 SYSTEMPATH\Commands\Server\rewrite.php(47): require_once('C:\\Users\\Anggi Alisya\\OneDrive\\Dokumen\\GitHub\\FrameWork\\MI4CApp\\Anggi\\public\\index.php')
INFO - 2023-07-05 16:47:17 --> Session: Class initialized using 'CodeIgniter\Session\Handlers\FileHandler' driver.
CRITICAL - 2023-07-05 16:47:17 --> Undefined array key "id_genre"
in APPPATH\Views\film\edit.php on line 49.
 1 APPPATH\Views\film\edit.php(49): CodeIgniter\Debug\Exceptions->errorHandler(2, 'Undefined array key "id_genre"', 'C:\\Users\\Anggi Alisya\\OneDrive\\Dokumen\\GitHub\\FrameWork\\MI4CApp\\Anggi\\app\\Views\\film\\edit.php', 49)
 2 SYSTEMPATH\View\View.php(213): include('C:\\Users\\Anggi Alisya\\OneDrive\\Dokumen\\GitHub\\FrameWork\\MI4CApp\\Anggi\\app\\Views\\film\\edit.php')
 3 SYSTEMPATH\View\View.php(216): CodeIgniter\View\View->CodeIgniter\View\{closure}()
 4 SYSTEMPATH\Common.php(1184): CodeIgniter\View\View->render('film/edit', [], true)
 5 APPPATH\Controllers\Film.php(50): view('film/edit', [...])
 6 SYSTEMPATH\CodeIgniter.php(934): App\Controllers\Film->update('1')
 7 SYSTEMPATH\CodeIgniter.php(499): CodeIgniter\CodeIgniter->runController(Object(App\Controllers\Film))
 8 SYSTEMPATH\CodeIgniter.php(368): CodeIgniter\CodeIgniter->handleRequest(null, Object(Config\Cache), false)
 9 FCPATH\index.php(67): CodeIgniter\CodeIgniter->run()
10 SYSTEMPATH\Commands\Server\rewrite.php(47): require_once('C:\\Users\\Anggi Alisya\\OneDrive\\Dokumen\\GitHub\\FrameWork\\MI4CApp\\Anggi\\public\\index.php')
INFO - 2023-07-05 16:47:42 --> Session: Class initialized using 'CodeIgniter\Session\Handlers\FileHandler' driver.
CRITICAL - 2023-07-05 16:47:42 --> Undefined variable $film
in APPPATH\Views\film\edit.php on line 65.
 1 APPPATH\Views\film\edit.php(65): CodeIgniter\Debug\Exceptions->errorHandler(2, 'Undefined variable $film', 'C:\\Users\\Anggi Alisya\\OneDrive\\Dokumen\\GitHub\\FrameWork\\MI4CApp\\Anggi\\app\\Views\\film\\edit.php', 65)
 2 SYSTEMPATH\View\View.php(213): include('C:\\Users\\Anggi Alisya\\OneDrive\\Dokumen\\GitHub\\FrameWork\\MI4CApp\\Anggi\\app\\Views\\film\\edit.php')
 3 SYSTEMPATH\View\View.php(216): CodeIgniter\View\View->CodeIgniter\View\{closure}()
 4 SYSTEMPATH\Common.php(1184): CodeIgniter\View\View->render('film/edit', [], true)
 5 APPPATH\Controllers\Film.php(50): view('film/edit', [...])
 6 SYSTEMPATH\CodeIgniter.php(934): App\Controllers\Film->update('1')
 7 SYSTEMPATH\CodeIgniter.php(499): CodeIgniter\CodeIgniter->runController(Object(App\Controllers\Film))
 8 SYSTEMPATH\CodeIgniter.php(368): CodeIgniter\CodeIgniter->handleRequest(null, Object(Config\Cache), false)
 9 FCPATH\index.php(67): CodeIgniter\CodeIgniter->run()
10 SYSTEMPATH\Commands\Server\rewrite.php(47): require_once('C:\\Users\\Anggi Alisya\\OneDrive\\Dokumen\\GitHub\\FrameWork\\MI4CApp\\Anggi\\public\\index.php')
INFO - 2023-07-05 16:49:21 --> Session: Class initialized using 'CodeIgniter\Session\Handlers\FileHandler' driver.
CRITICAL - 2023-07-05 16:49:21 --> Undefined variable $film
in APPPATH\Views\film\edit.php on line 88.
 1 APPPATH\Views\film\edit.php(88): CodeIgniter\Debug\Exceptions->errorHandler(2, 'Undefined variable $film', 'C:\\Users\\Anggi Alisya\\OneDrive\\Dokumen\\GitHub\\FrameWork\\MI4CApp\\Anggi\\app\\Views\\film\\edit.php', 88)
 2 SYSTEMPATH\View\View.php(213): include('C:\\Users\\Anggi Alisya\\OneDrive\\Dokumen\\GitHub\\FrameWork\\MI4CApp\\Anggi\\app\\Views\\film\\edit.php')
 3 SYSTEMPATH\View\View.php(216): CodeIgniter\View\View->CodeIgniter\View\{closure}()
 4 SYSTEMPATH\Common.php(1184): CodeIgniter\View\View->render('film/edit', [], true)
 5 APPPATH\Controllers\Film.php(50): view('film/edit', [...])
 6 SYSTEMPATH\CodeIgniter.php(934): App\Controllers\Film->update('1')
 7 SYSTEMPATH\CodeIgniter.php(499): CodeIgniter\CodeIgniter->runController(Object(App\Controllers\Film))
 8 SYSTEMPATH\CodeIgniter.php(368): CodeIgniter\CodeIgniter->handleRequest(null, Object(Config\Cache), false)
 9 FCPATH\index.php(67): CodeIgniter\CodeIgniter->run()
10 SYSTEMPATH\Commands\Server\rewrite.php(47): require_once('C:\\Users\\Anggi Alisya\\OneDrive\\Dokumen\\GitHub\\FrameWork\\MI4CApp\\Anggi\\public\\index.php')
INFO - 2023-07-05 16:49:47 --> Session: Class initialized using 'CodeIgniter\Session\Handlers\FileHandler' driver.
CRITICAL - 2023-07-05 16:49:47 --> Undefined variable $film
in APPPATH\Views\film\edit.php on line 89.
 1 APPPATH\Views\film\edit.php(89): CodeIgniter\Debug\Exceptions->errorHandler(2, 'Undefined variable $film', 'C:\\Users\\Anggi Alisya\\OneDrive\\Dokumen\\GitHub\\FrameWork\\MI4CApp\\Anggi\\app\\Views\\film\\edit.php', 89)
 2 SYSTEMPATH\View\View.php(213): include('C:\\Users\\Anggi Alisya\\OneDrive\\Dokumen\\GitHub\\FrameWork\\MI4CApp\\Anggi\\app\\Views\\film\\edit.php')
 3 SYSTEMPATH\View\View.php(216): CodeIgniter\View\View->CodeIgniter\View\{closure}()
 4 SYSTEMPATH\Common.php(1184): CodeIgniter\View\View->render('film/edit', [], true)
 5 APPPATH\Controllers\Film.php(50): view('film/edit', [...])
 6 SYSTEMPATH\CodeIgniter.php(934): App\Controllers\Film->update('1')
 7 SYSTEMPATH\CodeIgniter.php(499): CodeIgniter\CodeIgniter->runController(Object(App\Controllers\Film))
 8 SYSTEMPATH\CodeIgniter.php(368): CodeIgniter\CodeIgniter->handleRequest(null, Object(Config\Cache), false)
 9 FCPATH\index.php(67): CodeIgniter\CodeIgniter->run()
10 SYSTEMPATH\Commands\Server\rewrite.php(47): require_once('C:\\Users\\Anggi Alisya\\OneDrive\\Dokumen\\GitHub\\FrameWork\\MI4CApp\\Anggi\\public\\index.php')
INFO - 2023-07-05 16:50:01 --> Session: Class initialized using 'CodeIgniter\Session\Handlers\FileHandler' driver.
INFO - 2023-07-05 16:50:02 --> Session: Class initialized using 'CodeIgniter\Session\Handlers\FileHandler' driver.
CRITICAL - 2023-07-05 16:50:02 --> Trying to access array offset on value of type null
in APPPATH\Views\film\edit.php on line 23.
 1 APPPATH\Views\film\edit.php(23): CodeIgniter\Debug\Exceptions->errorHandler(2, 'Trying to access array offset on value of type null', 'C:\\Users\\Anggi Alisya\\OneDrive\\Dokumen\\GitHub\\FrameWork\\MI4CApp\\Anggi\\app\\Views\\film\\edit.php', 23)
 2 SYSTEMPATH\View\View.php(213): include('C:\\Users\\Anggi Alisya\\OneDrive\\Dokumen\\GitHub\\FrameWork\\MI4CApp\\Anggi\\app\\Views\\film\\edit.php')
 3 SYSTEMPATH\View\View.php(216): CodeIgniter\View\View->CodeIgniter\View\{closure}()
 4 SYSTEMPATH\Common.php(1184): CodeIgniter\View\View->render('film/edit', [], true)
 5 APPPATH\Controllers\Film.php(50): view('film/edit', [...])
 6 SYSTEMPATH\CodeIgniter.php(934): App\Controllers\Film->update('assets', 'js', 'bootstrap.min.js')
 7 SYSTEMPATH\CodeIgniter.php(499): CodeIgniter\CodeIgniter->runController(Object(App\Controllers\Film))
 8 SYSTEMPATH\CodeIgniter.php(368): CodeIgniter\CodeIgniter->handleRequest(null, Object(Config\Cache), false)
 9 FCPATH\index.php(67): CodeIgniter\CodeIgniter->run()
10 SYSTEMPATH\Commands\Server\rewrite.php(47): require_once('C:\\Users\\Anggi Alisya\\OneDrive\\Dokumen\\GitHub\\FrameWork\\MI4CApp\\Anggi\\public\\index.php')
INFO - 2023-07-05 16:51:14 --> Session: Class initialized using 'CodeIgniter\Session\Handlers\FileHandler' driver.
INFO - 2023-07-05 16:51:14 --> Session: Class initialized using 'CodeIgniter\Session\Handlers\FileHandler' driver.
CRITICAL - 2023-07-05 16:51:14 --> Trying to access array offset on value of type null
in APPPATH\Views\film\edit.php on line 23.
 1 APPPATH\Views\film\edit.php(23): CodeIgniter\Debug\Exceptions->errorHandler(2, 'Trying to access array offset on value of type null', 'C:\\Users\\Anggi Alisya\\OneDrive\\Dokumen\\GitHub\\FrameWork\\MI4CApp\\Anggi\\app\\Views\\film\\edit.php', 23)
 2 SYSTEMPATH\View\View.php(213): include('C:\\Users\\Anggi Alisya\\OneDrive\\Dokumen\\GitHub\\FrameWork\\MI4CApp\\Anggi\\app\\Views\\film\\edit.php')
 3 SYSTEMPATH\View\View.php(216): CodeIgniter\View\View->CodeIgniter\View\{closure}()
 4 SYSTEMPATH\Common.php(1184): CodeIgniter\View\View->render('film/edit', [], true)
 5 APPPATH\Controllers\Film.php(50): view('film/edit', [...])
 6 SYSTEMPATH\CodeIgniter.php(934): App\Controllers\Film->update('assets', 'js', 'bootstrap.min.js')
 7 SYSTEMPATH\CodeIgniter.php(499): CodeIgniter\CodeIgniter->runController(Object(App\Controllers\Film))
 8 SYSTEMPATH\CodeIgniter.php(368): CodeIgniter\CodeIgniter->handleRequest(null, Object(Config\Cache), false)
 9 FCPATH\index.php(67): CodeIgniter\CodeIgniter->run()
10 SYSTEMPATH\Commands\Server\rewrite.php(47): require_once('C:\\Users\\Anggi Alisya\\OneDrive\\Dokumen\\GitHub\\FrameWork\\MI4CApp\\Anggi\\public\\index.php')
INFO - 2023-07-05 16:51:15 --> Session: Class initialized using 'CodeIgniter\Session\Handlers\FileHandler' driver.
INFO - 2023-07-05 16:51:15 --> Session: Class initialized using 'CodeIgniter\Session\Handlers\FileHandler' driver.
CRITICAL - 2023-07-05 16:51:15 --> Trying to access array offset on value of type null
in APPPATH\Views\film\edit.php on line 23.
 1 APPPATH\Views\film\edit.php(23): CodeIgniter\Debug\Exceptions->errorHandler(2, 'Trying to access array offset on value of type null', 'C:\\Users\\Anggi Alisya\\OneDrive\\Dokumen\\GitHub\\FrameWork\\MI4CApp\\Anggi\\app\\Views\\film\\edit.php', 23)
 2 SYSTEMPATH\View\View.php(213): include('C:\\Users\\Anggi Alisya\\OneDrive\\Dokumen\\GitHub\\FrameWork\\MI4CApp\\Anggi\\app\\Views\\film\\edit.php')
 3 SYSTEMPATH\View\View.php(216): CodeIgniter\View\View->CodeIgniter\View\{closure}()
 4 SYSTEMPATH\Common.php(1184): CodeIgniter\View\View->render('film/edit', [], true)
 5 APPPATH\Controllers\Film.php(50): view('film/edit', [...])
 6 SYSTEMPATH\CodeIgniter.php(934): App\Controllers\Film->update('assets', 'js', 'bootstrap.min.js')
 7 SYSTEMPATH\CodeIgniter.php(499): CodeIgniter\CodeIgniter->runController(Object(App\Controllers\Film))
 8 SYSTEMPATH\CodeIgniter.php(368): CodeIgniter\CodeIgniter->handleRequest(null, Object(Config\Cache), false)
 9 FCPATH\index.php(67): CodeIgniter\CodeIgniter->run()
10 SYSTEMPATH\Commands\Server\rewrite.php(47): require_once('C:\\Users\\Anggi Alisya\\OneDrive\\Dokumen\\GitHub\\FrameWork\\MI4CApp\\Anggi\\public\\index.php')
INFO - 2023-07-05 16:51:22 --> Session: Class initialized using 'CodeIgniter\Session\Handlers\FileHandler' driver.
INFO - 2023-07-05 16:51:22 --> Session: Class initialized using 'CodeIgniter\Session\Handlers\FileHandler' driver.
CRITICAL - 2023-07-05 16:51:22 --> Trying to access array offset on value of type null
in APPPATH\Views\film\edit.php on line 23.
 1 APPPATH\Views\film\edit.php(23): CodeIgniter\Debug\Exceptions->errorHandler(2, 'Trying to access array offset on value of type null', 'C:\\Users\\Anggi Alisya\\OneDrive\\Dokumen\\GitHub\\FrameWork\\MI4CApp\\Anggi\\app\\Views\\film\\edit.php', 23)
 2 SYSTEMPATH\View\View.php(213): include('C:\\Users\\Anggi Alisya\\OneDrive\\Dokumen\\GitHub\\FrameWork\\MI4CApp\\Anggi\\app\\Views\\film\\edit.php')
 3 SYSTEMPATH\View\View.php(216): CodeIgniter\View\View->CodeIgniter\View\{closure}()
 4 SYSTEMPATH\Common.php(1184): CodeIgniter\View\View->render('film/edit', [], true)
 5 APPPATH\Controllers\Film.php(50): view('film/edit', [...])
 6 SYSTEMPATH\CodeIgniter.php(934): App\Controllers\Film->update('assets', 'js', 'bootstrap.min.js')
 7 SYSTEMPATH\CodeIgniter.php(499): CodeIgniter\CodeIgniter->runController(Object(App\Controllers\Film))
 8 SYSTEMPATH\CodeIgniter.php(368): CodeIgniter\CodeIgniter->handleRequest(null, Object(Config\Cache), false)
 9 FCPATH\index.php(67): CodeIgniter\CodeIgniter->run()
10 SYSTEMPATH\Commands\Server\rewrite.php(47): require_once('C:\\Users\\Anggi Alisya\\OneDrive\\Dokumen\\GitHub\\FrameWork\\MI4CApp\\Anggi\\public\\index.php')
INFO - 2023-07-05 16:51:28 --> Session: Class initialized using 'CodeIgniter\Session\Handlers\FileHandler' driver.
INFO - 2023-07-05 16:51:28 --> Session: Class initialized using 'CodeIgniter\Session\Handlers\FileHandler' driver.
CRITICAL - 2023-07-05 16:51:28 --> Trying to access array offset on value of type null
in APPPATH\Views\film\edit.php on line 23.
 1 APPPATH\Views\film\edit.php(23): CodeIgniter\Debug\Exceptions->errorHandler(2, 'Trying to access array offset on value of type null', 'C:\\Users\\Anggi Alisya\\OneDrive\\Dokumen\\GitHub\\FrameWork\\MI4CApp\\Anggi\\app\\Views\\film\\edit.php', 23)
 2 SYSTEMPATH\View\View.php(213): include('C:\\Users\\Anggi Alisya\\OneDrive\\Dokumen\\GitHub\\FrameWork\\MI4CApp\\Anggi\\app\\Views\\film\\edit.php')
 3 SYSTEMPATH\View\View.php(216): CodeIgniter\View\View->CodeIgniter\View\{closure}()
 4 SYSTEMPATH\Common.php(1184): CodeIgniter\View\View->render('film/edit', [], true)
 5 APPPATH\Controllers\Film.php(50): view('film/edit', [...])
 6 SYSTEMPATH\CodeIgniter.php(934): App\Controllers\Film->update('assets', 'js', 'bootstrap.min.js')
 7 SYSTEMPATH\CodeIgniter.php(499): CodeIgniter\CodeIgniter->runController(Object(App\Controllers\Film))
 8 SYSTEMPATH\CodeIgniter.php(368): CodeIgniter\CodeIgniter->handleRequest(null, Object(Config\Cache), false)
 9 FCPATH\index.php(67): CodeIgniter\CodeIgniter->run()
10 SYSTEMPATH\Commands\Server\rewrite.php(47): require_once('C:\\Users\\Anggi Alisya\\OneDrive\\Dokumen\\GitHub\\FrameWork\\MI4CApp\\Anggi\\public\\index.php')
INFO - 2023-07-05 16:51:36 --> Session: Class initialized using 'CodeIgniter\Session\Handlers\FileHandler' driver.
INFO - 2023-07-05 16:51:36 --> Session: Class initialized using 'CodeIgniter\Session\Handlers\FileHandler' driver.
CRITICAL - 2023-07-05 16:51:36 --> Trying to access array offset on value of type null
in APPPATH\Views\film\edit.php on line 23.
 1 APPPATH\Views\film\edit.php(23): CodeIgniter\Debug\Exceptions->errorHandler(2, 'Trying to access array offset on value of type null', 'C:\\Users\\Anggi Alisya\\OneDrive\\Dokumen\\GitHub\\FrameWork\\MI4CApp\\Anggi\\app\\Views\\film\\edit.php', 23)
 2 SYSTEMPATH\View\View.php(213): include('C:\\Users\\Anggi Alisya\\OneDrive\\Dokumen\\GitHub\\FrameWork\\MI4CApp\\Anggi\\app\\Views\\film\\edit.php')
 3 SYSTEMPATH\View\View.php(216): CodeIgniter\View\View->CodeIgniter\View\{closure}()
 4 SYSTEMPATH\Common.php(1184): CodeIgniter\View\View->render('film/edit', [], true)
 5 APPPATH\Controllers\Film.php(50): view('film/edit', [...])
 6 SYSTEMPATH\CodeIgniter.php(934): App\Controllers\Film->update('assets', 'js', 'bootstrap.min.js')
 7 SYSTEMPATH\CodeIgniter.php(499): CodeIgniter\CodeIgniter->runController(Object(App\Controllers\Film))
 8 SYSTEMPATH\CodeIgniter.php(368): CodeIgniter\CodeIgniter->handleRequest(null, Object(Config\Cache), false)
 9 FCPATH\index.php(67): CodeIgniter\CodeIgniter->run()
10 SYSTEMPATH\Commands\Server\rewrite.php(47): require_once('C:\\Users\\Anggi Alisya\\OneDrive\\Dokumen\\GitHub\\FrameWork\\MI4CApp\\Anggi\\public\\index.php')
INFO - 2023-07-05 16:51:41 --> Session: Class initialized using 'CodeIgniter\Session\Handlers\FileHandler' driver.
INFO - 2023-07-05 16:51:41 --> Session: Class initialized using 'CodeIgniter\Session\Handlers\FileHandler' driver.
CRITICAL - 2023-07-05 16:51:41 --> Trying to access array offset on value of type null
in APPPATH\Views\film\edit.php on line 23.
 1 APPPATH\Views\film\edit.php(23): CodeIgniter\Debug\Exceptions->errorHandler(2, 'Trying to access array offset on value of type null', 'C:\\Users\\Anggi Alisya\\OneDrive\\Dokumen\\GitHub\\FrameWork\\MI4CApp\\Anggi\\app\\Views\\film\\edit.php', 23)
 2 SYSTEMPATH\View\View.php(213): include('C:\\Users\\Anggi Alisya\\OneDrive\\Dokumen\\GitHub\\FrameWork\\MI4CApp\\Anggi\\app\\Views\\film\\edit.php')
 3 SYSTEMPATH\View\View.php(216): CodeIgniter\View\View->CodeIgniter\View\{closure}()
 4 SYSTEMPATH\Common.php(1184): CodeIgniter\View\View->render('film/edit', [], true)
 5 APPPATH\Controllers\Film.php(50): view('film/edit', [...])
 6 SYSTEMPATH\CodeIgniter.php(934): App\Controllers\Film->update('assets', 'js', 'bootstrap.min.js')
 7 SYSTEMPATH\CodeIgniter.php(499): CodeIgniter\CodeIgniter->runController(Object(App\Controllers\Film))
 8 SYSTEMPATH\CodeIgniter.php(368): CodeIgniter\CodeIgniter->handleRequest(null, Object(Config\Cache), false)
 9 FCPATH\index.php(67): CodeIgniter\CodeIgniter->run()
10 SYSTEMPATH\Commands\Server\rewrite.php(47): require_once('C:\\Users\\Anggi Alisya\\OneDrive\\Dokumen\\GitHub\\FrameWork\\MI4CApp\\Anggi\\public\\index.php')
INFO - 2023-07-05 16:53:08 --> Session: Class initialized using 'CodeIgniter\Session\Handlers\FileHandler' driver.
INFO - 2023-07-05 16:53:08 --> Session: Class initialized using 'CodeIgniter\Session\Handlers\FileHandler' driver.
CRITICAL - 2023-07-05 16:53:08 --> Trying to access array offset on value of type null
in APPPATH\Views\film\edit.php on line 22.
 1 APPPATH\Views\film\edit.php(22): CodeIgniter\Debug\Exceptions->errorHandler(2, 'Trying to access array offset on value of type null', 'C:\\Users\\Anggi Alisya\\OneDrive\\Dokumen\\GitHub\\FrameWork\\MI4CApp\\Anggi\\app\\Views\\film\\edit.php', 22)
 2 SYSTEMPATH\View\View.php(213): include('C:\\Users\\Anggi Alisya\\OneDrive\\Dokumen\\GitHub\\FrameWork\\MI4CApp\\Anggi\\app\\Views\\film\\edit.php')
 3 SYSTEMPATH\View\View.php(216): CodeIgniter\View\View->CodeIgniter\View\{closure}()
 4 SYSTEMPATH\Common.php(1184): CodeIgniter\View\View->render('film/edit', [], true)
 5 APPPATH\Controllers\Film.php(50): view('film/edit', [...])
 6 SYSTEMPATH\CodeIgniter.php(934): App\Controllers\Film->update('assets', 'js', 'bootstrap.min.js')
 7 SYSTEMPATH\CodeIgniter.php(499): CodeIgniter\CodeIgniter->runController(Object(App\Controllers\Film))
 8 SYSTEMPATH\CodeIgniter.php(368): CodeIgniter\CodeIgniter->handleRequest(null, Object(Config\Cache), false)
 9 FCPATH\index.php(67): CodeIgniter\CodeIgniter->run()
10 SYSTEMPATH\Commands\Server\rewrite.php(47): require_once('C:\\Users\\Anggi Alisya\\OneDrive\\Dokumen\\GitHub\\FrameWork\\MI4CApp\\Anggi\\public\\index.php')
CRITICAL - 2023-07-05 16:54:09 --> Too few arguments to function App\Controllers\Film::update(), 0 passed in C:\Users\Anggi Alisya\OneDrive\Dokumen\GitHub\FrameWork\MI4CApp\Anggi\system\CodeIgniter.php on line 934 and exactly 1 expected
in APPPATH\Controllers\Film.php on line 45.
 1 SYSTEMPATH\CodeIgniter.php(934): App\Controllers\Film->update()
 2 SYSTEMPATH\CodeIgniter.php(499): CodeIgniter\CodeIgniter->runController(Object(App\Controllers\Film))
 3 SYSTEMPATH\CodeIgniter.php(368): CodeIgniter\CodeIgniter->handleRequest(null, Object(Config\Cache), false)
 4 FCPATH\index.php(67): CodeIgniter\CodeIgniter->run()
 5 SYSTEMPATH\Commands\Server\rewrite.php(47): require_once('C:\\Users\\Anggi Alisya\\OneDrive\\Dokumen\\GitHub\\FrameWork\\MI4CApp\\Anggi\\public\\index.php')
INFO - 2023-07-05 16:55:12 --> Session: Class initialized using 'CodeIgniter\Session\Handlers\FileHandler' driver.
INFO - 2023-07-05 16:55:12 --> Session: Class initialized using 'CodeIgniter\Session\Handlers\FileHandler' driver.
CRITICAL - 2023-07-05 16:55:12 --> Trying to access array offset on value of type null
in APPPATH\Views\film\edit.php on line 22.
 1 APPPATH\Views\film\edit.php(22): CodeIgniter\Debug\Exceptions->errorHandler(2, 'Trying to access array offset on value of type null', 'C:\\Users\\Anggi Alisya\\OneDrive\\Dokumen\\GitHub\\FrameWork\\MI4CApp\\Anggi\\app\\Views\\film\\edit.php', 22)
 2 SYSTEMPATH\View\View.php(213): include('C:\\Users\\Anggi Alisya\\OneDrive\\Dokumen\\GitHub\\FrameWork\\MI4CApp\\Anggi\\app\\Views\\film\\edit.php')
 3 SYSTEMPATH\View\View.php(216): CodeIgniter\View\View->CodeIgniter\View\{closure}()
 4 SYSTEMPATH\Common.php(1184): CodeIgniter\View\View->render('film/edit', [], true)
 5 APPPATH\Controllers\Film.php(50): view('film/edit', [...])
 6 SYSTEMPATH\CodeIgniter.php(934): App\Controllers\Film->update('assets', 'js', 'bootstrap.min.js')
 7 SYSTEMPATH\CodeIgniter.php(499): CodeIgniter\CodeIgniter->runController(Object(App\Controllers\Film))
 8 SYSTEMPATH\CodeIgniter.php(368): CodeIgniter\CodeIgniter->handleRequest(null, Object(Config\Cache), false)
 9 FCPATH\index.php(67): CodeIgniter\CodeIgniter->run()
10 SYSTEMPATH\Commands\Server\rewrite.php(47): require_once('C:\\Users\\Anggi Alisya\\OneDrive\\Dokumen\\GitHub\\FrameWork\\MI4CApp\\Anggi\\public\\index.php')
INFO - 2023-07-05 16:56:04 --> Session: Class initialized using 'CodeIgniter\Session\Handlers\FileHandler' driver.
INFO - 2023-07-05 16:56:05 --> Session: Class initialized using 'CodeIgniter\Session\Handlers\FileHandler' driver.
CRITICAL - 2023-07-05 16:56:05 --> Trying to access array offset on value of type null
in APPPATH\Views\film\edit.php on line 22.
 1 APPPATH\Views\film\edit.php(22): CodeIgniter\Debug\Exceptions->errorHandler(2, 'Trying to access array offset on value of type null', 'C:\\Users\\Anggi Alisya\\OneDrive\\Dokumen\\GitHub\\FrameWork\\MI4CApp\\Anggi\\app\\Views\\film\\edit.php', 22)
 2 SYSTEMPATH\View\View.php(213): include('C:\\Users\\Anggi Alisya\\OneDrive\\Dokumen\\GitHub\\FrameWork\\MI4CApp\\Anggi\\app\\Views\\film\\edit.php')
 3 SYSTEMPATH\View\View.php(216): CodeIgniter\View\View->CodeIgniter\View\{closure}()
 4 SYSTEMPATH\Common.php(1184): CodeIgniter\View\View->render('film/edit', [], true)
 5 APPPATH\Controllers\Film.php(50): view('film/edit', [...])
 6 SYSTEMPATH\CodeIgniter.php(934): App\Controllers\Film->update('assets', 'js', 'bootstrap.min.js')
 7 SYSTEMPATH\CodeIgniter.php(499): CodeIgniter\CodeIgniter->runController(Object(App\Controllers\Film))
 8 SYSTEMPATH\CodeIgniter.php(368): CodeIgniter\CodeIgniter->handleRequest(null, Object(Config\Cache), false)
 9 FCPATH\index.php(67): CodeIgniter\CodeIgniter->run()
10 SYSTEMPATH\Commands\Server\rewrite.php(47): require_once('C:\\Users\\Anggi Alisya\\OneDrive\\Dokumen\\GitHub\\FrameWork\\MI4CApp\\Anggi\\public\\index.php')
INFO - 2023-07-05 16:58:05 --> Session: Class initialized using 'CodeIgniter\Session\Handlers\FileHandler' driver.
INFO - 2023-07-05 16:58:05 --> Session: Class initialized using 'CodeIgniter\Session\Handlers\FileHandler' driver.
CRITICAL - 2023-07-05 16:58:05 --> Trying to access array offset on value of type null
in APPPATH\Views\film\edit.php on line 22.
 1 APPPATH\Views\film\edit.php(22): CodeIgniter\Debug\Exceptions->errorHandler(2, 'Trying to access array offset on value of type null', 'C:\\Users\\Anggi Alisya\\OneDrive\\Dokumen\\GitHub\\FrameWork\\MI4CApp\\Anggi\\app\\Views\\film\\edit.php', 22)
 2 SYSTEMPATH\View\View.php(213): include('C:\\Users\\Anggi Alisya\\OneDrive\\Dokumen\\GitHub\\FrameWork\\MI4CApp\\Anggi\\app\\Views\\film\\edit.php')
 3 SYSTEMPATH\View\View.php(216): CodeIgniter\View\View->CodeIgniter\View\{closure}()
 4 SYSTEMPATH\Common.php(1184): CodeIgniter\View\View->render('film/edit', [], true)
 5 APPPATH\Controllers\Film.php(50): view('film/edit', [...])
 6 SYSTEMPATH\CodeIgniter.php(934): App\Controllers\Film->update('assets', 'js', 'bootstrap.min.js')
 7 SYSTEMPATH\CodeIgniter.php(499): CodeIgniter\CodeIgniter->runController(Object(App\Controllers\Film))
 8 SYSTEMPATH\CodeIgniter.php(368): CodeIgniter\CodeIgniter->handleRequest(null, Object(Config\Cache), false)
 9 FCPATH\index.php(67): CodeIgniter\CodeIgniter->run()
10 SYSTEMPATH\Commands\Server\rewrite.php(47): require_once('C:\\Users\\Anggi Alisya\\OneDrive\\Dokumen\\GitHub\\FrameWork\\MI4CApp\\Anggi\\public\\index.php')
INFO - 2023-07-05 16:58:12 --> Session: Class initialized using 'CodeIgniter\Session\Handlers\FileHandler' driver.
INFO - 2023-07-05 16:58:13 --> Session: Class initialized using 'CodeIgniter\Session\Handlers\FileHandler' driver.
CRITICAL - 2023-07-05 16:58:13 --> Trying to access array offset on value of type null
in APPPATH\Views\film\edit.php on line 22.
 1 APPPATH\Views\film\edit.php(22): CodeIgniter\Debug\Exceptions->errorHandler(2, 'Trying to access array offset on value of type null', 'C:\\Users\\Anggi Alisya\\OneDrive\\Dokumen\\GitHub\\FrameWork\\MI4CApp\\Anggi\\app\\Views\\film\\edit.php', 22)
 2 SYSTEMPATH\View\View.php(213): include('C:\\Users\\Anggi Alisya\\OneDrive\\Dokumen\\GitHub\\FrameWork\\MI4CApp\\Anggi\\app\\Views\\film\\edit.php')
 3 SYSTEMPATH\View\View.php(216): CodeIgniter\View\View->CodeIgniter\View\{closure}()
 4 SYSTEMPATH\Common.php(1184): CodeIgniter\View\View->render('film/edit', [], true)
 5 APPPATH\Controllers\Film.php(50): view('film/edit', [...])
 6 SYSTEMPATH\CodeIgniter.php(934): App\Controllers\Film->update('assets', 'js', 'bootstrap.min.js')
 7 SYSTEMPATH\CodeIgniter.php(499): CodeIgniter\CodeIgniter->runController(Object(App\Controllers\Film))
 8 SYSTEMPATH\CodeIgniter.php(368): CodeIgniter\CodeIgniter->handleRequest(null, Object(Config\Cache), false)
 9 FCPATH\index.php(67): CodeIgniter\CodeIgniter->run()
10 SYSTEMPATH\Commands\Server\rewrite.php(47): require_once('C:\\Users\\Anggi Alisya\\OneDrive\\Dokumen\\GitHub\\FrameWork\\MI4CApp\\Anggi\\public\\index.php')
CRITICAL - 2023-07-05 16:58:19 --> Too few arguments to function App\Controllers\Film::update(), 0 passed in C:\Users\Anggi Alisya\OneDrive\Dokumen\GitHub\FrameWork\MI4CApp\Anggi\system\CodeIgniter.php on line 934 and exactly 1 expected
in APPPATH\Controllers\Film.php on line 45.
 1 SYSTEMPATH\CodeIgniter.php(934): App\Controllers\Film->update()
 2 SYSTEMPATH\CodeIgniter.php(499): CodeIgniter\CodeIgniter->runController(Object(App\Controllers\Film))
 3 SYSTEMPATH\CodeIgniter.php(368): CodeIgniter\CodeIgniter->handleRequest(null, Object(Config\Cache), false)
 4 FCPATH\index.php(67): CodeIgniter\CodeIgniter->run()
 5 SYSTEMPATH\Commands\Server\rewrite.php(47): require_once('C:\\Users\\Anggi Alisya\\OneDrive\\Dokumen\\GitHub\\FrameWork\\MI4CApp\\Anggi\\public\\index.php')
CRITICAL - 2023-07-05 17:01:31 --> Too few arguments to function App\Controllers\Film::update(), 0 passed in C:\Users\Anggi Alisya\OneDrive\Dokumen\GitHub\FrameWork\MI4CApp\Anggi\system\CodeIgniter.php on line 934 and exactly 1 expected
in APPPATH\Controllers\Film.php on line 45.
 1 SYSTEMPATH\CodeIgniter.php(934): App\Controllers\Film->update()
 2 SYSTEMPATH\CodeIgniter.php(499): CodeIgniter\CodeIgniter->runController(Object(App\Controllers\Film))
 3 SYSTEMPATH\CodeIgniter.php(368): CodeIgniter\CodeIgniter->handleRequest(null, Object(Config\Cache), false)
 4 FCPATH\index.php(67): CodeIgniter\CodeIgniter->run()
 5 SYSTEMPATH\Commands\Server\rewrite.php(47): require_once('C:\\Users\\Anggi Alisya\\OneDrive\\Dokumen\\GitHub\\FrameWork\\MI4CApp\\Anggi\\public\\index.php')
INFO - 2023-07-05 17:01:33 --> Session: Class initialized using 'CodeIgniter\Session\Handlers\FileHandler' driver.
INFO - 2023-07-05 17:01:33 --> Session: Class initialized using 'CodeIgniter\Session\Handlers\FileHandler' driver.
CRITICAL - 2023-07-05 17:01:33 --> Trying to access array offset on value of type null
in APPPATH\Views\film\edit.php on line 22.
 1 APPPATH\Views\film\edit.php(22): CodeIgniter\Debug\Exceptions->errorHandler(2, 'Trying to access array offset on value of type null', 'C:\\Users\\Anggi Alisya\\OneDrive\\Dokumen\\GitHub\\FrameWork\\MI4CApp\\Anggi\\app\\Views\\film\\edit.php', 22)
 2 SYSTEMPATH\View\View.php(213): include('C:\\Users\\Anggi Alisya\\OneDrive\\Dokumen\\GitHub\\FrameWork\\MI4CApp\\Anggi\\app\\Views\\film\\edit.php')
 3 SYSTEMPATH\View\View.php(216): CodeIgniter\View\View->CodeIgniter\View\{closure}()
 4 SYSTEMPATH\Common.php(1184): CodeIgniter\View\View->render('film/edit', [], true)
 5 APPPATH\Controllers\Film.php(50): view('film/edit', [...])
 6 SYSTEMPATH\CodeIgniter.php(934): App\Controllers\Film->update('assets', 'js', 'bootstrap.min.js')
 7 SYSTEMPATH\CodeIgniter.php(499): CodeIgniter\CodeIgniter->runController(Object(App\Controllers\Film))
 8 SYSTEMPATH\CodeIgniter.php(368): CodeIgniter\CodeIgniter->handleRequest(null, Object(Config\Cache), false)
 9 FCPATH\index.php(67): CodeIgniter\CodeIgniter->run()
10 SYSTEMPATH\Commands\Server\rewrite.php(47): require_once('C:\\Users\\Anggi Alisya\\OneDrive\\Dokumen\\GitHub\\FrameWork\\MI4CApp\\Anggi\\public\\index.php')
INFO - 2023-07-05 17:01:37 --> Session: Class initialized using 'CodeIgniter\Session\Handlers\FileHandler' driver.
INFO - 2023-07-05 17:01:37 --> Session: Class initialized using 'CodeIgniter\Session\Handlers\FileHandler' driver.
CRITICAL - 2023-07-05 17:01:37 --> Trying to access array offset on value of type null
in APPPATH\Views\film\edit.php on line 22.
 1 APPPATH\Views\film\edit.php(22): CodeIgniter\Debug\Exceptions->errorHandler(2, 'Trying to access array offset on value of type null', 'C:\\Users\\Anggi Alisya\\OneDrive\\Dokumen\\GitHub\\FrameWork\\MI4CApp\\Anggi\\app\\Views\\film\\edit.php', 22)
 2 SYSTEMPATH\View\View.php(213): include('C:\\Users\\Anggi Alisya\\OneDrive\\Dokumen\\GitHub\\FrameWork\\MI4CApp\\Anggi\\app\\Views\\film\\edit.php')
 3 SYSTEMPATH\View\View.php(216): CodeIgniter\View\View->CodeIgniter\View\{closure}()
 4 SYSTEMPATH\Common.php(1184): CodeIgniter\View\View->render('film/edit', [], true)
 5 APPPATH\Controllers\Film.php(50): view('film/edit', [...])
 6 SYSTEMPATH\CodeIgniter.php(934): App\Controllers\Film->update('assets', 'js', 'bootstrap.min.js')
 7 SYSTEMPATH\CodeIgniter.php(499): CodeIgniter\CodeIgniter->runController(Object(App\Controllers\Film))
 8 SYSTEMPATH\CodeIgniter.php(368): CodeIgniter\CodeIgniter->handleRequest(null, Object(Config\Cache), false)
 9 FCPATH\index.php(67): CodeIgniter\CodeIgniter->run()
10 SYSTEMPATH\Commands\Server\rewrite.php(47): require_once('C:\\Users\\Anggi Alisya\\OneDrive\\Dokumen\\GitHub\\FrameWork\\MI4CApp\\Anggi\\public\\index.php')
INFO - 2023-07-05 18:02:39 --> Session: Class initialized using 'CodeIgniter\Session\Handlers\FileHandler' driver.
CRITICAL - 2023-07-05 18:02:39 --> Call to undefined method CodeIgniter\View\View::extendsection()
in APPPATH\Views\film\edit.php on line 2.
 1 SYSTEMPATH\View\View.php(213): include()
 2 SYSTEMPATH\View\View.php(216): CodeIgniter\View\View->CodeIgniter\View\{closure}()
 3 SYSTEMPATH\Common.php(1184): CodeIgniter\View\View->render('film/edit', [], true)
 4 APPPATH\Controllers\Film.php(50): view('film/edit', [...])
 5 SYSTEMPATH\CodeIgniter.php(934): App\Controllers\Film->update('1')
 6 SYSTEMPATH\CodeIgniter.php(499): CodeIgniter\CodeIgniter->runController(Object(App\Controllers\Film))
 7 SYSTEMPATH\CodeIgniter.php(368): CodeIgniter\CodeIgniter->handleRequest(null, Object(Config\Cache), false)
 8 FCPATH\index.php(67): CodeIgniter\CodeIgniter->run()
 9 SYSTEMPATH\Commands\Server\rewrite.php(47): require_once('C:\\Users\\Anggi Alisya\\OneDrive\\Dokumen\\GitHub\\FrameWork\\MI4CApp\\Anggi\\public\\index.php')
INFO - 2023-07-05 18:02:55 --> Session: Class initialized using 'CodeIgniter\Session\Handlers\FileHandler' driver.
INFO - 2023-07-05 18:02:55 --> Session: Class initialized using 'CodeIgniter\Session\Handlers\FileHandler' driver.
CRITICAL - 2023-07-05 18:02:55 --> Trying to access array offset on value of type null
in APPPATH\Views\film\edit.php on line 19.
 1 APPPATH\Views\film\edit.php(19): CodeIgniter\Debug\Exceptions->errorHandler(2, 'Trying to access array offset on value of type null', 'C:\\Users\\Anggi Alisya\\OneDrive\\Dokumen\\GitHub\\FrameWork\\MI4CApp\\Anggi\\app\\Views\\film\\edit.php', 19)
 2 SYSTEMPATH\View\View.php(213): include('C:\\Users\\Anggi Alisya\\OneDrive\\Dokumen\\GitHub\\FrameWork\\MI4CApp\\Anggi\\app\\Views\\film\\edit.php')
 3 SYSTEMPATH\View\View.php(216): CodeIgniter\View\View->CodeIgniter\View\{closure}()
 4 SYSTEMPATH\Common.php(1184): CodeIgniter\View\View->render('film/edit', [], true)
 5 APPPATH\Controllers\Film.php(50): view('film/edit', [...])
 6 SYSTEMPATH\CodeIgniter.php(934): App\Controllers\Film->update('assets', 'js', 'bootstrap.min.js')
 7 SYSTEMPATH\CodeIgniter.php(499): CodeIgniter\CodeIgniter->runController(Object(App\Controllers\Film))
 8 SYSTEMPATH\CodeIgniter.php(368): CodeIgniter\CodeIgniter->handleRequest(null, Object(Config\Cache), false)
 9 FCPATH\index.php(67): CodeIgniter\CodeIgniter->run()
10 SYSTEMPATH\Commands\Server\rewrite.php(47): require_once('C:\\Users\\Anggi Alisya\\OneDrive\\Dokumen\\GitHub\\FrameWork\\MI4CApp\\Anggi\\public\\index.php')
INFO - 2023-07-05 18:03:02 --> Session: Class initialized using 'CodeIgniter\Session\Handlers\FileHandler' driver.
INFO - 2023-07-05 18:03:03 --> Session: Class initialized using 'CodeIgniter\Session\Handlers\FileHandler' driver.
CRITICAL - 2023-07-05 18:03:03 --> Trying to access array offset on value of type null
in APPPATH\Views\film\edit.php on line 19.
 1 APPPATH\Views\film\edit.php(19): CodeIgniter\Debug\Exceptions->errorHandler(2, 'Trying to access array offset on value of type null', 'C:\\Users\\Anggi Alisya\\OneDrive\\Dokumen\\GitHub\\FrameWork\\MI4CApp\\Anggi\\app\\Views\\film\\edit.php', 19)
 2 SYSTEMPATH\View\View.php(213): include('C:\\Users\\Anggi Alisya\\OneDrive\\Dokumen\\GitHub\\FrameWork\\MI4CApp\\Anggi\\app\\Views\\film\\edit.php')
 3 SYSTEMPATH\View\View.php(216): CodeIgniter\View\View->CodeIgniter\View\{closure}()
 4 SYSTEMPATH\Common.php(1184): CodeIgniter\View\View->render('film/edit', [], true)
 5 APPPATH\Controllers\Film.php(50): view('film/edit', [...])
 6 SYSTEMPATH\CodeIgniter.php(934): App\Controllers\Film->update('assets', 'js', 'bootstrap.min.js')
 7 SYSTEMPATH\CodeIgniter.php(499): CodeIgniter\CodeIgniter->runController(Object(App\Controllers\Film))
 8 SYSTEMPATH\CodeIgniter.php(368): CodeIgniter\CodeIgniter->handleRequest(null, Object(Config\Cache), false)
 9 FCPATH\index.php(67): CodeIgniter\CodeIgniter->run()
10 SYSTEMPATH\Commands\Server\rewrite.php(47): require_once('C:\\Users\\Anggi Alisya\\OneDrive\\Dokumen\\GitHub\\FrameWork\\MI4CApp\\Anggi\\public\\index.php')
INFO - 2023-07-05 18:03:06 --> Session: Class initialized using 'CodeIgniter\Session\Handlers\FileHandler' driver.
INFO - 2023-07-05 18:03:06 --> Session: Class initialized using 'CodeIgniter\Session\Handlers\FileHandler' driver.
CRITICAL - 2023-07-05 18:03:06 --> Trying to access array offset on value of type null
in APPPATH\Views\film\edit.php on line 19.
 1 APPPATH\Views\film\edit.php(19): CodeIgniter\Debug\Exceptions->errorHandler(2, 'Trying to access array offset on value of type null', 'C:\\Users\\Anggi Alisya\\OneDrive\\Dokumen\\GitHub\\FrameWork\\MI4CApp\\Anggi\\app\\Views\\film\\edit.php', 19)
 2 SYSTEMPATH\View\View.php(213): include('C:\\Users\\Anggi Alisya\\OneDrive\\Dokumen\\GitHub\\FrameWork\\MI4CApp\\Anggi\\app\\Views\\film\\edit.php')
 3 SYSTEMPATH\View\View.php(216): CodeIgniter\View\View->CodeIgniter\View\{closure}()
 4 SYSTEMPATH\Common.php(1184): CodeIgniter\View\View->render('film/edit', [], true)
 5 APPPATH\Controllers\Film.php(50): view('film/edit', [...])
 6 SYSTEMPATH\CodeIgniter.php(934): App\Controllers\Film->update('assets', 'js', 'bootstrap.min.js')
 7 SYSTEMPATH\CodeIgniter.php(499): CodeIgniter\CodeIgniter->runController(Object(App\Controllers\Film))
 8 SYSTEMPATH\CodeIgniter.php(368): CodeIgniter\CodeIgniter->handleRequest(null, Object(Config\Cache), false)
 9 FCPATH\index.php(67): CodeIgniter\CodeIgniter->run()
10 SYSTEMPATH\Commands\Server\rewrite.php(47): require_once('C:\\Users\\Anggi Alisya\\OneDrive\\Dokumen\\GitHub\\FrameWork\\MI4CApp\\Anggi\\public\\index.php')
INFO - 2023-07-05 18:03:13 --> Session: Class initialized using 'CodeIgniter\Session\Handlers\FileHandler' driver.
INFO - 2023-07-05 18:03:13 --> Session: Class initialized using 'CodeIgniter\Session\Handlers\FileHandler' driver.
CRITICAL - 2023-07-05 18:03:13 --> Trying to access array offset on value of type null
in APPPATH\Views\film\edit.php on line 19.
 1 APPPATH\Views\film\edit.php(19): CodeIgniter\Debug\Exceptions->errorHandler(2, 'Trying to access array offset on value of type null', 'C:\\Users\\Anggi Alisya\\OneDrive\\Dokumen\\GitHub\\FrameWork\\MI4CApp\\Anggi\\app\\Views\\film\\edit.php', 19)
 2 SYSTEMPATH\View\View.php(213): include('C:\\Users\\Anggi Alisya\\OneDrive\\Dokumen\\GitHub\\FrameWork\\MI4CApp\\Anggi\\app\\Views\\film\\edit.php')
 3 SYSTEMPATH\View\View.php(216): CodeIgniter\View\View->CodeIgniter\View\{closure}()
 4 SYSTEMPATH\Common.php(1184): CodeIgniter\View\View->render('film/edit', [], true)
 5 APPPATH\Controllers\Film.php(50): view('film/edit', [...])
 6 SYSTEMPATH\CodeIgniter.php(934): App\Controllers\Film->update('assets', 'js', 'bootstrap.min.js')
 7 SYSTEMPATH\CodeIgniter.php(499): CodeIgniter\CodeIgniter->runController(Object(App\Controllers\Film))
 8 SYSTEMPATH\CodeIgniter.php(368): CodeIgniter\CodeIgniter->handleRequest(null, Object(Config\Cache), false)
 9 FCPATH\index.php(67): CodeIgniter\CodeIgniter->run()
10 SYSTEMPATH\Commands\Server\rewrite.php(47): require_once('C:\\Users\\Anggi Alisya\\OneDrive\\Dokumen\\GitHub\\FrameWork\\MI4CApp\\Anggi\\public\\index.php')
INFO - 2023-07-05 18:03:16 --> Session: Class initialized using 'CodeIgniter\Session\Handlers\FileHandler' driver.
INFO - 2023-07-05 18:03:16 --> Session: Class initialized using 'CodeIgniter\Session\Handlers\FileHandler' driver.
CRITICAL - 2023-07-05 18:03:16 --> Trying to access array offset on value of type null
in APPPATH\Views\film\edit.php on line 19.
 1 APPPATH\Views\film\edit.php(19): CodeIgniter\Debug\Exceptions->errorHandler(2, 'Trying to access array offset on value of type null', 'C:\\Users\\Anggi Alisya\\OneDrive\\Dokumen\\GitHub\\FrameWork\\MI4CApp\\Anggi\\app\\Views\\film\\edit.php', 19)
 2 SYSTEMPATH\View\View.php(213): include('C:\\Users\\Anggi Alisya\\OneDrive\\Dokumen\\GitHub\\FrameWork\\MI4CApp\\Anggi\\app\\Views\\film\\edit.php')
 3 SYSTEMPATH\View\View.php(216): CodeIgniter\View\View->CodeIgniter\View\{closure}()
 4 SYSTEMPATH\Common.php(1184): CodeIgniter\View\View->render('film/edit', [], true)
 5 APPPATH\Controllers\Film.php(50): view('film/edit', [...])
 6 SYSTEMPATH\CodeIgniter.php(934): App\Controllers\Film->update('assets', 'js', 'bootstrap.min.js')
 7 SYSTEMPATH\CodeIgniter.php(499): CodeIgniter\CodeIgniter->runController(Object(App\Controllers\Film))
 8 SYSTEMPATH\CodeIgniter.php(368): CodeIgniter\CodeIgniter->handleRequest(null, Object(Config\Cache), false)
 9 FCPATH\index.php(67): CodeIgniter\CodeIgniter->run()
10 SYSTEMPATH\Commands\Server\rewrite.php(47): require_once('C:\\Users\\Anggi Alisya\\OneDrive\\Dokumen\\GitHub\\FrameWork\\MI4CApp\\Anggi\\public\\index.php')
INFO - 2023-07-05 18:12:28 --> Session: Class initialized using 'CodeIgniter\Session\Handlers\FileHandler' driver.
INFO - 2023-07-05 18:12:28 --> Session: Class initialized using 'CodeIgniter\Session\Handlers\FileHandler' driver.
CRITICAL - 2023-07-05 18:12:28 --> Trying to access array offset on value of type null
in APPPATH\Views\film\edit.php on line 19.
 1 APPPATH\Views\film\edit.php(19): CodeIgniter\Debug\Exceptions->errorHandler(2, 'Trying to access array offset on value of type null', 'C:\\Users\\Anggi Alisya\\OneDrive\\Dokumen\\GitHub\\FrameWork\\MI4CApp\\Anggi\\app\\Views\\film\\edit.php', 19)
 2 SYSTEMPATH\View\View.php(213): include('C:\\Users\\Anggi Alisya\\OneDrive\\Dokumen\\GitHub\\FrameWork\\MI4CApp\\Anggi\\app\\Views\\film\\edit.php')
 3 SYSTEMPATH\View\View.php(216): CodeIgniter\View\View->CodeIgniter\View\{closure}()
 4 SYSTEMPATH\Common.php(1184): CodeIgniter\View\View->render('film/edit', [], true)
 5 APPPATH\Controllers\Film.php(50): view('film/edit', [...])
 6 SYSTEMPATH\CodeIgniter.php(934): App\Controllers\Film->update('assets', 'js', 'bootstrap.min.js')
 7 SYSTEMPATH\CodeIgniter.php(499): CodeIgniter\CodeIgniter->runController(Object(App\Controllers\Film))
 8 SYSTEMPATH\CodeIgniter.php(368): CodeIgniter\CodeIgniter->handleRequest(null, Object(Config\Cache), false)
 9 FCPATH\index.php(67): CodeIgniter\CodeIgniter->run()
10 SYSTEMPATH\Commands\Server\rewrite.php(47): require_once('C:\\Users\\Anggi Alisya\\OneDrive\\Dokumen\\GitHub\\FrameWork\\MI4CApp\\Anggi\\public\\index.php')
INFO - 2023-07-05 18:13:38 --> Session: Class initialized using 'CodeIgniter\Session\Handlers\FileHandler' driver.
INFO - 2023-07-05 18:13:38 --> Session: Class initialized using 'CodeIgniter\Session\Handlers\FileHandler' driver.
CRITICAL - 2023-07-05 18:13:38 --> Trying to access array offset on value of type null
in APPPATH\Views\film\edit.php on line 19.
 1 APPPATH\Views\film\edit.php(19): CodeIgniter\Debug\Exceptions->errorHandler(2, 'Trying to access array offset on value of type null', 'C:\\Users\\Anggi Alisya\\OneDrive\\Dokumen\\GitHub\\FrameWork\\MI4CApp\\Anggi\\app\\Views\\film\\edit.php', 19)
 2 SYSTEMPATH\View\View.php(213): include('C:\\Users\\Anggi Alisya\\OneDrive\\Dokumen\\GitHub\\FrameWork\\MI4CApp\\Anggi\\app\\Views\\film\\edit.php')
 3 SYSTEMPATH\View\View.php(216): CodeIgniter\View\View->CodeIgniter\View\{closure}()
 4 SYSTEMPATH\Common.php(1184): CodeIgniter\View\View->render('film/edit', [], true)
 5 APPPATH\Controllers\Film.php(50): view('film/edit', [...])
 6 SYSTEMPATH\CodeIgniter.php(934): App\Controllers\Film->update('assets', 'js', 'bootstrap.min.js')
 7 SYSTEMPATH\CodeIgniter.php(499): CodeIgniter\CodeIgniter->runController(Object(App\Controllers\Film))
 8 SYSTEMPATH\CodeIgniter.php(368): CodeIgniter\CodeIgniter->handleRequest(null, Object(Config\Cache), false)
 9 FCPATH\index.php(67): CodeIgniter\CodeIgniter->run()
10 SYSTEMPATH\Commands\Server\rewrite.php(47): require_once('C:\\Users\\Anggi Alisya\\OneDrive\\Dokumen\\GitHub\\FrameWork\\MI4CApp\\Anggi\\public\\index.php')
INFO - 2023-07-05 18:13:43 --> Session: Class initialized using 'CodeIgniter\Session\Handlers\FileHandler' driver.
INFO - 2023-07-05 18:13:47 --> Session: Class initialized using 'CodeIgniter\Session\Handlers\FileHandler' driver.
INFO - 2023-07-05 18:13:47 --> Session: Class initialized using 'CodeIgniter\Session\Handlers\FileHandler' driver.
CRITICAL - 2023-07-05 18:13:47 --> Trying to access array offset on value of type null
in APPPATH\Views\film\edit.php on line 19.
 1 APPPATH\Views\film\edit.php(19): CodeIgniter\Debug\Exceptions->errorHandler(2, 'Trying to access array offset on value of type null', 'C:\\Users\\Anggi Alisya\\OneDrive\\Dokumen\\GitHub\\FrameWork\\MI4CApp\\Anggi\\app\\Views\\film\\edit.php', 19)
 2 SYSTEMPATH\View\View.php(213): include('C:\\Users\\Anggi Alisya\\OneDrive\\Dokumen\\GitHub\\FrameWork\\MI4CApp\\Anggi\\app\\Views\\film\\edit.php')
 3 SYSTEMPATH\View\View.php(216): CodeIgniter\View\View->CodeIgniter\View\{closure}()
 4 SYSTEMPATH\Common.php(1184): CodeIgniter\View\View->render('film/edit', [], true)
 5 APPPATH\Controllers\Film.php(50): view('film/edit', [...])
 6 SYSTEMPATH\CodeIgniter.php(934): App\Controllers\Film->update('assets', 'js', 'bootstrap.min.js')
 7 SYSTEMPATH\CodeIgniter.php(499): CodeIgniter\CodeIgniter->runController(Object(App\Controllers\Film))
 8 SYSTEMPATH\CodeIgniter.php(368): CodeIgniter\CodeIgniter->handleRequest(null, Object(Config\Cache), false)
 9 FCPATH\index.php(67): CodeIgniter\CodeIgniter->run()
10 SYSTEMPATH\Commands\Server\rewrite.php(47): require_once('C:\\Users\\Anggi Alisya\\OneDrive\\Dokumen\\GitHub\\FrameWork\\MI4CApp\\Anggi\\public\\index.php')
INFO - 2023-07-05 18:47:44 --> Session: Class initialized using 'CodeIgniter\Session\Handlers\FileHandler' driver.
INFO - 2023-07-05 18:47:44 --> Session: Class initialized using 'CodeIgniter\Session\Handlers\FileHandler' driver.
CRITICAL - 2023-07-05 18:47:44 --> Trying to access array offset on value of type null
in APPPATH\Views\film\edit.php on line 19.
 1 APPPATH\Views\film\edit.php(19): CodeIgniter\Debug\Exceptions->errorHandler(2, 'Trying to access array offset on value of type null', 'C:\\Users\\Anggi Alisya\\OneDrive\\Dokumen\\GitHub\\FrameWork\\MI4CApp\\Anggi\\app\\Views\\film\\edit.php', 19)
 2 SYSTEMPATH\View\View.php(213): include('C:\\Users\\Anggi Alisya\\OneDrive\\Dokumen\\GitHub\\FrameWork\\MI4CApp\\Anggi\\app\\Views\\film\\edit.php')
 3 SYSTEMPATH\View\View.php(216): CodeIgniter\View\View->CodeIgniter\View\{closure}()
 4 SYSTEMPATH\Common.php(1184): CodeIgniter\View\View->render('film/edit', [], true)
 5 APPPATH\Controllers\Film.php(50): view('film/edit', [...])
 6 SYSTEMPATH\CodeIgniter.php(934): App\Controllers\Film->update('assets', 'js', 'bootstrap.min.js')
 7 SYSTEMPATH\CodeIgniter.php(499): CodeIgniter\CodeIgniter->runController(Object(App\Controllers\Film))
 8 SYSTEMPATH\CodeIgniter.php(368): CodeIgniter\CodeIgniter->handleRequest(null, Object(Config\Cache), false)
 9 FCPATH\index.php(67): CodeIgniter\CodeIgniter->run()
10 SYSTEMPATH\Commands\Server\rewrite.php(47): require_once('C:\\Users\\Anggi Alisya\\OneDrive\\Dokumen\\GitHub\\FrameWork\\MI4CApp\\Anggi\\public\\index.php')
INFO - 2023-07-05 19:02:01 --> Session: Class initialized using 'CodeIgniter\Session\Handlers\FileHandler' driver.
INFO - 2023-07-05 19:02:01 --> Session: Class initialized using 'CodeIgniter\Session\Handlers\FileHandler' driver.
CRITICAL - 2023-07-05 19:02:01 --> Trying to access array offset on value of type null
in APPPATH\Views\film\edit.php on line 19.
 1 APPPATH\Views\film\edit.php(19): CodeIgniter\Debug\Exceptions->errorHandler(2, 'Trying to access array offset on value of type null', 'C:\\Users\\Anggi Alisya\\OneDrive\\Dokumen\\GitHub\\FrameWork\\MI4CApp\\Anggi\\app\\Views\\film\\edit.php', 19)
 2 SYSTEMPATH\View\View.php(213): include('C:\\Users\\Anggi Alisya\\OneDrive\\Dokumen\\GitHub\\FrameWork\\MI4CApp\\Anggi\\app\\Views\\film\\edit.php')
 3 SYSTEMPATH\View\View.php(216): CodeIgniter\View\View->CodeIgniter\View\{closure}()
 4 SYSTEMPATH\Common.php(1184): CodeIgniter\View\View->render('film/edit', [], true)
 5 APPPATH\Controllers\Film.php(50): view('film/edit', [...])
 6 SYSTEMPATH\CodeIgniter.php(934): App\Controllers\Film->update('assets', 'js', 'bootstrap.min.js')
 7 SYSTEMPATH\CodeIgniter.php(499): CodeIgniter\CodeIgniter->runController(Object(App\Controllers\Film))
 8 SYSTEMPATH\CodeIgniter.php(368): CodeIgniter\CodeIgniter->handleRequest(null, Object(Config\Cache), false)
 9 FCPATH\index.php(67): CodeIgniter\CodeIgniter->run()
10 SYSTEMPATH\Commands\Server\rewrite.php(47): require_once('C:\\Users\\Anggi Alisya\\OneDrive\\Dokumen\\GitHub\\FrameWork\\MI4CApp\\Anggi\\public\\index.php')
INFO - 2023-07-05 19:02:06 --> Session: Class initialized using 'CodeIgniter\Session\Handlers\FileHandler' driver.
INFO - 2023-07-05 19:02:07 --> Session: Class initialized using 'CodeIgniter\Session\Handlers\FileHandler' driver.
CRITICAL - 2023-07-05 19:02:07 --> Trying to access array offset on value of type null
in APPPATH\Views\film\edit.php on line 19.
 1 APPPATH\Views\film\edit.php(19): CodeIgniter\Debug\Exceptions->errorHandler(2, 'Trying to access array offset on value of type null', 'C:\\Users\\Anggi Alisya\\OneDrive\\Dokumen\\GitHub\\FrameWork\\MI4CApp\\Anggi\\app\\Views\\film\\edit.php', 19)
 2 SYSTEMPATH\View\View.php(213): include('C:\\Users\\Anggi Alisya\\OneDrive\\Dokumen\\GitHub\\FrameWork\\MI4CApp\\Anggi\\app\\Views\\film\\edit.php')
 3 SYSTEMPATH\View\View.php(216): CodeIgniter\View\View->CodeIgniter\View\{closure}()
 4 SYSTEMPATH\Common.php(1184): CodeIgniter\View\View->render('film/edit', [], true)
 5 APPPATH\Controllers\Film.php(50): view('film/edit', [...])
 6 SYSTEMPATH\CodeIgniter.php(934): App\Controllers\Film->update('assets', 'js', 'bootstrap.min.js')
 7 SYSTEMPATH\CodeIgniter.php(499): CodeIgniter\CodeIgniter->runController(Object(App\Controllers\Film))
 8 SYSTEMPATH\CodeIgniter.php(368): CodeIgniter\CodeIgniter->handleRequest(null, Object(Config\Cache), false)
 9 FCPATH\index.php(67): CodeIgniter\CodeIgniter->run()
10 SYSTEMPATH\Commands\Server\rewrite.php(47): require_once('C:\\Users\\Anggi Alisya\\OneDrive\\Dokumen\\GitHub\\FrameWork\\MI4CApp\\Anggi\\public\\index.php')
INFO - 2023-07-05 19:02:10 --> Session: Class initialized using 'CodeIgniter\Session\Handlers\FileHandler' driver.
INFO - 2023-07-05 19:02:23 --> Session: Class initialized using 'CodeIgniter\Session\Handlers\FileHandler' driver.
INFO - 2023-07-05 19:02:24 --> Session: Class initialized using 'CodeIgniter\Session\Handlers\FileHandler' driver.
CRITICAL - 2023-07-05 19:02:24 --> Trying to access array offset on value of type null
in APPPATH\Views\film\edit.php on line 19.
 1 APPPATH\Views\film\edit.php(19): CodeIgniter\Debug\Exceptions->errorHandler(2, 'Trying to access array offset on value of type null', 'C:\\Users\\Anggi Alisya\\OneDrive\\Dokumen\\GitHub\\FrameWork\\MI4CApp\\Anggi\\app\\Views\\film\\edit.php', 19)
 2 SYSTEMPATH\View\View.php(213): include('C:\\Users\\Anggi Alisya\\OneDrive\\Dokumen\\GitHub\\FrameWork\\MI4CApp\\Anggi\\app\\Views\\film\\edit.php')
 3 SYSTEMPATH\View\View.php(216): CodeIgniter\View\View->CodeIgniter\View\{closure}()
 4 SYSTEMPATH\Common.php(1184): CodeIgniter\View\View->render('film/edit', [], true)
 5 APPPATH\Controllers\Film.php(50): view('film/edit', [...])
 6 SYSTEMPATH\CodeIgniter.php(934): App\Controllers\Film->update('assets', 'js', 'bootstrap.min.js')
 7 SYSTEMPATH\CodeIgniter.php(499): CodeIgniter\CodeIgniter->runController(Object(App\Controllers\Film))
 8 SYSTEMPATH\CodeIgniter.php(368): CodeIgniter\CodeIgniter->handleRequest(null, Object(Config\Cache), false)
 9 FCPATH\index.php(67): CodeIgniter\CodeIgniter->run()
10 SYSTEMPATH\Commands\Server\rewrite.php(47): require_once('C:\\Users\\Anggi Alisya\\OneDrive\\Dokumen\\GitHub\\FrameWork\\MI4CApp\\Anggi\\public\\index.php')
INFO - 2023-07-05 19:02:39 --> Session: Class initialized using 'CodeIgniter\Session\Handlers\FileHandler' driver.
INFO - 2023-07-05 19:02:40 --> Session: Class initialized using 'CodeIgniter\Session\Handlers\FileHandler' driver.
CRITICAL - 2023-07-05 19:02:40 --> Trying to access array offset on value of type null
in APPPATH\Views\film\edit.php on line 19.
 1 APPPATH\Views\film\edit.php(19): CodeIgniter\Debug\Exceptions->errorHandler(2, 'Trying to access array offset on value of type null', 'C:\\Users\\Anggi Alisya\\OneDrive\\Dokumen\\GitHub\\FrameWork\\MI4CApp\\Anggi\\app\\Views\\film\\edit.php', 19)
 2 SYSTEMPATH\View\View.php(213): include('C:\\Users\\Anggi Alisya\\OneDrive\\Dokumen\\GitHub\\FrameWork\\MI4CApp\\Anggi\\app\\Views\\film\\edit.php')
 3 SYSTEMPATH\View\View.php(216): CodeIgniter\View\View->CodeIgniter\View\{closure}()
 4 SYSTEMPATH\Common.php(1184): CodeIgniter\View\View->render('film/edit', [], true)
 5 APPPATH\Controllers\Film.php(50): view('film/edit', [...])
 6 SYSTEMPATH\CodeIgniter.php(934): App\Controllers\Film->update('assets', 'js', 'bootstrap.min.js')
 7 SYSTEMPATH\CodeIgniter.php(499): CodeIgniter\CodeIgniter->runController(Object(App\Controllers\Film))
 8 SYSTEMPATH\CodeIgniter.php(368): CodeIgniter\CodeIgniter->handleRequest(null, Object(Config\Cache), false)
 9 FCPATH\index.php(67): CodeIgniter\CodeIgniter->run()
10 SYSTEMPATH\Commands\Server\rewrite.php(47): require_once('C:\\Users\\Anggi Alisya\\OneDrive\\Dokumen\\GitHub\\FrameWork\\MI4CApp\\Anggi\\public\\index.php')
INFO - 2023-07-05 19:02:44 --> Session: Class initialized using 'CodeIgniter\Session\Handlers\FileHandler' driver.
