CRITICAL - 2023-06-14 00:30:45 --> Undefined variable $SemuaGenre
in APPPATH\Views\film\Semuafilm.php on line 21.
 1 APPPATH\Views\film\Semuafilm.php(21): CodeIgniter\Debug\Exceptions->errorHandler(2, 'Undefined variable $SemuaGenre', 'C:\\xampp\\htdocs\\MI4CApp\\app\\Views\\film\\Semuafilm.php', 21)
 2 SYSTEMPATH\View\View.php(213): include('C:\\xampp\\htdocs\\MI4CApp\\app\\Views\\film\\Semuafilm.php')
 3 SYSTEMPATH\View\View.php(216): CodeIgniter\View\View->CodeIgniter\View\{closure}()
 4 SYSTEMPATH\Common.php(1184): CodeIgniter\View\View->render('film/semuafilm', [], true)
 5 APPPATH\Controllers\Film.php(31): view('film/semuafilm', [...])
 6 SYSTEMPATH\CodeIgniter.php(934): App\Controllers\Film->All()
 7 SYSTEMPATH\CodeIgniter.php(499): CodeIgniter\CodeIgniter->runController(Object(App\Controllers\Film))
 8 SYSTEMPATH\CodeIgniter.php(368): CodeIgniter\CodeIgniter->handleRequest(null, Object(Config\Cache), false)
 9 FCPATH\index.php(67): CodeIgniter\CodeIgniter->run()
10 SYSTEMPATH\Commands\Server\rewrite.php(47): require_once('C:\\xampp\\htdocs\\MI4CApp\\public\\index.php')
CRITICAL - 2023-06-14 00:31:36 --> Undefined array key "id_genre"
in APPPATH\Views\film\Semuafilm.php on line 27.
 1 APPPATH\Views\film\Semuafilm.php(27): CodeIgniter\Debug\Exceptions->errorHandler(2, 'Undefined array key "id_genre"', 'C:\\xampp\\htdocs\\MI4CApp\\app\\Views\\film\\Semuafilm.php', 27)
 2 SYSTEMPATH\View\View.php(213): include('C:\\xampp\\htdocs\\MI4CApp\\app\\Views\\film\\Semuafilm.php')
 3 SYSTEMPATH\View\View.php(216): CodeIgniter\View\View->CodeIgniter\View\{closure}()
 4 SYSTEMPATH\Common.php(1184): CodeIgniter\View\View->render('film/semuafilm', [], true)
 5 APPPATH\Controllers\Film.php(31): view('film/semuafilm', [...])
 6 SYSTEMPATH\CodeIgniter.php(934): App\Controllers\Film->All()
 7 SYSTEMPATH\CodeIgniter.php(499): CodeIgniter\CodeIgniter->runController(Object(App\Controllers\Film))
 8 SYSTEMPATH\CodeIgniter.php(368): CodeIgniter\CodeIgniter->handleRequest(null, Object(Config\Cache), false)
 9 FCPATH\index.php(67): CodeIgniter\CodeIgniter->run()
10 SYSTEMPATH\Commands\Server\rewrite.php(47): require_once('C:\\xampp\\htdocs\\MI4CApp\\public\\index.php')
CRITICAL - 2023-06-14 01:06:10 --> syntax error, unexpected token "(", expecting variable
in APPPATH\Models\FilmModel.php on line 47.
 1 SYSTEMPATH\Autoloader\Autoloader.php(289): CodeIgniter\Autoloader\Autoloader->includeFile('C:\\xampp\\htdocs\\MI4CApp\\app\\Models\\FilmModel.php')
 2 SYSTEMPATH\Autoloader\Autoloader.php(267): CodeIgniter\Autoloader\Autoloader->loadInNamespace('App\\Models\\FilmModel')
 3 APPPATH\Controllers\Film.php(18): CodeIgniter\Autoloader\Autoloader->loadClass('App\\Models\\FilmModel')
 4 SYSTEMPATH\CodeIgniter.php(906): App\Controllers\Film->__construct()
 5 SYSTEMPATH\CodeIgniter.php(490): CodeIgniter\CodeIgniter->createController()
 6 SYSTEMPATH\CodeIgniter.php(368): CodeIgniter\CodeIgniter->handleRequest(null, Object(Config\Cache), false)
 7 FCPATH\index.php(67): CodeIgniter\CodeIgniter->run()
 8 SYSTEMPATH\Commands\Server\rewrite.php(47): require_once('C:\\xampp\\htdocs\\MI4CApp\\public\\index.php')
ERROR - 2023-06-14 01:09:00 --> mysqli_sql_exception: Unknown column 'film.id_genre' in 'on clause' in C:\xampp\htdocs\MI4CApp\vendor\codeigniter4\framework\system\Database\MySQLi\Connection.php:295
Stack trace:
#0 C:\xampp\htdocs\MI4CApp\vendor\codeigniter4\framework\system\Database\MySQLi\Connection.php(295): mysqli->query('SELECT `film`.*...', 0)
#1 C:\xampp\htdocs\MI4CApp\vendor\codeigniter4\framework\system\Database\BaseConnection.php(692): CodeIgniter\Database\MySQLi\Connection->execute('SELECT `film`.*...')
#2 C:\xampp\htdocs\MI4CApp\vendor\codeigniter4\framework\system\Database\BaseConnection.php(606): CodeIgniter\Database\BaseConnection->simpleQuery('SELECT `film`.*...')
#3 C:\xampp\htdocs\MI4CApp\vendor\codeigniter4\framework\system\Database\BaseBuilder.php(1616): CodeIgniter\Database\BaseConnection->query('SELECT `film`.*...', Array, false)
#4 C:\xampp\htdocs\MI4CApp\app\Models\FilmModel.php(52): CodeIgniter\Database\BaseBuilder->get()
#5 C:\xampp\htdocs\MI4CApp\app\Controllers\Film.php(30): App\Models\FilmModel->getAllDatajoin()
#6 C:\xampp\htdocs\MI4CApp\vendor\codeigniter4\framework\system\CodeIgniter.php(934): App\Controllers\Film->All()
#7 C:\xampp\htdocs\MI4CApp\vendor\codeigniter4\framework\system\CodeIgniter.php(499): CodeIgniter\CodeIgniter->runController(Object(App\Controllers\Film))
#8 C:\xampp\htdocs\MI4CApp\vendor\codeigniter4\framework\system\CodeIgniter.php(368): CodeIgniter\CodeIgniter->handleRequest(NULL, Object(Config\Cache), false)
#9 C:\xampp\htdocs\MI4CApp\public\index.php(67): CodeIgniter\CodeIgniter->run()
#10 C:\xampp\htdocs\MI4CApp\vendor\codeigniter4\framework\system\Commands\Server\rewrite.php(47): require_once('C:\\xampp\\htdocs...')
#11 {main}
CRITICAL - 2023-06-14 01:09:00 --> Unknown column 'film.id_genre' in 'on clause'
in SYSTEMPATH\Database\MySQLi\Connection.php on line 295.
 1 SYSTEMPATH\Database\MySQLi\Connection.php(295): mysqli->query('SELECT `film`.*, `genre`.`nama_genre`
FROM `film`
JOIN `genre` ON `genre`.`id` = `film`.`id_genre`', 0)
 2 SYSTEMPATH\Database\BaseConnection.php(692): CodeIgniter\Database\MySQLi\Connection->execute('SELECT `film`.*, `genre`.`nama_genre`
FROM `film`
JOIN `genre` ON `genre`.`id` = `film`.`id_genre`')
 3 SYSTEMPATH\Database\BaseConnection.php(606): CodeIgniter\Database\BaseConnection->simpleQuery('SELECT `film`.*, `genre`.`nama_genre`
FROM `film`
JOIN `genre` ON `genre`.`id` = `film`.`id_genre`')
 4 SYSTEMPATH\Database\BaseBuilder.php(1616): CodeIgniter\Database\BaseConnection->query('SELECT `film`.*, `genre`.`nama_genre`
FROM `film`
JOIN `genre` ON `genre`.`id` = `film`.`id_genre`', [], false)
 5 APPPATH\Models\FilmModel.php(52): CodeIgniter\Database\BaseBuilder->get()
 6 APPPATH\Controllers\Film.php(30): App\Models\FilmModel->getAllDatajoin()
 7 SYSTEMPATH\CodeIgniter.php(934): App\Controllers\Film->All()
 8 SYSTEMPATH\CodeIgniter.php(499): CodeIgniter\CodeIgniter->runController(Object(App\Controllers\Film))
 9 SYSTEMPATH\CodeIgniter.php(368): CodeIgniter\CodeIgniter->handleRequest(null, Object(Config\Cache), false)
10 FCPATH\index.php(67): CodeIgniter\CodeIgniter->run()
11 SYSTEMPATH\Commands\Server\rewrite.php(47): require_once('C:\\xampp\\htdocs\\MI4CApp\\public\\index.php')
ERROR - 2023-06-14 01:12:00 --> mysqli_sql_exception: Unknown column 'genre.genre' in 'on clause' in C:\xampp\htdocs\MI4CApp\vendor\codeigniter4\framework\system\Database\MySQLi\Connection.php:295
Stack trace:
#0 C:\xampp\htdocs\MI4CApp\vendor\codeigniter4\framework\system\Database\MySQLi\Connection.php(295): mysqli->query('SELECT `film`.*...', 0)
#1 C:\xampp\htdocs\MI4CApp\vendor\codeigniter4\framework\system\Database\BaseConnection.php(692): CodeIgniter\Database\MySQLi\Connection->execute('SELECT `film`.*...')
#2 C:\xampp\htdocs\MI4CApp\vendor\codeigniter4\framework\system\Database\BaseConnection.php(606): CodeIgniter\Database\BaseConnection->simpleQuery('SELECT `film`.*...')
#3 C:\xampp\htdocs\MI4CApp\vendor\codeigniter4\framework\system\Database\BaseBuilder.php(1616): CodeIgniter\Database\BaseConnection->query('SELECT `film`.*...', Array, false)
#4 C:\xampp\htdocs\MI4CApp\app\Models\FilmModel.php(52): CodeIgniter\Database\BaseBuilder->get()
#5 C:\xampp\htdocs\MI4CApp\app\Controllers\Film.php(30): App\Models\FilmModel->getAllDatajoin()
#6 C:\xampp\htdocs\MI4CApp\vendor\codeigniter4\framework\system\CodeIgniter.php(934): App\Controllers\Film->All()
#7 C:\xampp\htdocs\MI4CApp\vendor\codeigniter4\framework\system\CodeIgniter.php(499): CodeIgniter\CodeIgniter->runController(Object(App\Controllers\Film))
#8 C:\xampp\htdocs\MI4CApp\vendor\codeigniter4\framework\system\CodeIgniter.php(368): CodeIgniter\CodeIgniter->handleRequest(NULL, Object(Config\Cache), false)
#9 C:\xampp\htdocs\MI4CApp\public\index.php(67): CodeIgniter\CodeIgniter->run()
#10 C:\xampp\htdocs\MI4CApp\vendor\codeigniter4\framework\system\Commands\Server\rewrite.php(47): require_once('C:\\xampp\\htdocs...')
#11 {main}
CRITICAL - 2023-06-14 01:12:00 --> Unknown column 'genre.genre' in 'on clause'
in SYSTEMPATH\Database\MySQLi\Connection.php on line 295.
 1 SYSTEMPATH\Database\MySQLi\Connection.php(295): mysqli->query('SELECT `film`.*, `genre`.`nama_genre`
FROM `film`
JOIN `genre` ON `genre`.`genre` = `film`.`id_genre`', 0)
 2 SYSTEMPATH\Database\BaseConnection.php(692): CodeIgniter\Database\MySQLi\Connection->execute('SELECT `film`.*, `genre`.`nama_genre`
FROM `film`
JOIN `genre` ON `genre`.`genre` = `film`.`id_genre`')
 3 SYSTEMPATH\Database\BaseConnection.php(606): CodeIgniter\Database\BaseConnection->simpleQuery('SELECT `film`.*, `genre`.`nama_genre`
FROM `film`
JOIN `genre` ON `genre`.`genre` = `film`.`id_genre`')
 4 SYSTEMPATH\Database\BaseBuilder.php(1616): CodeIgniter\Database\BaseConnection->query('SELECT `film`.*, `genre`.`nama_genre`
FROM `film`
JOIN `genre` ON `genre`.`genre` = `film`.`id_genre`', [], false)
 5 APPPATH\Models\FilmModel.php(52): CodeIgniter\Database\BaseBuilder->get()
 6 APPPATH\Controllers\Film.php(30): App\Models\FilmModel->getAllDatajoin()
 7 SYSTEMPATH\CodeIgniter.php(934): App\Controllers\Film->All()
 8 SYSTEMPATH\CodeIgniter.php(499): CodeIgniter\CodeIgniter->runController(Object(App\Controllers\Film))
 9 SYSTEMPATH\CodeIgniter.php(368): CodeIgniter\CodeIgniter->handleRequest(null, Object(Config\Cache), false)
10 FCPATH\index.php(67): CodeIgniter\CodeIgniter->run()
11 SYSTEMPATH\Commands\Server\rewrite.php(47): require_once('C:\\xampp\\htdocs\\MI4CApp\\public\\index.php')
ERROR - 2023-06-14 01:12:58 --> mysqli_sql_exception: Unknown column 'genre.genre' in 'on clause' in C:\xampp\htdocs\MI4CApp\vendor\codeigniter4\framework\system\Database\MySQLi\Connection.php:295
Stack trace:
#0 C:\xampp\htdocs\MI4CApp\vendor\codeigniter4\framework\system\Database\MySQLi\Connection.php(295): mysqli->query('SELECT `film`.*...', 0)
#1 C:\xampp\htdocs\MI4CApp\vendor\codeigniter4\framework\system\Database\BaseConnection.php(692): CodeIgniter\Database\MySQLi\Connection->execute('SELECT `film`.*...')
#2 C:\xampp\htdocs\MI4CApp\vendor\codeigniter4\framework\system\Database\BaseConnection.php(606): CodeIgniter\Database\BaseConnection->simpleQuery('SELECT `film`.*...')
#3 C:\xampp\htdocs\MI4CApp\vendor\codeigniter4\framework\system\Database\BaseBuilder.php(1616): CodeIgniter\Database\BaseConnection->query('SELECT `film`.*...', Array, false)
#4 C:\xampp\htdocs\MI4CApp\app\Models\FilmModel.php(52): CodeIgniter\Database\BaseBuilder->get()
#5 C:\xampp\htdocs\MI4CApp\app\Controllers\Film.php(30): App\Models\FilmModel->getAllDatajoin()
#6 C:\xampp\htdocs\MI4CApp\vendor\codeigniter4\framework\system\CodeIgniter.php(934): App\Controllers\Film->All()
#7 C:\xampp\htdocs\MI4CApp\vendor\codeigniter4\framework\system\CodeIgniter.php(499): CodeIgniter\CodeIgniter->runController(Object(App\Controllers\Film))
#8 C:\xampp\htdocs\MI4CApp\vendor\codeigniter4\framework\system\CodeIgniter.php(368): CodeIgniter\CodeIgniter->handleRequest(NULL, Object(Config\Cache), false)
#9 C:\xampp\htdocs\MI4CApp\public\index.php(67): CodeIgniter\CodeIgniter->run()
#10 C:\xampp\htdocs\MI4CApp\vendor\codeigniter4\framework\system\Commands\Server\rewrite.php(47): require_once('C:\\xampp\\htdocs...')
#11 {main}
CRITICAL - 2023-06-14 01:12:58 --> Unknown column 'genre.genre' in 'on clause'
in SYSTEMPATH\Database\MySQLi\Connection.php on line 295.
 1 SYSTEMPATH\Database\MySQLi\Connection.php(295): mysqli->query('SELECT `film`.*, `genre`.`nama_genre`
FROM `film`
JOIN `genre` ON `genre`.`genre` = `film`.`id_genre`', 0)
 2 SYSTEMPATH\Database\BaseConnection.php(692): CodeIgniter\Database\MySQLi\Connection->execute('SELECT `film`.*, `genre`.`nama_genre`
FROM `film`
JOIN `genre` ON `genre`.`genre` = `film`.`id_genre`')
 3 SYSTEMPATH\Database\BaseConnection.php(606): CodeIgniter\Database\BaseConnection->simpleQuery('SELECT `film`.*, `genre`.`nama_genre`
FROM `film`
JOIN `genre` ON `genre`.`genre` = `film`.`id_genre`')
 4 SYSTEMPATH\Database\BaseBuilder.php(1616): CodeIgniter\Database\BaseConnection->query('SELECT `film`.*, `genre`.`nama_genre`
FROM `film`
JOIN `genre` ON `genre`.`genre` = `film`.`id_genre`', [], false)
 5 APPPATH\Models\FilmModel.php(52): CodeIgniter\Database\BaseBuilder->get()
 6 APPPATH\Controllers\Film.php(30): App\Models\FilmModel->getAllDatajoin()
 7 SYSTEMPATH\CodeIgniter.php(934): App\Controllers\Film->All()
 8 SYSTEMPATH\CodeIgniter.php(499): CodeIgniter\CodeIgniter->runController(Object(App\Controllers\Film))
 9 SYSTEMPATH\CodeIgniter.php(368): CodeIgniter\CodeIgniter->handleRequest(null, Object(Config\Cache), false)
10 FCPATH\index.php(67): CodeIgniter\CodeIgniter->run()
11 SYSTEMPATH\Commands\Server\rewrite.php(47): require_once('C:\\xampp\\htdocs\\MI4CApp\\public\\index.php')
ERROR - 2023-06-14 01:13:53 --> mysqli_sql_exception: Unknown column 'genre.genre' in 'on clause' in C:\xampp\htdocs\MI4CApp\vendor\codeigniter4\framework\system\Database\MySQLi\Connection.php:295
Stack trace:
#0 C:\xampp\htdocs\MI4CApp\vendor\codeigniter4\framework\system\Database\MySQLi\Connection.php(295): mysqli->query('SELECT `film`.*...', 0)
#1 C:\xampp\htdocs\MI4CApp\vendor\codeigniter4\framework\system\Database\BaseConnection.php(692): CodeIgniter\Database\MySQLi\Connection->execute('SELECT `film`.*...')
#2 C:\xampp\htdocs\MI4CApp\vendor\codeigniter4\framework\system\Database\BaseConnection.php(606): CodeIgniter\Database\BaseConnection->simpleQuery('SELECT `film`.*...')
#3 C:\xampp\htdocs\MI4CApp\vendor\codeigniter4\framework\system\Database\BaseBuilder.php(1616): CodeIgniter\Database\BaseConnection->query('SELECT `film`.*...', Array, false)
#4 C:\xampp\htdocs\MI4CApp\app\Models\FilmModel.php(52): CodeIgniter\Database\BaseBuilder->get()
#5 C:\xampp\htdocs\MI4CApp\app\Controllers\Film.php(30): App\Models\FilmModel->getAllDatajoin()
#6 C:\xampp\htdocs\MI4CApp\vendor\codeigniter4\framework\system\CodeIgniter.php(934): App\Controllers\Film->All()
#7 C:\xampp\htdocs\MI4CApp\vendor\codeigniter4\framework\system\CodeIgniter.php(499): CodeIgniter\CodeIgniter->runController(Object(App\Controllers\Film))
#8 C:\xampp\htdocs\MI4CApp\vendor\codeigniter4\framework\system\CodeIgniter.php(368): CodeIgniter\CodeIgniter->handleRequest(NULL, Object(Config\Cache), false)
#9 C:\xampp\htdocs\MI4CApp\public\index.php(67): CodeIgniter\CodeIgniter->run()
#10 C:\xampp\htdocs\MI4CApp\vendor\codeigniter4\framework\system\Commands\Server\rewrite.php(47): require_once('C:\\xampp\\htdocs...')
#11 {main}
CRITICAL - 2023-06-14 01:13:53 --> Unknown column 'genre.genre' in 'on clause'
in SYSTEMPATH\Database\MySQLi\Connection.php on line 295.
 1 SYSTEMPATH\Database\MySQLi\Connection.php(295): mysqli->query('SELECT `film`.*, `genre`.`nama_genre`
FROM `film`
JOIN `genre` ON `genre`.`genre` = `film`.`id_genre`', 0)
 2 SYSTEMPATH\Database\BaseConnection.php(692): CodeIgniter\Database\MySQLi\Connection->execute('SELECT `film`.*, `genre`.`nama_genre`
FROM `film`
JOIN `genre` ON `genre`.`genre` = `film`.`id_genre`')
 3 SYSTEMPATH\Database\BaseConnection.php(606): CodeIgniter\Database\BaseConnection->simpleQuery('SELECT `film`.*, `genre`.`nama_genre`
FROM `film`
JOIN `genre` ON `genre`.`genre` = `film`.`id_genre`')
 4 SYSTEMPATH\Database\BaseBuilder.php(1616): CodeIgniter\Database\BaseConnection->query('SELECT `film`.*, `genre`.`nama_genre`
FROM `film`
JOIN `genre` ON `genre`.`genre` = `film`.`id_genre`', [], false)
 5 APPPATH\Models\FilmModel.php(52): CodeIgniter\Database\BaseBuilder->get()
 6 APPPATH\Controllers\Film.php(30): App\Models\FilmModel->getAllDatajoin()
 7 SYSTEMPATH\CodeIgniter.php(934): App\Controllers\Film->All()
 8 SYSTEMPATH\CodeIgniter.php(499): CodeIgniter\CodeIgniter->runController(Object(App\Controllers\Film))
 9 SYSTEMPATH\CodeIgniter.php(368): CodeIgniter\CodeIgniter->handleRequest(null, Object(Config\Cache), false)
10 FCPATH\index.php(67): CodeIgniter\CodeIgniter->run()
11 SYSTEMPATH\Commands\Server\rewrite.php(47): require_once('C:\\xampp\\htdocs\\MI4CApp\\public\\index.php')
ERROR - 2023-06-14 01:13:57 --> mysqli_sql_exception: Unknown column 'genre.genre' in 'on clause' in C:\xampp\htdocs\MI4CApp\vendor\codeigniter4\framework\system\Database\MySQLi\Connection.php:295
Stack trace:
#0 C:\xampp\htdocs\MI4CApp\vendor\codeigniter4\framework\system\Database\MySQLi\Connection.php(295): mysqli->query('SELECT `film`.*...', 0)
#1 C:\xampp\htdocs\MI4CApp\vendor\codeigniter4\framework\system\Database\BaseConnection.php(692): CodeIgniter\Database\MySQLi\Connection->execute('SELECT `film`.*...')
#2 C:\xampp\htdocs\MI4CApp\vendor\codeigniter4\framework\system\Database\BaseConnection.php(606): CodeIgniter\Database\BaseConnection->simpleQuery('SELECT `film`.*...')
#3 C:\xampp\htdocs\MI4CApp\vendor\codeigniter4\framework\system\Database\BaseBuilder.php(1616): CodeIgniter\Database\BaseConnection->query('SELECT `film`.*...', Array, false)
#4 C:\xampp\htdocs\MI4CApp\app\Models\FilmModel.php(52): CodeIgniter\Database\BaseBuilder->get()
#5 C:\xampp\htdocs\MI4CApp\app\Controllers\Film.php(30): App\Models\FilmModel->getAllDatajoin()
#6 C:\xampp\htdocs\MI4CApp\vendor\codeigniter4\framework\system\CodeIgniter.php(934): App\Controllers\Film->All()
#7 C:\xampp\htdocs\MI4CApp\vendor\codeigniter4\framework\system\CodeIgniter.php(499): CodeIgniter\CodeIgniter->runController(Object(App\Controllers\Film))
#8 C:\xampp\htdocs\MI4CApp\vendor\codeigniter4\framework\system\CodeIgniter.php(368): CodeIgniter\CodeIgniter->handleRequest(NULL, Object(Config\Cache), false)
#9 C:\xampp\htdocs\MI4CApp\public\index.php(67): CodeIgniter\CodeIgniter->run()
#10 C:\xampp\htdocs\MI4CApp\vendor\codeigniter4\framework\system\Commands\Server\rewrite.php(47): require_once('C:\\xampp\\htdocs...')
#11 {main}
CRITICAL - 2023-06-14 01:13:57 --> Unknown column 'genre.genre' in 'on clause'
in SYSTEMPATH\Database\MySQLi\Connection.php on line 295.
 1 SYSTEMPATH\Database\MySQLi\Connection.php(295): mysqli->query('SELECT `film`.*, `genre`.`nama_genre`
FROM `film`
JOIN `genre` ON `genre`.`genre` = `film`.`id_genre`', 0)
 2 SYSTEMPATH\Database\BaseConnection.php(692): CodeIgniter\Database\MySQLi\Connection->execute('SELECT `film`.*, `genre`.`nama_genre`
FROM `film`
JOIN `genre` ON `genre`.`genre` = `film`.`id_genre`')
 3 SYSTEMPATH\Database\BaseConnection.php(606): CodeIgniter\Database\BaseConnection->simpleQuery('SELECT `film`.*, `genre`.`nama_genre`
FROM `film`
JOIN `genre` ON `genre`.`genre` = `film`.`id_genre`')
 4 SYSTEMPATH\Database\BaseBuilder.php(1616): CodeIgniter\Database\BaseConnection->query('SELECT `film`.*, `genre`.`nama_genre`
FROM `film`
JOIN `genre` ON `genre`.`genre` = `film`.`id_genre`', [], false)
 5 APPPATH\Models\FilmModel.php(52): CodeIgniter\Database\BaseBuilder->get()
 6 APPPATH\Controllers\Film.php(30): App\Models\FilmModel->getAllDatajoin()
 7 SYSTEMPATH\CodeIgniter.php(934): App\Controllers\Film->All()
 8 SYSTEMPATH\CodeIgniter.php(499): CodeIgniter\CodeIgniter->runController(Object(App\Controllers\Film))
 9 SYSTEMPATH\CodeIgniter.php(368): CodeIgniter\CodeIgniter->handleRequest(null, Object(Config\Cache), false)
10 FCPATH\index.php(67): CodeIgniter\CodeIgniter->run()
11 SYSTEMPATH\Commands\Server\rewrite.php(47): require_once('C:\\xampp\\htdocs\\MI4CApp\\public\\index.php')
ERROR - 2023-06-14 01:14:02 --> mysqli_sql_exception: Unknown column 'genre.genre' in 'on clause' in C:\xampp\htdocs\MI4CApp\vendor\codeigniter4\framework\system\Database\MySQLi\Connection.php:295
Stack trace:
#0 C:\xampp\htdocs\MI4CApp\vendor\codeigniter4\framework\system\Database\MySQLi\Connection.php(295): mysqli->query('SELECT `film`.*...', 0)
#1 C:\xampp\htdocs\MI4CApp\vendor\codeigniter4\framework\system\Database\BaseConnection.php(692): CodeIgniter\Database\MySQLi\Connection->execute('SELECT `film`.*...')
#2 C:\xampp\htdocs\MI4CApp\vendor\codeigniter4\framework\system\Database\BaseConnection.php(606): CodeIgniter\Database\BaseConnection->simpleQuery('SELECT `film`.*...')
#3 C:\xampp\htdocs\MI4CApp\vendor\codeigniter4\framework\system\Database\BaseBuilder.php(1616): CodeIgniter\Database\BaseConnection->query('SELECT `film`.*...', Array, false)
#4 C:\xampp\htdocs\MI4CApp\app\Models\FilmModel.php(52): CodeIgniter\Database\BaseBuilder->get()
#5 C:\xampp\htdocs\MI4CApp\app\Controllers\Film.php(30): App\Models\FilmModel->getAllDatajoin()
#6 C:\xampp\htdocs\MI4CApp\vendor\codeigniter4\framework\system\CodeIgniter.php(934): App\Controllers\Film->All()
#7 C:\xampp\htdocs\MI4CApp\vendor\codeigniter4\framework\system\CodeIgniter.php(499): CodeIgniter\CodeIgniter->runController(Object(App\Controllers\Film))
#8 C:\xampp\htdocs\MI4CApp\vendor\codeigniter4\framework\system\CodeIgniter.php(368): CodeIgniter\CodeIgniter->handleRequest(NULL, Object(Config\Cache), false)
#9 C:\xampp\htdocs\MI4CApp\public\index.php(67): CodeIgniter\CodeIgniter->run()
#10 C:\xampp\htdocs\MI4CApp\vendor\codeigniter4\framework\system\Commands\Server\rewrite.php(47): require_once('C:\\xampp\\htdocs...')
#11 {main}
CRITICAL - 2023-06-14 01:14:02 --> Unknown column 'genre.genre' in 'on clause'
in SYSTEMPATH\Database\MySQLi\Connection.php on line 295.
 1 SYSTEMPATH\Database\MySQLi\Connection.php(295): mysqli->query('SELECT `film`.*, `genre`.`nama_genre`
FROM `film`
JOIN `genre` ON `genre`.`genre` = `film`.`id_genre`', 0)
 2 SYSTEMPATH\Database\BaseConnection.php(692): CodeIgniter\Database\MySQLi\Connection->execute('SELECT `film`.*, `genre`.`nama_genre`
FROM `film`
JOIN `genre` ON `genre`.`genre` = `film`.`id_genre`')
 3 SYSTEMPATH\Database\BaseConnection.php(606): CodeIgniter\Database\BaseConnection->simpleQuery('SELECT `film`.*, `genre`.`nama_genre`
FROM `film`
JOIN `genre` ON `genre`.`genre` = `film`.`id_genre`')
 4 SYSTEMPATH\Database\BaseBuilder.php(1616): CodeIgniter\Database\BaseConnection->query('SELECT `film`.*, `genre`.`nama_genre`
FROM `film`
JOIN `genre` ON `genre`.`genre` = `film`.`id_genre`', [], false)
 5 APPPATH\Models\FilmModel.php(52): CodeIgniter\Database\BaseBuilder->get()
 6 APPPATH\Controllers\Film.php(30): App\Models\FilmModel->getAllDatajoin()
 7 SYSTEMPATH\CodeIgniter.php(934): App\Controllers\Film->All()
 8 SYSTEMPATH\CodeIgniter.php(499): CodeIgniter\CodeIgniter->runController(Object(App\Controllers\Film))
 9 SYSTEMPATH\CodeIgniter.php(368): CodeIgniter\CodeIgniter->handleRequest(null, Object(Config\Cache), false)
10 FCPATH\index.php(67): CodeIgniter\CodeIgniter->run()
11 SYSTEMPATH\Commands\Server\rewrite.php(47): require_once('C:\\xampp\\htdocs\\MI4CApp\\public\\index.php')
ERROR - 2023-06-14 01:14:03 --> mysqli_sql_exception: Unknown column 'genre.genre' in 'on clause' in C:\xampp\htdocs\MI4CApp\vendor\codeigniter4\framework\system\Database\MySQLi\Connection.php:295
Stack trace:
#0 C:\xampp\htdocs\MI4CApp\vendor\codeigniter4\framework\system\Database\MySQLi\Connection.php(295): mysqli->query('SELECT `film`.*...', 0)
#1 C:\xampp\htdocs\MI4CApp\vendor\codeigniter4\framework\system\Database\BaseConnection.php(692): CodeIgniter\Database\MySQLi\Connection->execute('SELECT `film`.*...')
#2 C:\xampp\htdocs\MI4CApp\vendor\codeigniter4\framework\system\Database\BaseConnection.php(606): CodeIgniter\Database\BaseConnection->simpleQuery('SELECT `film`.*...')
#3 C:\xampp\htdocs\MI4CApp\vendor\codeigniter4\framework\system\Database\BaseBuilder.php(1616): CodeIgniter\Database\BaseConnection->query('SELECT `film`.*...', Array, false)
#4 C:\xampp\htdocs\MI4CApp\app\Models\FilmModel.php(52): CodeIgniter\Database\BaseBuilder->get()
#5 C:\xampp\htdocs\MI4CApp\app\Controllers\Film.php(30): App\Models\FilmModel->getAllDatajoin()
#6 C:\xampp\htdocs\MI4CApp\vendor\codeigniter4\framework\system\CodeIgniter.php(934): App\Controllers\Film->All()
#7 C:\xampp\htdocs\MI4CApp\vendor\codeigniter4\framework\system\CodeIgniter.php(499): CodeIgniter\CodeIgniter->runController(Object(App\Controllers\Film))
#8 C:\xampp\htdocs\MI4CApp\vendor\codeigniter4\framework\system\CodeIgniter.php(368): CodeIgniter\CodeIgniter->handleRequest(NULL, Object(Config\Cache), false)
#9 C:\xampp\htdocs\MI4CApp\public\index.php(67): CodeIgniter\CodeIgniter->run()
#10 C:\xampp\htdocs\MI4CApp\vendor\codeigniter4\framework\system\Commands\Server\rewrite.php(47): require_once('C:\\xampp\\htdocs...')
#11 {main}
CRITICAL - 2023-06-14 01:14:03 --> Unknown column 'genre.genre' in 'on clause'
in SYSTEMPATH\Database\MySQLi\Connection.php on line 295.
 1 SYSTEMPATH\Database\MySQLi\Connection.php(295): mysqli->query('SELECT `film`.*, `genre`.`nama_genre`
FROM `film`
JOIN `genre` ON `genre`.`genre` = `film`.`id_genre`', 0)
 2 SYSTEMPATH\Database\BaseConnection.php(692): CodeIgniter\Database\MySQLi\Connection->execute('SELECT `film`.*, `genre`.`nama_genre`
FROM `film`
JOIN `genre` ON `genre`.`genre` = `film`.`id_genre`')
 3 SYSTEMPATH\Database\BaseConnection.php(606): CodeIgniter\Database\BaseConnection->simpleQuery('SELECT `film`.*, `genre`.`nama_genre`
FROM `film`
JOIN `genre` ON `genre`.`genre` = `film`.`id_genre`')
 4 SYSTEMPATH\Database\BaseBuilder.php(1616): CodeIgniter\Database\BaseConnection->query('SELECT `film`.*, `genre`.`nama_genre`
FROM `film`
JOIN `genre` ON `genre`.`genre` = `film`.`id_genre`', [], false)
 5 APPPATH\Models\FilmModel.php(52): CodeIgniter\Database\BaseBuilder->get()
 6 APPPATH\Controllers\Film.php(30): App\Models\FilmModel->getAllDatajoin()
 7 SYSTEMPATH\CodeIgniter.php(934): App\Controllers\Film->All()
 8 SYSTEMPATH\CodeIgniter.php(499): CodeIgniter\CodeIgniter->runController(Object(App\Controllers\Film))
 9 SYSTEMPATH\CodeIgniter.php(368): CodeIgniter\CodeIgniter->handleRequest(null, Object(Config\Cache), false)
10 FCPATH\index.php(67): CodeIgniter\CodeIgniter->run()
11 SYSTEMPATH\Commands\Server\rewrite.php(47): require_once('C:\\xampp\\htdocs\\MI4CApp\\public\\index.php')
ERROR - 2023-06-14 01:14:04 --> mysqli_sql_exception: Unknown column 'genre.genre' in 'on clause' in C:\xampp\htdocs\MI4CApp\vendor\codeigniter4\framework\system\Database\MySQLi\Connection.php:295
Stack trace:
#0 C:\xampp\htdocs\MI4CApp\vendor\codeigniter4\framework\system\Database\MySQLi\Connection.php(295): mysqli->query('SELECT `film`.*...', 0)
#1 C:\xampp\htdocs\MI4CApp\vendor\codeigniter4\framework\system\Database\BaseConnection.php(692): CodeIgniter\Database\MySQLi\Connection->execute('SELECT `film`.*...')
#2 C:\xampp\htdocs\MI4CApp\vendor\codeigniter4\framework\system\Database\BaseConnection.php(606): CodeIgniter\Database\BaseConnection->simpleQuery('SELECT `film`.*...')
#3 C:\xampp\htdocs\MI4CApp\vendor\codeigniter4\framework\system\Database\BaseBuilder.php(1616): CodeIgniter\Database\BaseConnection->query('SELECT `film`.*...', Array, false)
#4 C:\xampp\htdocs\MI4CApp\app\Models\FilmModel.php(52): CodeIgniter\Database\BaseBuilder->get()
#5 C:\xampp\htdocs\MI4CApp\app\Controllers\Film.php(30): App\Models\FilmModel->getAllDatajoin()
#6 C:\xampp\htdocs\MI4CApp\vendor\codeigniter4\framework\system\CodeIgniter.php(934): App\Controllers\Film->All()
#7 C:\xampp\htdocs\MI4CApp\vendor\codeigniter4\framework\system\CodeIgniter.php(499): CodeIgniter\CodeIgniter->runController(Object(App\Controllers\Film))
#8 C:\xampp\htdocs\MI4CApp\vendor\codeigniter4\framework\system\CodeIgniter.php(368): CodeIgniter\CodeIgniter->handleRequest(NULL, Object(Config\Cache), false)
#9 C:\xampp\htdocs\MI4CApp\public\index.php(67): CodeIgniter\CodeIgniter->run()
#10 C:\xampp\htdocs\MI4CApp\vendor\codeigniter4\framework\system\Commands\Server\rewrite.php(47): require_once('C:\\xampp\\htdocs...')
#11 {main}
CRITICAL - 2023-06-14 01:14:04 --> Unknown column 'genre.genre' in 'on clause'
in SYSTEMPATH\Database\MySQLi\Connection.php on line 295.
 1 SYSTEMPATH\Database\MySQLi\Connection.php(295): mysqli->query('SELECT `film`.*, `genre`.`nama_genre`
FROM `film`
JOIN `genre` ON `genre`.`genre` = `film`.`id_genre`', 0)
 2 SYSTEMPATH\Database\BaseConnection.php(692): CodeIgniter\Database\MySQLi\Connection->execute('SELECT `film`.*, `genre`.`nama_genre`
FROM `film`
JOIN `genre` ON `genre`.`genre` = `film`.`id_genre`')
 3 SYSTEMPATH\Database\BaseConnection.php(606): CodeIgniter\Database\BaseConnection->simpleQuery('SELECT `film`.*, `genre`.`nama_genre`
FROM `film`
JOIN `genre` ON `genre`.`genre` = `film`.`id_genre`')
 4 SYSTEMPATH\Database\BaseBuilder.php(1616): CodeIgniter\Database\BaseConnection->query('SELECT `film`.*, `genre`.`nama_genre`
FROM `film`
JOIN `genre` ON `genre`.`genre` = `film`.`id_genre`', [], false)
 5 APPPATH\Models\FilmModel.php(52): CodeIgniter\Database\BaseBuilder->get()
 6 APPPATH\Controllers\Film.php(30): App\Models\FilmModel->getAllDatajoin()
 7 SYSTEMPATH\CodeIgniter.php(934): App\Controllers\Film->All()
 8 SYSTEMPATH\CodeIgniter.php(499): CodeIgniter\CodeIgniter->runController(Object(App\Controllers\Film))
 9 SYSTEMPATH\CodeIgniter.php(368): CodeIgniter\CodeIgniter->handleRequest(null, Object(Config\Cache), false)
10 FCPATH\index.php(67): CodeIgniter\CodeIgniter->run()
11 SYSTEMPATH\Commands\Server\rewrite.php(47): require_once('C:\\xampp\\htdocs\\MI4CApp\\public\\index.php')
CRITICAL - 2023-06-14 01:15:27 --> Invalid file: "semuafilm.php"
in SYSTEMPATH\Exceptions\FrameworkException.php on line 33.
 1 SYSTEMPATH\View\View.php(201): CodeIgniter\Exceptions\FrameworkException::forInvalidFile('semuafilm.php')
 2 SYSTEMPATH\Common.php(1184): CodeIgniter\View\View->render('semuafilm', [], true)
 3 APPPATH\Controllers\Film.php(31): view('semuafilm', [...])
 4 SYSTEMPATH\CodeIgniter.php(934): App\Controllers\Film->All()
 5 SYSTEMPATH\CodeIgniter.php(499): CodeIgniter\CodeIgniter->runController(Object(App\Controllers\Film))
 6 SYSTEMPATH\CodeIgniter.php(368): CodeIgniter\CodeIgniter->handleRequest(null, Object(Config\Cache), false)
 7 FCPATH\index.php(67): CodeIgniter\CodeIgniter->run()
 8 SYSTEMPATH\Commands\Server\rewrite.php(47): require_once('C:\\xampp\\htdocs\\MI4CApp\\public\\index.php')
CRITICAL - 2023-06-14 01:16:53 --> Invalid file: "semuafilm.php"
in SYSTEMPATH\Exceptions\FrameworkException.php on line 33.
 1 SYSTEMPATH\View\View.php(201): CodeIgniter\Exceptions\FrameworkException::forInvalidFile('semuafilm.php')
 2 SYSTEMPATH\Common.php(1184): CodeIgniter\View\View->render('semuafilm', [], true)
 3 APPPATH\Controllers\Film.php(31): view('semuafilm', [...])
 4 SYSTEMPATH\CodeIgniter.php(934): App\Controllers\Film->all()
 5 SYSTEMPATH\CodeIgniter.php(499): CodeIgniter\CodeIgniter->runController(Object(App\Controllers\Film))
 6 SYSTEMPATH\CodeIgniter.php(368): CodeIgniter\CodeIgniter->handleRequest(null, Object(Config\Cache), false)
 7 FCPATH\index.php(67): CodeIgniter\CodeIgniter->run()
 8 SYSTEMPATH\Commands\Server\rewrite.php(47): require_once('C:\\xampp\\htdocs\\MI4CApp\\public\\index.php')
CRITICAL - 2023-06-14 01:18:49 --> Undefined array key "genre"
in APPPATH\Views\film\semuafilm.php on line 27.
 1 APPPATH\Views\film\semuafilm.php(27): CodeIgniter\Debug\Exceptions->errorHandler(2, 'Undefined array key "genre"', 'C:\\xampp\\htdocs\\MI4CApp\\app\\Views\\film\\semuafilm.php', 27)
 2 SYSTEMPATH\View\View.php(213): include('C:\\xampp\\htdocs\\MI4CApp\\app\\Views\\film\\semuafilm.php')
 3 SYSTEMPATH\View\View.php(216): CodeIgniter\View\View->CodeIgniter\View\{closure}()
 4 SYSTEMPATH\Common.php(1184): CodeIgniter\View\View->render('film/semuafilm', [], true)
 5 APPPATH\Controllers\Film.php(31): view('film/semuafilm', [...])
 6 SYSTEMPATH\CodeIgniter.php(934): App\Controllers\Film->all()
 7 SYSTEMPATH\CodeIgniter.php(499): CodeIgniter\CodeIgniter->runController(Object(App\Controllers\Film))
 8 SYSTEMPATH\CodeIgniter.php(368): CodeIgniter\CodeIgniter->handleRequest(null, Object(Config\Cache), false)
 9 FCPATH\index.php(67): CodeIgniter\CodeIgniter->run()
10 SYSTEMPATH\Commands\Server\rewrite.php(47): require_once('C:\\xampp\\htdocs\\MI4CApp\\public\\index.php')
CRITICAL - 2023-06-14 04:07:50 --> Undefined array key "id_genre"
in APPPATH\Views\film\index.php on line 55.
 1 APPPATH\Views\film\index.php(55): CodeIgniter\Debug\Exceptions->errorHandler(2, 'Undefined array key "id_genre"', 'C:\\xampp\\htdocs\\MI4CApp\\app\\Views\\film\\index.php', 55)
 2 SYSTEMPATH\View\View.php(213): include('C:\\xampp\\htdocs\\MI4CApp\\app\\Views\\film\\index.php')
 3 SYSTEMPATH\View\View.php(216): CodeIgniter\View\View->CodeIgniter\View\{closure}()
 4 SYSTEMPATH\Common.php(1184): CodeIgniter\View\View->render('film/index', [], true)
 5 APPPATH\Controllers\Film.php(25): view('film/index', [...])
 6 SYSTEMPATH\CodeIgniter.php(934): App\Controllers\Film->index()
 7 SYSTEMPATH\CodeIgniter.php(499): CodeIgniter\CodeIgniter->runController(Object(App\Controllers\Film))
 8 SYSTEMPATH\CodeIgniter.php(368): CodeIgniter\CodeIgniter->handleRequest(null, Object(Config\Cache), false)
 9 FCPATH\index.php(67): CodeIgniter\CodeIgniter->run()
10 SYSTEMPATH\Commands\Server\rewrite.php(47): require_once('C:\\xampp\\htdocs\\MI4CApp\\public\\index.php')
CRITICAL - 2023-06-14 04:10:02 --> syntax error, unexpected end of file
in APPPATH\Views\film\index.php on line 68.
 1 SYSTEMPATH\View\View.php(216): CodeIgniter\View\View->CodeIgniter\View\{closure}()
 2 SYSTEMPATH\Common.php(1184): CodeIgniter\View\View->render('film/index', [], true)
 3 APPPATH\Controllers\Film.php(25): view('film/index', [...])
 4 SYSTEMPATH\CodeIgniter.php(934): App\Controllers\Film->index()
 5 SYSTEMPATH\CodeIgniter.php(499): CodeIgniter\CodeIgniter->runController(Object(App\Controllers\Film))
 6 SYSTEMPATH\CodeIgniter.php(368): CodeIgniter\CodeIgniter->handleRequest(null, Object(Config\Cache), false)
 7 FCPATH\index.php(67): CodeIgniter\CodeIgniter->run()
 8 SYSTEMPATH\Commands\Server\rewrite.php(47): require_once('C:\\xampp\\htdocs\\MI4CApp\\public\\index.php')
