CRITICAL - 2023-06-13 09:53:14 --> Undefined variable $data_Genre
in APPPATH\Views\Genre\SemuaGenre.php on line 18.
 1 APPPATH\Views\Genre\SemuaGenre.php(18): CodeIgniter\Debug\Exceptions->errorHandler(2, 'Undefined variable $data_Genre', 'C:\\xampp\\htdocs\\MI4CApp\\app\\Views\\Genre\\SemuaGenre.php', 18)
 2 SYSTEMPATH\View\View.php(213): include('C:\\xampp\\htdocs\\MI4CApp\\app\\Views\\Genre\\SemuaGenre.php')
 3 SYSTEMPATH\View\View.php(216): CodeIgniter\View\View->CodeIgniter\View\{closure}()
 4 SYSTEMPATH\Common.php(1184): CodeIgniter\View\View->render('Genre/SemuaGenre', [], true)
 5 APPPATH\Controllers\Genre.php(30): view('Genre/SemuaGenre', [...])
 6 SYSTEMPATH\CodeIgniter.php(934): App\Controllers\Genre->all()
 7 SYSTEMPATH\CodeIgniter.php(499): CodeIgniter\CodeIgniter->runController(Object(App\Controllers\Genre))
 8 SYSTEMPATH\CodeIgniter.php(368): CodeIgniter\CodeIgniter->handleRequest(null, Object(Config\Cache), false)
 9 FCPATH\index.php(67): CodeIgniter\CodeIgniter->run()
10 SYSTEMPATH\Commands\Server\rewrite.php(47): require_once('C:\\xampp\\htdocs\\MI4CApp\\public\\index.php')
CRITICAL - 2023-06-13 09:53:59 --> Undefined array key "nama_Genre"
in APPPATH\Views\Genre\SemuaGenre.php on line 22.
 1 APPPATH\Views\Genre\SemuaGenre.php(22): CodeIgniter\Debug\Exceptions->errorHandler(2, 'Undefined array key "nama_Genre"', 'C:\\xampp\\htdocs\\MI4CApp\\app\\Views\\Genre\\SemuaGenre.php', 22)
 2 SYSTEMPATH\View\View.php(213): include('C:\\xampp\\htdocs\\MI4CApp\\app\\Views\\Genre\\SemuaGenre.php')
 3 SYSTEMPATH\View\View.php(216): CodeIgniter\View\View->CodeIgniter\View\{closure}()
 4 SYSTEMPATH\Common.php(1184): CodeIgniter\View\View->render('Genre/SemuaGenre', [], true)
 5 APPPATH\Controllers\Genre.php(30): view('Genre/SemuaGenre', [...])
 6 SYSTEMPATH\CodeIgniter.php(934): App\Controllers\Genre->all()
 7 SYSTEMPATH\CodeIgniter.php(499): CodeIgniter\CodeIgniter->runController(Object(App\Controllers\Genre))
 8 SYSTEMPATH\CodeIgniter.php(368): CodeIgniter\CodeIgniter->handleRequest(null, Object(Config\Cache), false)
 9 FCPATH\index.php(67): CodeIgniter\CodeIgniter->run()
10 SYSTEMPATH\Commands\Server\rewrite.php(47): require_once('C:\\xampp\\htdocs\\MI4CApp\\public\\index.php')
CRITICAL - 2023-06-13 09:54:40 --> Undefined variable $Genre
in APPPATH\Views\Genre\SemuaGenre.php on line 22.
 1 APPPATH\Views\Genre\SemuaGenre.php(22): CodeIgniter\Debug\Exceptions->errorHandler(2, 'Undefined variable $Genre', 'C:\\xampp\\htdocs\\MI4CApp\\app\\Views\\Genre\\SemuaGenre.php', 22)
 2 SYSTEMPATH\View\View.php(213): include('C:\\xampp\\htdocs\\MI4CApp\\app\\Views\\Genre\\SemuaGenre.php')
 3 SYSTEMPATH\View\View.php(216): CodeIgniter\View\View->CodeIgniter\View\{closure}()
 4 SYSTEMPATH\Common.php(1184): CodeIgniter\View\View->render('Genre/SemuaGenre', [], true)
 5 APPPATH\Controllers\Genre.php(30): view('Genre/SemuaGenre', [...])
 6 SYSTEMPATH\CodeIgniter.php(934): App\Controllers\Genre->all()
 7 SYSTEMPATH\CodeIgniter.php(499): CodeIgniter\CodeIgniter->runController(Object(App\Controllers\Genre))
 8 SYSTEMPATH\CodeIgniter.php(368): CodeIgniter\CodeIgniter->handleRequest(null, Object(Config\Cache), false)
 9 FCPATH\index.php(67): CodeIgniter\CodeIgniter->run()
10 SYSTEMPATH\Commands\Server\rewrite.php(47): require_once('C:\\xampp\\htdocs\\MI4CApp\\public\\index.php')
CRITICAL - 2023-06-13 09:55:31 --> Undefined variable $Genre
in APPPATH\Views\Genre\SemuaGenre.php on line 22.
 1 APPPATH\Views\Genre\SemuaGenre.php(22): CodeIgniter\Debug\Exceptions->errorHandler(2, 'Undefined variable $Genre', 'C:\\xampp\\htdocs\\MI4CApp\\app\\Views\\Genre\\SemuaGenre.php', 22)
 2 SYSTEMPATH\View\View.php(213): include('C:\\xampp\\htdocs\\MI4CApp\\app\\Views\\Genre\\SemuaGenre.php')
 3 SYSTEMPATH\View\View.php(216): CodeIgniter\View\View->CodeIgniter\View\{closure}()
 4 SYSTEMPATH\Common.php(1184): CodeIgniter\View\View->render('Genre/SemuaGenre', [], true)
 5 APPPATH\Controllers\Genre.php(30): view('Genre/SemuaGenre', [...])
 6 SYSTEMPATH\CodeIgniter.php(934): App\Controllers\Genre->all()
 7 SYSTEMPATH\CodeIgniter.php(499): CodeIgniter\CodeIgniter->runController(Object(App\Controllers\Genre))
 8 SYSTEMPATH\CodeIgniter.php(368): CodeIgniter\CodeIgniter->handleRequest(null, Object(Config\Cache), false)
 9 FCPATH\index.php(67): CodeIgniter\CodeIgniter->run()
10 SYSTEMPATH\Commands\Server\rewrite.php(47): require_once('C:\\xampp\\htdocs\\MI4CApp\\public\\index.php')
CRITICAL - 2023-06-13 09:55:55 --> Undefined variable $Genre
in APPPATH\Views\Genre\SemuaGenre.php on line 22.
 1 APPPATH\Views\Genre\SemuaGenre.php(22): CodeIgniter\Debug\Exceptions->errorHandler(2, 'Undefined variable $Genre', 'C:\\xampp\\htdocs\\MI4CApp\\app\\Views\\Genre\\SemuaGenre.php', 22)
 2 SYSTEMPATH\View\View.php(213): include('C:\\xampp\\htdocs\\MI4CApp\\app\\Views\\Genre\\SemuaGenre.php')
 3 SYSTEMPATH\View\View.php(216): CodeIgniter\View\View->CodeIgniter\View\{closure}()
 4 SYSTEMPATH\Common.php(1184): CodeIgniter\View\View->render('Genre/SemuaGenre', [], true)
 5 APPPATH\Controllers\Genre.php(30): view('Genre/SemuaGenre', [...])
 6 SYSTEMPATH\CodeIgniter.php(934): App\Controllers\Genre->all()
 7 SYSTEMPATH\CodeIgniter.php(499): CodeIgniter\CodeIgniter->runController(Object(App\Controllers\Genre))
 8 SYSTEMPATH\CodeIgniter.php(368): CodeIgniter\CodeIgniter->handleRequest(null, Object(Config\Cache), false)
 9 FCPATH\index.php(67): CodeIgniter\CodeIgniter->run()
10 SYSTEMPATH\Commands\Server\rewrite.php(47): require_once('C:\\xampp\\htdocs\\MI4CApp\\public\\index.php')
CRITICAL - 2023-06-13 09:56:01 --> Undefined variable $Genre
in APPPATH\Views\Genre\SemuaGenre.php on line 22.
 1 APPPATH\Views\Genre\SemuaGenre.php(22): CodeIgniter\Debug\Exceptions->errorHandler(2, 'Undefined variable $Genre', 'C:\\xampp\\htdocs\\MI4CApp\\app\\Views\\Genre\\SemuaGenre.php', 22)
 2 SYSTEMPATH\View\View.php(213): include('C:\\xampp\\htdocs\\MI4CApp\\app\\Views\\Genre\\SemuaGenre.php')
 3 SYSTEMPATH\View\View.php(216): CodeIgniter\View\View->CodeIgniter\View\{closure}()
 4 SYSTEMPATH\Common.php(1184): CodeIgniter\View\View->render('Genre/SemuaGenre', [], true)
 5 APPPATH\Controllers\Genre.php(30): view('Genre/SemuaGenre', [...])
 6 SYSTEMPATH\CodeIgniter.php(934): App\Controllers\Genre->all()
 7 SYSTEMPATH\CodeIgniter.php(499): CodeIgniter\CodeIgniter->runController(Object(App\Controllers\Genre))
 8 SYSTEMPATH\CodeIgniter.php(368): CodeIgniter\CodeIgniter->handleRequest(null, Object(Config\Cache), false)
 9 FCPATH\index.php(67): CodeIgniter\CodeIgniter->run()
10 SYSTEMPATH\Commands\Server\rewrite.php(47): require_once('C:\\xampp\\htdocs\\MI4CApp\\public\\index.php')
CRITICAL - 2023-06-13 09:58:22 --> Undefined variable $Genre
in APPPATH\Views\Genre\SemuaGenre.php on line 22.
 1 APPPATH\Views\Genre\SemuaGenre.php(22): CodeIgniter\Debug\Exceptions->errorHandler(2, 'Undefined variable $Genre', 'C:\\xampp\\htdocs\\MI4CApp\\app\\Views\\Genre\\SemuaGenre.php', 22)
 2 SYSTEMPATH\View\View.php(213): include('C:\\xampp\\htdocs\\MI4CApp\\app\\Views\\Genre\\SemuaGenre.php')
 3 SYSTEMPATH\View\View.php(216): CodeIgniter\View\View->CodeIgniter\View\{closure}()
 4 SYSTEMPATH\Common.php(1184): CodeIgniter\View\View->render('Genre/SemuaGenre', [], true)
 5 APPPATH\Controllers\Genre.php(30): view('Genre/SemuaGenre', [...])
 6 SYSTEMPATH\CodeIgniter.php(934): App\Controllers\Genre->all()
 7 SYSTEMPATH\CodeIgniter.php(499): CodeIgniter\CodeIgniter->runController(Object(App\Controllers\Genre))
 8 SYSTEMPATH\CodeIgniter.php(368): CodeIgniter\CodeIgniter->handleRequest(null, Object(Config\Cache), false)
 9 FCPATH\index.php(67): CodeIgniter\CodeIgniter->run()
10 SYSTEMPATH\Commands\Server\rewrite.php(47): require_once('C:\\xampp\\htdocs\\MI4CApp\\public\\index.php')
CRITICAL - 2023-06-13 09:59:11 --> Undefined variable $Genre
in APPPATH\Views\Genre\SemuaGenre.php on line 22.
 1 APPPATH\Views\Genre\SemuaGenre.php(22): CodeIgniter\Debug\Exceptions->errorHandler(2, 'Undefined variable $Genre', 'C:\\xampp\\htdocs\\MI4CApp\\app\\Views\\Genre\\SemuaGenre.php', 22)
 2 SYSTEMPATH\View\View.php(213): include('C:\\xampp\\htdocs\\MI4CApp\\app\\Views\\Genre\\SemuaGenre.php')
 3 SYSTEMPATH\View\View.php(216): CodeIgniter\View\View->CodeIgniter\View\{closure}()
 4 SYSTEMPATH\Common.php(1184): CodeIgniter\View\View->render('Genre/SemuaGenre', [], true)
 5 APPPATH\Controllers\Genre.php(30): view('Genre/SemuaGenre', [...])
 6 SYSTEMPATH\CodeIgniter.php(934): App\Controllers\Genre->all()
 7 SYSTEMPATH\CodeIgniter.php(499): CodeIgniter\CodeIgniter->runController(Object(App\Controllers\Genre))
 8 SYSTEMPATH\CodeIgniter.php(368): CodeIgniter\CodeIgniter->handleRequest(null, Object(Config\Cache), false)
 9 FCPATH\index.php(67): CodeIgniter\CodeIgniter->run()
10 SYSTEMPATH\Commands\Server\rewrite.php(47): require_once('C:\\xampp\\htdocs\\MI4CApp\\public\\index.php')
CRITICAL - 2023-06-13 09:59:15 --> Undefined variable $Genre
in APPPATH\Views\Genre\SemuaGenre.php on line 22.
 1 APPPATH\Views\Genre\SemuaGenre.php(22): CodeIgniter\Debug\Exceptions->errorHandler(2, 'Undefined variable $Genre', 'C:\\xampp\\htdocs\\MI4CApp\\app\\Views\\Genre\\SemuaGenre.php', 22)
 2 SYSTEMPATH\View\View.php(213): include('C:\\xampp\\htdocs\\MI4CApp\\app\\Views\\Genre\\SemuaGenre.php')
 3 SYSTEMPATH\View\View.php(216): CodeIgniter\View\View->CodeIgniter\View\{closure}()
 4 SYSTEMPATH\Common.php(1184): CodeIgniter\View\View->render('Genre/SemuaGenre', [], true)
 5 APPPATH\Controllers\Genre.php(30): view('Genre/SemuaGenre', [...])
 6 SYSTEMPATH\CodeIgniter.php(934): App\Controllers\Genre->all()
 7 SYSTEMPATH\CodeIgniter.php(499): CodeIgniter\CodeIgniter->runController(Object(App\Controllers\Genre))
 8 SYSTEMPATH\CodeIgniter.php(368): CodeIgniter\CodeIgniter->handleRequest(null, Object(Config\Cache), false)
 9 FCPATH\index.php(67): CodeIgniter\CodeIgniter->run()
10 SYSTEMPATH\Commands\Server\rewrite.php(47): require_once('C:\\xampp\\htdocs\\MI4CApp\\public\\index.php')
CRITICAL - 2023-06-13 10:00:04 --> Undefined array key "nama_Genre"
in APPPATH\Views\Genre\SemuaGenre.php on line 22.
 1 APPPATH\Views\Genre\SemuaGenre.php(22): CodeIgniter\Debug\Exceptions->errorHandler(2, 'Undefined array key "nama_Genre"', 'C:\\xampp\\htdocs\\MI4CApp\\app\\Views\\Genre\\SemuaGenre.php', 22)
 2 SYSTEMPATH\View\View.php(213): include('C:\\xampp\\htdocs\\MI4CApp\\app\\Views\\Genre\\SemuaGenre.php')
 3 SYSTEMPATH\View\View.php(216): CodeIgniter\View\View->CodeIgniter\View\{closure}()
 4 SYSTEMPATH\Common.php(1184): CodeIgniter\View\View->render('Genre/SemuaGenre', [], true)
 5 APPPATH\Controllers\Genre.php(30): view('Genre/SemuaGenre', [...])
 6 SYSTEMPATH\CodeIgniter.php(934): App\Controllers\Genre->all()
 7 SYSTEMPATH\CodeIgniter.php(499): CodeIgniter\CodeIgniter->runController(Object(App\Controllers\Genre))
 8 SYSTEMPATH\CodeIgniter.php(368): CodeIgniter\CodeIgniter->handleRequest(null, Object(Config\Cache), false)
 9 FCPATH\index.php(67): CodeIgniter\CodeIgniter->run()
10 SYSTEMPATH\Commands\Server\rewrite.php(47): require_once('C:\\xampp\\htdocs\\MI4CApp\\public\\index.php')
CRITICAL - 2023-06-13 10:00:29 --> Undefined array key "Created_at"
in APPPATH\Views\Genre\index.php on line 23.
 1 APPPATH\Views\Genre\index.php(23): CodeIgniter\Debug\Exceptions->errorHandler(2, 'Undefined array key "Created_at"', 'C:\\xampp\\htdocs\\MI4CApp\\app\\Views\\Genre\\index.php', 23)
 2 SYSTEMPATH\View\View.php(213): include('C:\\xampp\\htdocs\\MI4CApp\\app\\Views\\Genre\\index.php')
 3 SYSTEMPATH\View\View.php(216): CodeIgniter\View\View->CodeIgniter\View\{closure}()
 4 SYSTEMPATH\Common.php(1184): CodeIgniter\View\View->render('Genre/index', [], true)
 5 APPPATH\Controllers\Genre.php(25): view('Genre/index', [...])
 6 SYSTEMPATH\CodeIgniter.php(934): App\Controllers\Genre->index()
 7 SYSTEMPATH\CodeIgniter.php(499): CodeIgniter\CodeIgniter->runController(Object(App\Controllers\Genre))
 8 SYSTEMPATH\CodeIgniter.php(368): CodeIgniter\CodeIgniter->handleRequest(null, Object(Config\Cache), false)
 9 FCPATH\index.php(67): CodeIgniter\CodeIgniter->run()
10 SYSTEMPATH\Commands\Server\rewrite.php(47): require_once('C:\\xampp\\htdocs\\MI4CApp\\public\\index.php')
CRITICAL - 2023-06-13 10:01:37 --> Undefined array key "Created_at"
in APPPATH\Views\Genre\index.php on line 23.
 1 APPPATH\Views\Genre\index.php(23): CodeIgniter\Debug\Exceptions->errorHandler(2, 'Undefined array key "Created_at"', 'C:\\xampp\\htdocs\\MI4CApp\\app\\Views\\Genre\\index.php', 23)
 2 SYSTEMPATH\View\View.php(213): include('C:\\xampp\\htdocs\\MI4CApp\\app\\Views\\Genre\\index.php')
 3 SYSTEMPATH\View\View.php(216): CodeIgniter\View\View->CodeIgniter\View\{closure}()
 4 SYSTEMPATH\Common.php(1184): CodeIgniter\View\View->render('Genre/index', [], true)
 5 APPPATH\Controllers\Genre.php(25): view('Genre/index', [...])
 6 SYSTEMPATH\CodeIgniter.php(934): App\Controllers\Genre->index()
 7 SYSTEMPATH\CodeIgniter.php(499): CodeIgniter\CodeIgniter->runController(Object(App\Controllers\Genre))
 8 SYSTEMPATH\CodeIgniter.php(368): CodeIgniter\CodeIgniter->handleRequest(null, Object(Config\Cache), false)
 9 FCPATH\index.php(67): CodeIgniter\CodeIgniter->run()
10 SYSTEMPATH\Commands\Server\rewrite.php(47): require_once('C:\\xampp\\htdocs\\MI4CApp\\public\\index.php')
CRITICAL - 2023-06-13 10:03:15 --> Undefined array key "Created_at"
in APPPATH\Views\Genre\index.php on line 23.
 1 APPPATH\Views\Genre\index.php(23): CodeIgniter\Debug\Exceptions->errorHandler(2, 'Undefined array key "Created_at"', 'C:\\xampp\\htdocs\\MI4CApp\\app\\Views\\Genre\\index.php', 23)
 2 SYSTEMPATH\View\View.php(213): include('C:\\xampp\\htdocs\\MI4CApp\\app\\Views\\Genre\\index.php')
 3 SYSTEMPATH\View\View.php(216): CodeIgniter\View\View->CodeIgniter\View\{closure}()
 4 SYSTEMPATH\Common.php(1184): CodeIgniter\View\View->render('Genre/index', [], true)
 5 APPPATH\Controllers\Genre.php(25): view('Genre/index', [...])
 6 SYSTEMPATH\CodeIgniter.php(934): App\Controllers\Genre->index()
 7 SYSTEMPATH\CodeIgniter.php(499): CodeIgniter\CodeIgniter->runController(Object(App\Controllers\Genre))
 8 SYSTEMPATH\CodeIgniter.php(368): CodeIgniter\CodeIgniter->handleRequest(null, Object(Config\Cache), false)
 9 FCPATH\index.php(67): CodeIgniter\CodeIgniter->run()
10 SYSTEMPATH\Commands\Server\rewrite.php(47): require_once('C:\\xampp\\htdocs\\MI4CApp\\public\\index.php')
CRITICAL - 2023-06-13 10:03:22 --> Undefined array key "nama_Genre"
in APPPATH\Views\Genre\SemuaGenre.php on line 22.
 1 APPPATH\Views\Genre\SemuaGenre.php(22): CodeIgniter\Debug\Exceptions->errorHandler(2, 'Undefined array key "nama_Genre"', 'C:\\xampp\\htdocs\\MI4CApp\\app\\Views\\Genre\\SemuaGenre.php', 22)
 2 SYSTEMPATH\View\View.php(213): include('C:\\xampp\\htdocs\\MI4CApp\\app\\Views\\Genre\\SemuaGenre.php')
 3 SYSTEMPATH\View\View.php(216): CodeIgniter\View\View->CodeIgniter\View\{closure}()
 4 SYSTEMPATH\Common.php(1184): CodeIgniter\View\View->render('Genre/SemuaGenre', [], true)
 5 APPPATH\Controllers\Genre.php(30): view('Genre/SemuaGenre', [...])
 6 SYSTEMPATH\CodeIgniter.php(934): App\Controllers\Genre->all()
 7 SYSTEMPATH\CodeIgniter.php(499): CodeIgniter\CodeIgniter->runController(Object(App\Controllers\Genre))
 8 SYSTEMPATH\CodeIgniter.php(368): CodeIgniter\CodeIgniter->handleRequest(null, Object(Config\Cache), false)
 9 FCPATH\index.php(67): CodeIgniter\CodeIgniter->run()
10 SYSTEMPATH\Commands\Server\rewrite.php(47): require_once('C:\\xampp\\htdocs\\MI4CApp\\public\\index.php')
CRITICAL - 2023-06-13 10:04:58 --> Undefined array key "nama_Genre"
in APPPATH\Views\Genre\SemuaGenre.php on line 23.
 1 APPPATH\Views\Genre\SemuaGenre.php(23): CodeIgniter\Debug\Exceptions->errorHandler(2, 'Undefined array key "nama_Genre"', 'C:\\xampp\\htdocs\\MI4CApp\\app\\Views\\Genre\\SemuaGenre.php', 23)
 2 SYSTEMPATH\View\View.php(213): include('C:\\xampp\\htdocs\\MI4CApp\\app\\Views\\Genre\\SemuaGenre.php')
 3 SYSTEMPATH\View\View.php(216): CodeIgniter\View\View->CodeIgniter\View\{closure}()
 4 SYSTEMPATH\Common.php(1184): CodeIgniter\View\View->render('Genre/SemuaGenre', [], true)
 5 APPPATH\Controllers\Genre.php(30): view('Genre/SemuaGenre', [...])
 6 SYSTEMPATH\CodeIgniter.php(934): App\Controllers\Genre->all()
 7 SYSTEMPATH\CodeIgniter.php(499): CodeIgniter\CodeIgniter->runController(Object(App\Controllers\Genre))
 8 SYSTEMPATH\CodeIgniter.php(368): CodeIgniter\CodeIgniter->handleRequest(null, Object(Config\Cache), false)
 9 FCPATH\index.php(67): CodeIgniter\CodeIgniter->run()
10 SYSTEMPATH\Commands\Server\rewrite.php(47): require_once('C:\\xampp\\htdocs\\MI4CApp\\public\\index.php')
CRITICAL - 2023-06-13 10:06:00 --> Undefined array key "nama_Genre"
in APPPATH\Views\Genre\SemuaGenre.php on line 23.
 1 APPPATH\Views\Genre\SemuaGenre.php(23): CodeIgniter\Debug\Exceptions->errorHandler(2, 'Undefined array key "nama_Genre"', 'C:\\xampp\\htdocs\\MI4CApp\\app\\Views\\Genre\\SemuaGenre.php', 23)
 2 SYSTEMPATH\View\View.php(213): include('C:\\xampp\\htdocs\\MI4CApp\\app\\Views\\Genre\\SemuaGenre.php')
 3 SYSTEMPATH\View\View.php(216): CodeIgniter\View\View->CodeIgniter\View\{closure}()
 4 SYSTEMPATH\Common.php(1184): CodeIgniter\View\View->render('Genre/SemuaGenre', [], true)
 5 APPPATH\Controllers\Genre.php(30): view('Genre/SemuaGenre', [...])
 6 SYSTEMPATH\CodeIgniter.php(934): App\Controllers\Genre->all()
 7 SYSTEMPATH\CodeIgniter.php(499): CodeIgniter\CodeIgniter->runController(Object(App\Controllers\Genre))
 8 SYSTEMPATH\CodeIgniter.php(368): CodeIgniter\CodeIgniter->handleRequest(null, Object(Config\Cache), false)
 9 FCPATH\index.php(67): CodeIgniter\CodeIgniter->run()
10 SYSTEMPATH\Commands\Server\rewrite.php(47): require_once('C:\\xampp\\htdocs\\MI4CApp\\public\\index.php')
CRITICAL - 2023-06-13 10:15:32 --> Undefined array key "nama_Genre"
in APPPATH\Views\Genre\SemuaGenre.php on line 23.
 1 APPPATH\Views\Genre\SemuaGenre.php(23): CodeIgniter\Debug\Exceptions->errorHandler(2, 'Undefined array key "nama_Genre"', 'C:\\xampp\\htdocs\\MI4CApp\\app\\Views\\Genre\\SemuaGenre.php', 23)
 2 SYSTEMPATH\View\View.php(213): include('C:\\xampp\\htdocs\\MI4CApp\\app\\Views\\Genre\\SemuaGenre.php')
 3 SYSTEMPATH\View\View.php(216): CodeIgniter\View\View->CodeIgniter\View\{closure}()
 4 SYSTEMPATH\Common.php(1184): CodeIgniter\View\View->render('Genre/SemuaGenre', [], true)
 5 APPPATH\Controllers\Genre.php(30): view('Genre/SemuaGenre', [...])
 6 SYSTEMPATH\CodeIgniter.php(934): App\Controllers\Genre->all()
 7 SYSTEMPATH\CodeIgniter.php(499): CodeIgniter\CodeIgniter->runController(Object(App\Controllers\Genre))
 8 SYSTEMPATH\CodeIgniter.php(368): CodeIgniter\CodeIgniter->handleRequest(null, Object(Config\Cache), false)
 9 FCPATH\index.php(67): CodeIgniter\CodeIgniter->run()
10 SYSTEMPATH\Commands\Server\rewrite.php(47): require_once('C:\\xampp\\htdocs\\MI4CApp\\public\\index.php')
CRITICAL - 2023-06-13 10:17:10 --> Undefined array key "nama_Genre"
in APPPATH\Views\Genre\SemuaGenre.php on line 23.
 1 APPPATH\Views\Genre\SemuaGenre.php(23): CodeIgniter\Debug\Exceptions->errorHandler(2, 'Undefined array key "nama_Genre"', 'C:\\xampp\\htdocs\\MI4CApp\\app\\Views\\Genre\\SemuaGenre.php', 23)
 2 SYSTEMPATH\View\View.php(213): include('C:\\xampp\\htdocs\\MI4CApp\\app\\Views\\Genre\\SemuaGenre.php')
 3 SYSTEMPATH\View\View.php(216): CodeIgniter\View\View->CodeIgniter\View\{closure}()
 4 SYSTEMPATH\Common.php(1184): CodeIgniter\View\View->render('Genre/SemuaGenre', [], true)
 5 APPPATH\Controllers\Genre.php(30): view('Genre/SemuaGenre', [...])
 6 SYSTEMPATH\CodeIgniter.php(934): App\Controllers\Genre->all()
 7 SYSTEMPATH\CodeIgniter.php(499): CodeIgniter\CodeIgniter->runController(Object(App\Controllers\Genre))
 8 SYSTEMPATH\CodeIgniter.php(368): CodeIgniter\CodeIgniter->handleRequest(null, Object(Config\Cache), false)
 9 FCPATH\index.php(67): CodeIgniter\CodeIgniter->run()
10 SYSTEMPATH\Commands\Server\rewrite.php(47): require_once('C:\\xampp\\htdocs\\MI4CApp\\public\\index.php')
CRITICAL - 2023-06-13 10:18:00 --> Undefined array key "nama_Genre"
in APPPATH\Views\Genre\SemuaGenre.php on line 25.
 1 APPPATH\Views\Genre\SemuaGenre.php(25): CodeIgniter\Debug\Exceptions->errorHandler(2, 'Undefined array key "nama_Genre"', 'C:\\xampp\\htdocs\\MI4CApp\\app\\Views\\Genre\\SemuaGenre.php', 25)
 2 SYSTEMPATH\View\View.php(213): include('C:\\xampp\\htdocs\\MI4CApp\\app\\Views\\Genre\\SemuaGenre.php')
 3 SYSTEMPATH\View\View.php(216): CodeIgniter\View\View->CodeIgniter\View\{closure}()
 4 SYSTEMPATH\Common.php(1184): CodeIgniter\View\View->render('Genre/SemuaGenre', [], true)
 5 APPPATH\Controllers\Genre.php(30): view('Genre/SemuaGenre', [...])
 6 SYSTEMPATH\CodeIgniter.php(934): App\Controllers\Genre->all()
 7 SYSTEMPATH\CodeIgniter.php(499): CodeIgniter\CodeIgniter->runController(Object(App\Controllers\Genre))
 8 SYSTEMPATH\CodeIgniter.php(368): CodeIgniter\CodeIgniter->handleRequest(null, Object(Config\Cache), false)
 9 FCPATH\index.php(67): CodeIgniter\CodeIgniter->run()
10 SYSTEMPATH\Commands\Server\rewrite.php(47): require_once('C:\\xampp\\htdocs\\MI4CApp\\public\\index.php')
CRITICAL - 2023-06-13 10:24:47 --> Undefined array key "nama_Genre"
in APPPATH\Views\Genre\SemuaGenre.php on line 25.
 1 APPPATH\Views\Genre\SemuaGenre.php(25): CodeIgniter\Debug\Exceptions->errorHandler(2, 'Undefined array key "nama_Genre"', 'C:\\xampp\\htdocs\\MI4CApp\\app\\Views\\Genre\\SemuaGenre.php', 25)
 2 SYSTEMPATH\View\View.php(213): include('C:\\xampp\\htdocs\\MI4CApp\\app\\Views\\Genre\\SemuaGenre.php')
 3 SYSTEMPATH\View\View.php(216): CodeIgniter\View\View->CodeIgniter\View\{closure}()
 4 SYSTEMPATH\Common.php(1184): CodeIgniter\View\View->render('Genre/SemuaGenre', [], true)
 5 APPPATH\Controllers\Genre.php(30): view('Genre/SemuaGenre', [...])
 6 SYSTEMPATH\CodeIgniter.php(934): App\Controllers\Genre->all()
 7 SYSTEMPATH\CodeIgniter.php(499): CodeIgniter\CodeIgniter->runController(Object(App\Controllers\Genre))
 8 SYSTEMPATH\CodeIgniter.php(368): CodeIgniter\CodeIgniter->handleRequest(null, Object(Config\Cache), false)
 9 FCPATH\index.php(67): CodeIgniter\CodeIgniter->run()
10 SYSTEMPATH\Commands\Server\rewrite.php(47): require_once('C:\\xampp\\htdocs\\MI4CApp\\public\\index.php')
