CRITICAL - 2023-06-07 01:49:50 --> syntax error, unexpected token "}"
in APPPATH\Controllers\Film.php on line 30.
 1 SYSTEMPATH\Router\Router.php(507): CodeIgniter\Router\AutoRouter->getRoute('film/all')
 2 SYSTEMPATH\Router\Router.php(206): CodeIgniter\Router\Router->autoRoute('film/all')
 3 SYSTEMPATH\CodeIgniter.php(815): CodeIgniter\Router\Router->handle('film/all')
 4 SYSTEMPATH\CodeIgniter.php(449): CodeIgniter\CodeIgniter->tryToRouteIt(Object(CodeIgniter\Router\RouteCollection))
 5 SYSTEMPATH\CodeIgniter.php(368): CodeIgniter\CodeIgniter->handleRequest(null, Object(Config\Cache), false)
 6 FCPATH\index.php(67): CodeIgniter\CodeIgniter->run()
 7 SYSTEMPATH\Commands\Server\rewrite.php(47): require_once('C:\\xampp\\htdocs\\MI4CApp\\public\\index.php')
CRITICAL - 2023-06-07 01:50:18 --> syntax error, unexpected token "}"
in APPPATH\Controllers\Film.php on line 30.
 1 SYSTEMPATH\Router\Router.php(507): CodeIgniter\Router\AutoRouter->getRoute('film/All')
 2 SYSTEMPATH\Router\Router.php(206): CodeIgniter\Router\Router->autoRoute('film/All')
 3 SYSTEMPATH\CodeIgniter.php(815): CodeIgniter\Router\Router->handle('film/All')
 4 SYSTEMPATH\CodeIgniter.php(449): CodeIgniter\CodeIgniter->tryToRouteIt(Object(CodeIgniter\Router\RouteCollection))
 5 SYSTEMPATH\CodeIgniter.php(368): CodeIgniter\CodeIgniter->handleRequest(null, Object(Config\Cache), false)
 6 FCPATH\index.php(67): CodeIgniter\CodeIgniter->run()
 7 SYSTEMPATH\Commands\Server\rewrite.php(47): require_once('C:\\xampp\\htdocs\\MI4CApp\\public\\index.php')
CRITICAL - 2023-06-07 04:18:30 --> Undefined variable $tis
in APPPATH\Models\FilmModel.php on line 53.
 1 APPPATH\Models\FilmModel.php(53): CodeIgniter\Debug\Exceptions->errorHandler(2, 'Undefined variable $tis', 'C:\\xampp\\htdocs\\MI4CApp\\app\\Models\\FilmModel.php', 53)
 2 APPPATH\Controllers\Film.php(34): App\Models\FilmModel->getDataByID(1)
 3 SYSTEMPATH\CodeIgniter.php(934): App\Controllers\Film->film_by_id()
 4 SYSTEMPATH\CodeIgniter.php(499): CodeIgniter\CodeIgniter->runController(Object(App\Controllers\Film))
 5 SYSTEMPATH\CodeIgniter.php(368): CodeIgniter\CodeIgniter->handleRequest(null, Object(Config\Cache), false)
 6 FCPATH\index.php(67): CodeIgniter\CodeIgniter->run()
 7 SYSTEMPATH\Commands\Server\rewrite.php(47): require_once('C:\\xampp\\htdocs\\MI4CApp\\public\\index.php')
CRITICAL - 2023-06-07 04:19:57 --> Undefined constant "App\Controllers\horor"
in APPPATH\Controllers\Film.php on line 38.
 1 SYSTEMPATH\CodeIgniter.php(934): App\Controllers\Film->film_by_genre()
 2 SYSTEMPATH\CodeIgniter.php(499): CodeIgniter\CodeIgniter->runController(Object(App\Controllers\Film))
 3 SYSTEMPATH\CodeIgniter.php(368): CodeIgniter\CodeIgniter->handleRequest(null, Object(Config\Cache), false)
 4 FCPATH\index.php(67): CodeIgniter\CodeIgniter->run()
 5 SYSTEMPATH\Commands\Server\rewrite.php(47): require_once('C:\\xampp\\htdocs\\MI4CApp\\public\\index.php')
CRITICAL - 2023-06-07 08:02:33 --> Call to undefined method App\Models\FilmModel::getAllData
in SYSTEMPATH\Model.php on line 842.
 1 APPPATH\Controllers\Film.php(29): CodeIgniter\Model->__call('getAllData', [])
 2 SYSTEMPATH\CodeIgniter.php(934): App\Controllers\Film->all()
 3 SYSTEMPATH\CodeIgniter.php(499): CodeIgniter\CodeIgniter->runController(Object(App\Controllers\Film))
 4 SYSTEMPATH\CodeIgniter.php(368): CodeIgniter\CodeIgniter->handleRequest(null, Object(Config\Cache), false)
 5 FCPATH\index.php(67): CodeIgniter\CodeIgniter->run()
 6 SYSTEMPATH\Commands\Server\rewrite.php(47): require_once('C:\\xampp\\htdocs\\MI4CApp\\public\\index.php')
CRITICAL - 2023-06-07 08:10:17 --> Invalid file: "semuafilm.php"
in SYSTEMPATH\Exceptions\FrameworkException.php on line 33.
 1 SYSTEMPATH\View\View.php(201): CodeIgniter\Exceptions\FrameworkException::forInvalidFile('semuafilm.php')
 2 SYSTEMPATH\Common.php(1184): CodeIgniter\View\View->render('semuafilm', [], true)
 3 APPPATH\Controllers\Film.php(29): view('semuafilm', [...])
 4 SYSTEMPATH\CodeIgniter.php(934): App\Controllers\Film->all()
 5 SYSTEMPATH\CodeIgniter.php(499): CodeIgniter\CodeIgniter->runController(Object(App\Controllers\Film))
 6 SYSTEMPATH\CodeIgniter.php(368): CodeIgniter\CodeIgniter->handleRequest(null, Object(Config\Cache), false)
 7 FCPATH\index.php(67): CodeIgniter\CodeIgniter->run()
 8 SYSTEMPATH\Commands\Server\rewrite.php(47): require_once('C:\\xampp\\htdocs\\MI4CApp\\public\\index.php')
CRITICAL - 2023-06-07 08:10:45 --> Invalid file: "semuafilm.php"
in SYSTEMPATH\Exceptions\FrameworkException.php on line 33.
 1 SYSTEMPATH\View\View.php(201): CodeIgniter\Exceptions\FrameworkException::forInvalidFile('semuafilm.php')
 2 SYSTEMPATH\Common.php(1184): CodeIgniter\View\View->render('semuafilm', [], true)
 3 APPPATH\Controllers\Film.php(29): view('semuafilm', [...])
 4 SYSTEMPATH\CodeIgniter.php(934): App\Controllers\Film->all()
 5 SYSTEMPATH\CodeIgniter.php(499): CodeIgniter\CodeIgniter->runController(Object(App\Controllers\Film))
 6 SYSTEMPATH\CodeIgniter.php(368): CodeIgniter\CodeIgniter->handleRequest(null, Object(Config\Cache), false)
 7 FCPATH\index.php(67): CodeIgniter\CodeIgniter->run()
 8 SYSTEMPATH\Commands\Server\rewrite.php(47): require_once('C:\\xampp\\htdocs\\MI4CApp\\public\\index.php')
CRITICAL - 2023-06-07 08:11:04 --> Invalid file: "semuafilm.php"
in SYSTEMPATH\Exceptions\FrameworkException.php on line 33.
 1 SYSTEMPATH\View\View.php(201): CodeIgniter\Exceptions\FrameworkException::forInvalidFile('semuafilm.php')
 2 SYSTEMPATH\Common.php(1184): CodeIgniter\View\View->render('semuafilm', [], true)
 3 APPPATH\Controllers\Film.php(29): view('semuafilm', [...])
 4 SYSTEMPATH\CodeIgniter.php(934): App\Controllers\Film->all()
 5 SYSTEMPATH\CodeIgniter.php(499): CodeIgniter\CodeIgniter->runController(Object(App\Controllers\Film))
 6 SYSTEMPATH\CodeIgniter.php(368): CodeIgniter\CodeIgniter->handleRequest(null, Object(Config\Cache), false)
 7 FCPATH\index.php(67): CodeIgniter\CodeIgniter->run()
 8 SYSTEMPATH\Commands\Server\rewrite.php(47): require_once('C:\\xampp\\htdocs\\MI4CApp\\public\\index.php')
CRITICAL - 2023-06-07 08:11:45 --> Invalid file: "semuafilm.php"
in SYSTEMPATH\Exceptions\FrameworkException.php on line 33.
 1 SYSTEMPATH\View\View.php(201): CodeIgniter\Exceptions\FrameworkException::forInvalidFile('semuafilm.php')
 2 SYSTEMPATH\Common.php(1184): CodeIgniter\View\View->render('semuafilm', [], true)
 3 APPPATH\Controllers\Film.php(29): view('semuafilm', [...])
 4 SYSTEMPATH\CodeIgniter.php(934): App\Controllers\Film->all()
 5 SYSTEMPATH\CodeIgniter.php(499): CodeIgniter\CodeIgniter->runController(Object(App\Controllers\Film))
 6 SYSTEMPATH\CodeIgniter.php(368): CodeIgniter\CodeIgniter->handleRequest(null, Object(Config\Cache), false)
 7 FCPATH\index.php(67): CodeIgniter\CodeIgniter->run()
 8 SYSTEMPATH\Commands\Server\rewrite.php(47): require_once('C:\\xampp\\htdocs\\MI4CApp\\public\\index.php')
CRITICAL - 2023-06-07 08:19:51 --> Invalid file: "semuafilm.php"
in SYSTEMPATH\Exceptions\FrameworkException.php on line 33.
 1 SYSTEMPATH\View\View.php(201): CodeIgniter\Exceptions\FrameworkException::forInvalidFile('semuafilm.php')
 2 SYSTEMPATH\Common.php(1184): CodeIgniter\View\View->render('semuafilm', [], true)
 3 APPPATH\Controllers\Film.php(29): view('semuafilm', [...])
 4 SYSTEMPATH\CodeIgniter.php(934): App\Controllers\Film->all()
 5 SYSTEMPATH\CodeIgniter.php(499): CodeIgniter\CodeIgniter->runController(Object(App\Controllers\Film))
 6 SYSTEMPATH\CodeIgniter.php(368): CodeIgniter\CodeIgniter->handleRequest(null, Object(Config\Cache), false)
 7 FCPATH\index.php(67): CodeIgniter\CodeIgniter->run()
 8 SYSTEMPATH\Commands\Server\rewrite.php(47): require_once('C:\\xampp\\htdocs\\MI4CApp\\public\\index.php')
CRITICAL - 2023-06-07 08:22:01 --> Invalid file: "semuafilm.php"
in SYSTEMPATH\Exceptions\FrameworkException.php on line 33.
 1 SYSTEMPATH\View\View.php(201): CodeIgniter\Exceptions\FrameworkException::forInvalidFile('semuafilm.php')
 2 SYSTEMPATH\Common.php(1184): CodeIgniter\View\View->render('semuafilm', [], true)
 3 APPPATH\Controllers\Film.php(29): view('semuafilm', [...])
 4 SYSTEMPATH\CodeIgniter.php(934): App\Controllers\Film->all()
 5 SYSTEMPATH\CodeIgniter.php(499): CodeIgniter\CodeIgniter->runController(Object(App\Controllers\Film))
 6 SYSTEMPATH\CodeIgniter.php(368): CodeIgniter\CodeIgniter->handleRequest(null, Object(Config\Cache), false)
 7 FCPATH\index.php(67): CodeIgniter\CodeIgniter->run()
 8 SYSTEMPATH\Commands\Server\rewrite.php(47): require_once('C:\\xampp\\htdocs\\MI4CApp\\public\\index.php')
CRITICAL - 2023-06-07 08:22:05 --> Invalid file: "semuafilm.php"
in SYSTEMPATH\Exceptions\FrameworkException.php on line 33.
 1 SYSTEMPATH\View\View.php(201): CodeIgniter\Exceptions\FrameworkException::forInvalidFile('semuafilm.php')
 2 SYSTEMPATH\Common.php(1184): CodeIgniter\View\View->render('semuafilm', [], true)
 3 APPPATH\Controllers\Film.php(29): view('semuafilm', [...])
 4 SYSTEMPATH\CodeIgniter.php(934): App\Controllers\Film->all()
 5 SYSTEMPATH\CodeIgniter.php(499): CodeIgniter\CodeIgniter->runController(Object(App\Controllers\Film))
 6 SYSTEMPATH\CodeIgniter.php(368): CodeIgniter\CodeIgniter->handleRequest(null, Object(Config\Cache), false)
 7 FCPATH\index.php(67): CodeIgniter\CodeIgniter->run()
 8 SYSTEMPATH\Commands\Server\rewrite.php(47): require_once('C:\\xampp\\htdocs\\MI4CApp\\public\\index.php')
CRITICAL - 2023-06-07 08:23:23 --> Invalid file: "semuafilm.php"
in SYSTEMPATH\Exceptions\FrameworkException.php on line 33.
 1 SYSTEMPATH\View\View.php(201): CodeIgniter\Exceptions\FrameworkException::forInvalidFile('semuafilm.php')
 2 SYSTEMPATH\Common.php(1184): CodeIgniter\View\View->render('semuafilm', [], true)
 3 APPPATH\Controllers\Film.php(29): view('semuafilm', [...])
 4 SYSTEMPATH\CodeIgniter.php(934): App\Controllers\Film->all()
 5 SYSTEMPATH\CodeIgniter.php(499): CodeIgniter\CodeIgniter->runController(Object(App\Controllers\Film))
 6 SYSTEMPATH\CodeIgniter.php(368): CodeIgniter\CodeIgniter->handleRequest(null, Object(Config\Cache), false)
 7 FCPATH\index.php(67): CodeIgniter\CodeIgniter->run()
 8 SYSTEMPATH\Commands\Server\rewrite.php(47): require_once('C:\\xampp\\htdocs\\MI4CApp\\public\\index.php')
CRITICAL - 2023-06-07 09:05:57 --> Invalid file: "semuafilm.php"
in SYSTEMPATH\Exceptions\FrameworkException.php on line 33.
 1 SYSTEMPATH\View\View.php(201): CodeIgniter\Exceptions\FrameworkException::forInvalidFile('semuafilm.php')
 2 SYSTEMPATH\Common.php(1184): CodeIgniter\View\View->render('semuafilm', [], true)
 3 APPPATH\Controllers\Film.php(29): view('semuafilm', [...])
 4 SYSTEMPATH\CodeIgniter.php(934): App\Controllers\Film->all()
 5 SYSTEMPATH\CodeIgniter.php(499): CodeIgniter\CodeIgniter->runController(Object(App\Controllers\Film))
 6 SYSTEMPATH\CodeIgniter.php(368): CodeIgniter\CodeIgniter->handleRequest(null, Object(Config\Cache), false)
 7 FCPATH\index.php(67): CodeIgniter\CodeIgniter->run()
 8 SYSTEMPATH\Commands\Server\rewrite.php(47): require_once('C:\\xampp\\htdocs\\MI4CApp\\public\\index.php')
CRITICAL - 2023-06-07 09:06:29 --> Invalid file: "semuafilm.php"
in SYSTEMPATH\Exceptions\FrameworkException.php on line 33.
 1 SYSTEMPATH\View\View.php(201): CodeIgniter\Exceptions\FrameworkException::forInvalidFile('semuafilm.php')
 2 SYSTEMPATH\Common.php(1184): CodeIgniter\View\View->render('semuafilm', [], true)
 3 APPPATH\Controllers\Film.php(29): view('semuafilm', [...])
 4 SYSTEMPATH\CodeIgniter.php(934): App\Controllers\Film->all()
 5 SYSTEMPATH\CodeIgniter.php(499): CodeIgniter\CodeIgniter->runController(Object(App\Controllers\Film))
 6 SYSTEMPATH\CodeIgniter.php(368): CodeIgniter\CodeIgniter->handleRequest(null, Object(Config\Cache), false)
 7 FCPATH\index.php(67): CodeIgniter\CodeIgniter->run()
 8 SYSTEMPATH\Commands\Server\rewrite.php(47): require_once('C:\\xampp\\htdocs\\MI4CApp\\public\\index.php')
CRITICAL - 2023-06-07 09:06:33 --> Invalid file: "semuafilm.php"
in SYSTEMPATH\Exceptions\FrameworkException.php on line 33.
 1 SYSTEMPATH\View\View.php(201): CodeIgniter\Exceptions\FrameworkException::forInvalidFile('semuafilm.php')
 2 SYSTEMPATH\Common.php(1184): CodeIgniter\View\View->render('semuafilm', [], true)
 3 APPPATH\Controllers\Film.php(29): view('semuafilm', [...])
 4 SYSTEMPATH\CodeIgniter.php(934): App\Controllers\Film->all()
 5 SYSTEMPATH\CodeIgniter.php(499): CodeIgniter\CodeIgniter->runController(Object(App\Controllers\Film))
 6 SYSTEMPATH\CodeIgniter.php(368): CodeIgniter\CodeIgniter->handleRequest(null, Object(Config\Cache), false)
 7 FCPATH\index.php(67): CodeIgniter\CodeIgniter->run()
 8 SYSTEMPATH\Commands\Server\rewrite.php(47): require_once('C:\\xampp\\htdocs\\MI4CApp\\public\\index.php')
CRITICAL - 2023-06-07 09:08:14 --> Invalid file: "semuafilm.php"
in SYSTEMPATH\Exceptions\FrameworkException.php on line 33.
 1 SYSTEMPATH\View\View.php(201): CodeIgniter\Exceptions\FrameworkException::forInvalidFile('semuafilm.php')
 2 SYSTEMPATH\Common.php(1184): CodeIgniter\View\View->render('semuafilm', [], true)
 3 APPPATH\Controllers\Film.php(29): view('semuafilm', [...])
 4 SYSTEMPATH\CodeIgniter.php(934): App\Controllers\Film->all()
 5 SYSTEMPATH\CodeIgniter.php(499): CodeIgniter\CodeIgniter->runController(Object(App\Controllers\Film))
 6 SYSTEMPATH\CodeIgniter.php(368): CodeIgniter\CodeIgniter->handleRequest(null, Object(Config\Cache), false)
 7 FCPATH\index.php(67): CodeIgniter\CodeIgniter->run()
 8 SYSTEMPATH\Commands\Server\rewrite.php(47): require_once('C:\\xampp\\htdocs\\MI4CApp\\public\\index.php')
CRITICAL - 2023-06-07 09:19:10 --> Undefined variable $Semuafilm
in APPPATH\Views\film\Semuafilm.php on line 19.
 1 APPPATH\Views\film\Semuafilm.php(19): CodeIgniter\Debug\Exceptions->errorHandler(2, 'Undefined variable $Semuafilm', 'C:\\xampp\\htdocs\\MI4CApp\\app\\Views\\film\\Semuafilm.php', 19)
 2 SYSTEMPATH\View\View.php(213): include('C:\\xampp\\htdocs\\MI4CApp\\app\\Views\\film\\Semuafilm.php')
 3 SYSTEMPATH\View\View.php(216): CodeIgniter\View\View->CodeIgniter\View\{closure}()
 4 SYSTEMPATH\Common.php(1184): CodeIgniter\View\View->render('film/semuafilm', [], true)
 5 APPPATH\Controllers\Film.php(31): view('film/semuafilm', [...])
 6 SYSTEMPATH\CodeIgniter.php(934): App\Controllers\Film->All()
 7 SYSTEMPATH\CodeIgniter.php(499): CodeIgniter\CodeIgniter->runController(Object(App\Controllers\Film))
 8 SYSTEMPATH\CodeIgniter.php(368): CodeIgniter\CodeIgniter->handleRequest(null, Object(Config\Cache), false)
 9 FCPATH\index.php(67): CodeIgniter\CodeIgniter->run()
10 SYSTEMPATH\Commands\Server\rewrite.php(47): require_once('C:\\xampp\\htdocs\\MI4CApp\\public\\index.php')
CRITICAL - 2023-06-07 09:19:40 --> Undefined variable $Semuafilm
in APPPATH\Views\film\Semuafilm.php on line 19.
 1 APPPATH\Views\film\Semuafilm.php(19): CodeIgniter\Debug\Exceptions->errorHandler(2, 'Undefined variable $Semuafilm', 'C:\\xampp\\htdocs\\MI4CApp\\app\\Views\\film\\Semuafilm.php', 19)
 2 SYSTEMPATH\View\View.php(213): include('C:\\xampp\\htdocs\\MI4CApp\\app\\Views\\film\\Semuafilm.php')
 3 SYSTEMPATH\View\View.php(216): CodeIgniter\View\View->CodeIgniter\View\{closure}()
 4 SYSTEMPATH\Common.php(1184): CodeIgniter\View\View->render('film/semuafilm', [], true)
 5 APPPATH\Controllers\Film.php(31): view('film/semuafilm', [...])
 6 SYSTEMPATH\CodeIgniter.php(934): App\Controllers\Film->All()
 7 SYSTEMPATH\CodeIgniter.php(499): CodeIgniter\CodeIgniter->runController(Object(App\Controllers\Film))
 8 SYSTEMPATH\CodeIgniter.php(368): CodeIgniter\CodeIgniter->handleRequest(null, Object(Config\Cache), false)
 9 FCPATH\index.php(67): CodeIgniter\CodeIgniter->run()
10 SYSTEMPATH\Commands\Server\rewrite.php(47): require_once('C:\\xampp\\htdocs\\MI4CApp\\public\\index.php')
CRITICAL - 2023-06-07 09:22:35 --> Undefined variable $Semuafilm
in APPPATH\Views\film\Semuafilm.php on line 19.
 1 APPPATH\Views\film\Semuafilm.php(19): CodeIgniter\Debug\Exceptions->errorHandler(2, 'Undefined variable $Semuafilm', 'C:\\xampp\\htdocs\\MI4CApp\\app\\Views\\film\\Semuafilm.php', 19)
 2 SYSTEMPATH\View\View.php(213): include('C:\\xampp\\htdocs\\MI4CApp\\app\\Views\\film\\Semuafilm.php')
 3 SYSTEMPATH\View\View.php(216): CodeIgniter\View\View->CodeIgniter\View\{closure}()
 4 SYSTEMPATH\Common.php(1184): CodeIgniter\View\View->render('film/semuafilm', [], true)
 5 APPPATH\Controllers\Film.php(31): view('film/semuafilm', [...])
 6 SYSTEMPATH\CodeIgniter.php(934): App\Controllers\Film->All()
 7 SYSTEMPATH\CodeIgniter.php(499): CodeIgniter\CodeIgniter->runController(Object(App\Controllers\Film))
 8 SYSTEMPATH\CodeIgniter.php(368): CodeIgniter\CodeIgniter->handleRequest(null, Object(Config\Cache), false)
 9 FCPATH\index.php(67): CodeIgniter\CodeIgniter->run()
10 SYSTEMPATH\Commands\Server\rewrite.php(47): require_once('C:\\xampp\\htdocs\\MI4CApp\\public\\index.php')
CRITICAL - 2023-06-07 09:23:34 --> syntax error, unexpected end of file
in APPPATH\Views\film\Semuafilm.php on line 33.
 1 SYSTEMPATH\View\View.php(216): CodeIgniter\View\View->CodeIgniter\View\{closure}()
 2 SYSTEMPATH\Common.php(1184): CodeIgniter\View\View->render('film/semuafilm', [], true)
 3 APPPATH\Controllers\Film.php(31): view('film/semuafilm', [...])
 4 SYSTEMPATH\CodeIgniter.php(934): App\Controllers\Film->All()
 5 SYSTEMPATH\CodeIgniter.php(499): CodeIgniter\CodeIgniter->runController(Object(App\Controllers\Film))
 6 SYSTEMPATH\CodeIgniter.php(368): CodeIgniter\CodeIgniter->handleRequest(null, Object(Config\Cache), false)
 7 FCPATH\index.php(67): CodeIgniter\CodeIgniter->run()
 8 SYSTEMPATH\Commands\Server\rewrite.php(47): require_once('C:\\xampp\\htdocs\\MI4CApp\\public\\index.php')
CRITICAL - 2023-06-07 09:45:18 --> syntax error, unexpected end of file
in APPPATH\Views\film\Semuafilm.php on line 33.
 1 SYSTEMPATH\View\View.php(216): CodeIgniter\View\View->CodeIgniter\View\{closure}()
 2 SYSTEMPATH\Common.php(1184): CodeIgniter\View\View->render('film/semuafilm', [], true)
 3 APPPATH\Controllers\Film.php(31): view('film/semuafilm', [...])
 4 SYSTEMPATH\CodeIgniter.php(934): App\Controllers\Film->All()
 5 SYSTEMPATH\CodeIgniter.php(499): CodeIgniter\CodeIgniter->runController(Object(App\Controllers\Film))
 6 SYSTEMPATH\CodeIgniter.php(368): CodeIgniter\CodeIgniter->handleRequest(null, Object(Config\Cache), false)
 7 FCPATH\index.php(67): CodeIgniter\CodeIgniter->run()
 8 SYSTEMPATH\Commands\Server\rewrite.php(47): require_once('C:\\xampp\\htdocs\\MI4CApp\\public\\index.php')
