CRITICAL - 2023-06-06 11:53:45 --> Invalid file: "film/index.php"
in SYSTEMPATH\Exceptions\FrameworkException.php on line 33.
 1 SYSTEMPATH\View\View.php(201): CodeIgniter\Exceptions\FrameworkException::forInvalidFile('film/index.php')
 2 SYSTEMPATH\Common.php(1184): CodeIgniter\View\View->render('film/index', [], true)
 3 APPPATH\Controllers\Film.php(25): view('film/index', [...])
 4 SYSTEMPATH\CodeIgniter.php(934): App\Controllers\Film->index()
 5 SYSTEMPATH\CodeIgniter.php(499): CodeIgniter\CodeIgniter->runController(Object(App\Controllers\Film))
 6 SYSTEMPATH\CodeIgniter.php(368): CodeIgniter\CodeIgniter->handleRequest(null, Object(Config\Cache), false)
 7 FCPATH\index.php(67): CodeIgniter\CodeIgniter->run()
 8 SYSTEMPATH\Commands\Server\rewrite.php(47): require_once('C:\\xampp\\htdocs\\MI4CApp\\public\\index.php')
CRITICAL - 2023-06-06 12:22:51 --> Invalid file: "pakaian/index.php"
in SYSTEMPATH\Exceptions\FrameworkException.php on line 33.
 1 SYSTEMPATH\View\View.php(201): CodeIgniter\Exceptions\FrameworkException::forInvalidFile('pakaian/index.php')
 2 SYSTEMPATH\Common.php(1184): CodeIgniter\View\View->render('pakaian/index', [], true)
 3 APPPATH\Controllers\Pakaian.php(25): view('pakaian/index', [...])
 4 SYSTEMPATH\CodeIgniter.php(934): App\Controllers\Pakaian->index()
 5 SYSTEMPATH\CodeIgniter.php(499): CodeIgniter\CodeIgniter->runController(Object(App\Controllers\Pakaian))
 6 SYSTEMPATH\CodeIgniter.php(368): CodeIgniter\CodeIgniter->handleRequest(null, Object(Config\Cache), false)
 7 FCPATH\index.php(67): CodeIgniter\CodeIgniter->run()
 8 SYSTEMPATH\Commands\Server\rewrite.php(47): require_once('C:\\xampp\\htdocs\\MI4CApp\\public\\index.php')
CRITICAL - 2023-06-06 12:25:39 --> Invalid file: "pakaian/index.php"
in SYSTEMPATH\Exceptions\FrameworkException.php on line 33.
 1 SYSTEMPATH\View\View.php(201): CodeIgniter\Exceptions\FrameworkException::forInvalidFile('pakaian/index.php')
 2 SYSTEMPATH\Common.php(1184): CodeIgniter\View\View->render('pakaian/index', [], true)
 3 APPPATH\Controllers\Pakaian.php(25): view('pakaian/index', [...])
 4 SYSTEMPATH\CodeIgniter.php(934): App\Controllers\Pakaian->index()
 5 SYSTEMPATH\CodeIgniter.php(499): CodeIgniter\CodeIgniter->runController(Object(App\Controllers\Pakaian))
 6 SYSTEMPATH\CodeIgniter.php(368): CodeIgniter\CodeIgniter->handleRequest(null, Object(Config\Cache), false)
 7 FCPATH\index.php(67): CodeIgniter\CodeIgniter->run()
 8 SYSTEMPATH\Commands\Server\rewrite.php(47): require_once('C:\\xampp\\htdocs\\MI4CApp\\public\\index.php')
CRITICAL - 2023-06-06 12:25:43 --> Invalid file: "pakaian/index.php"
in SYSTEMPATH\Exceptions\FrameworkException.php on line 33.
 1 SYSTEMPATH\View\View.php(201): CodeIgniter\Exceptions\FrameworkException::forInvalidFile('pakaian/index.php')
 2 SYSTEMPATH\Common.php(1184): CodeIgniter\View\View->render('pakaian/index', [], true)
 3 APPPATH\Controllers\Pakaian.php(25): view('pakaian/index', [...])
 4 SYSTEMPATH\CodeIgniter.php(934): App\Controllers\Pakaian->index()
 5 SYSTEMPATH\CodeIgniter.php(499): CodeIgniter\CodeIgniter->runController(Object(App\Controllers\Pakaian))
 6 SYSTEMPATH\CodeIgniter.php(368): CodeIgniter\CodeIgniter->handleRequest(null, Object(Config\Cache), false)
 7 FCPATH\index.php(67): CodeIgniter\CodeIgniter->run()
 8 SYSTEMPATH\Commands\Server\rewrite.php(47): require_once('C:\\xampp\\htdocs\\MI4CApp\\public\\index.php')
